<?xml version="1.0" ?>
<testsuites disabled="0" errors="0" failures="76" tests="247" time="0.0">
	<testsuite disabled="0" errors="0" failures="76" name="terraform scan" skipped="0" tests="247" time="0">
		<properties>
			<property name="directory" value="['/tf']"/>
			<property name="add_check" value="False"/>
			<property name="list" value="False"/>
			<property name="output" value="['junitxml']"/>
			<property name="output_file_path" value="results.xml"/>
			<property name="output_bc_ids" value="False"/>
			<property name="include_all_checkov_policies" value="True"/>
			<property name="quiet" value="False"/>
			<property name="compact" value="False"/>
			<property name="framework" value="['all']"/>
			<property name="skip_framework" value="[]"/>
			<property name="run_all_external_checks" value="False"/>
			<property name="soft_fail" value="False"/>
			<property name="skip_results_upload" value="False"/>
			<property name="repo_id" value="cli_repo/tf"/>
			<property name="branch" value="master"/>
			<property name="skip_download" value="False"/>
			<property name="use_enforcement_rules" value="False"/>
			<property name="external_modules_download_path" value=".external_modules"/>
			<property name="evaluate_variables" value="True"/>
			<property name="no_cert_verify" value="False"/>
			<property name="create_baseline" value="False"/>
			<property name="output_baseline_as_skipped" value="False"/>
			<property name="secrets_scan_file_type" value="[]"/>
			<property name="enable_secret_scan_all_files" value="False"/>
			<property name="block_list_secret_scan" value="[]"/>
			<property name="summary_position" value="top"/>
			<property name="skip_resources_without_violations" value="False"/>
			<property name="deep_analysis" value="False"/>
			<property name="no_fail_on_crash" value="False"/>
			<property name="mask" value="defaultdict(&lt;class 'set'&gt;, {})"/>
			<property name="scan_secrets_history" value="False"/>
			<property name="secrets_history_timeout" value="12h"/>
			<property name="custom_tool_name" value="Checkov"/>
		</properties>
		<testcase name="[NONE][CKV_AWS_41] Ensure no hard coded AWS access key and secret key exists in provider" classname="/00_provider.tf.aws.default" file="/00_provider.tf"/>
		<testcase name="[NONE][CKV_AWS_130] Ensure VPC subnets do not assign public IP by default" classname="/02_vpc.tf.aws_subnet.private_a" file="/02_vpc.tf"/>
		<testcase name="[NONE][CKV_AWS_130] Ensure VPC subnets do not assign public IP by default" classname="/02_vpc.tf.aws_subnet.private_b" file="/02_vpc.tf"/>
		<testcase name="[NONE][CKV_AWS_25] Ensure no security groups allow ingress from 0.0.0.0:0 to port 3389" classname="/02_vpc.tf.aws_security_group.lambda_sg" file="/02_vpc.tf"/>
		<testcase name="[NONE][CKV_AWS_23] Ensure every security group and rule has a description" classname="/02_vpc.tf.aws_security_group.lambda_sg" file="/02_vpc.tf"/>
		<testcase name="[NONE][CKV_AWS_260] Ensure no security groups allow ingress from 0.0.0.0:0 to port 80" classname="/02_vpc.tf.aws_security_group.lambda_sg" file="/02_vpc.tf"/>
		<testcase name="[NONE][CKV_AWS_382] Ensure no security groups allow egress from 0.0.0.0:0 to port -1" classname="/02_vpc.tf.aws_security_group.lambda_sg" file="/02_vpc.tf"/>
		<testcase name="[NONE][CKV_AWS_277] Ensure no security groups allow ingress from 0.0.0.0:0 to port -1" classname="/02_vpc.tf.aws_security_group.lambda_sg" file="/02_vpc.tf"/>
		<testcase name="[NONE][CKV_AWS_24] Ensure no security groups allow ingress from 0.0.0.0:0 to port 22" classname="/02_vpc.tf.aws_security_group.lambda_sg" file="/02_vpc.tf"/>
		<testcase name="[NONE][CKV_AWS_25] Ensure no security groups allow ingress from 0.0.0.0:0 to port 3389" classname="/02_vpc.tf.aws_security_group.rds_sg" file="/02_vpc.tf"/>
		<testcase name="[NONE][CKV_AWS_23] Ensure every security group and rule has a description" classname="/02_vpc.tf.aws_security_group.rds_sg" file="/02_vpc.tf"/>
		<testcase name="[NONE][CKV_AWS_260] Ensure no security groups allow ingress from 0.0.0.0:0 to port 80" classname="/02_vpc.tf.aws_security_group.rds_sg" file="/02_vpc.tf"/>
		<testcase name="[NONE][CKV_AWS_382] Ensure no security groups allow egress from 0.0.0.0:0 to port -1" classname="/02_vpc.tf.aws_security_group.rds_sg" file="/02_vpc.tf"/>
		<testcase name="[NONE][CKV_AWS_277] Ensure no security groups allow ingress from 0.0.0.0:0 to port -1" classname="/02_vpc.tf.aws_security_group.rds_sg" file="/02_vpc.tf"/>
		<testcase name="[NONE][CKV_AWS_24] Ensure no security groups allow ingress from 0.0.0.0:0 to port 22" classname="/02_vpc.tf.aws_security_group.rds_sg" file="/02_vpc.tf"/>
		<testcase name="[NONE][CKV_AWS_93] Ensure S3 bucket policy does not lockout all but root user. (Prevent lockouts needing root account fixes)" classname="/03_frontend.tf.aws_s3_bucket.frontend" file="/03_frontend.tf"/>
		<testcase name="[NONE][CKV_AWS_68] CloudFront Distribution should have WAF enabled" classname="/03_frontend.tf.aws_cloudfront_distribution.frontend" file="/03_frontend.tf"/>
		<testcase name="[NONE][CKV_AWS_305] Ensure CloudFront distribution has a default root object configured" classname="/03_frontend.tf.aws_cloudfront_distribution.frontend" file="/03_frontend.tf"/>
		<testcase name="[NONE][CKV_AWS_174] Verify CloudFront Distribution Viewer Certificate is using TLS v1.2 or higher" classname="/03_frontend.tf.aws_cloudfront_distribution.frontend" file="/03_frontend.tf"/>
		<testcase name="[NONE][CKV_AWS_34] Ensure CloudFront distribution ViewerProtocolPolicy is set to HTTPS" classname="/03_frontend.tf.aws_cloudfront_distribution.frontend" file="/03_frontend.tf"/>
		<testcase name="[NONE][CKV_AWS_216] Ensure CloudFront distribution is enabled" classname="/03_frontend.tf.aws_cloudfront_distribution.frontend" file="/03_frontend.tf"/>
		<testcase name="[NONE][CKV_AWS_233] Ensure Create before destroy for ACM certificates" classname="/03_frontend.tf.aws_acm_certificate.main" file="/03_frontend.tf"/>
		<testcase name="[NONE][CKV_AWS_234] Verify logging preference for ACM certificates" classname="/03_frontend.tf.aws_acm_certificate.main" file="/03_frontend.tf"/>
		<testcase name="[NONE][CKV_AWS_175] Ensure WAF has associated rules" classname="/04_security_waf.tf.aws_wafv2_web_acl.main" file="/04_security_waf.tf"/>
		<testcase name="[NONE][CKV_AWS_342] Ensure WAF rule has any actions" classname="/04_security_waf.tf.aws_wafv2_web_acl.main" file="/04_security_waf.tf"/>
		<testcase name="[NONE][CKV_AWS_73] Ensure API Gateway has X-Ray Tracing enabled" classname="/06_api_gateway.tf.aws_api_gateway_stage.prod" file="/06_api_gateway.tf"/>
		<testcase name="[NONE][CKV_AWS_76] Ensure API Gateway has Access Logging enabled" classname="/06_api_gateway.tf.aws_api_gateway_stage.prod" file="/06_api_gateway.tf"/>
		<testcase name="[NONE][CKV_AWS_276] Ensure Data Trace is not enabled in API Gateway Method Settings" classname="/06_api_gateway.tf.aws_api_gateway_method_settings.prod" file="/06_api_gateway.tf"/>
		<testcase name="[NONE][CKV_AWS_308] Ensure API Gateway method setting caching is set to encrypted" classname="/06_api_gateway.tf.aws_api_gateway_method_settings.prod" file="/06_api_gateway.tf"/>
		<testcase name="[NONE][CKV_AWS_217] Ensure Create before destroy for API deployments" classname="/06_api_gateway.tf.aws_api_gateway_deployment.main" file="/06_api_gateway.tf"/>
		<testcase name="[NONE][CKV_AWS_158] Ensure that CloudWatch Log Group is encrypted by KMS" classname="/06_api_gateway.tf.aws_cloudwatch_log_group.api_gw_logs" file="/06_api_gateway.tf"/>
		<testcase name="[NONE][CKV_AWS_66] Ensure that CloudWatch Log Group specifies retention days" classname="/06_api_gateway.tf.aws_cloudwatch_log_group.api_gw_logs" file="/06_api_gateway.tf"/>
		<testcase name="[NONE][CKV_AWS_117] Ensure that AWS Lambda function is configured inside a VPC" classname="/07_lambdas_sync.tf.aws_lambda_function.sync[&quot;auth&quot;]" file="/07_lambdas_sync.tf"/>
		<testcase name="[NONE][CKV_AWS_363] Ensure Lambda Runtime is not deprecated" classname="/07_lambdas_sync.tf.aws_lambda_function.sync[&quot;auth&quot;]" file="/07_lambdas_sync.tf"/>
		<testcase name="[NONE][CKV_AWS_115] Ensure that AWS Lambda function is configured for function-level concurrent execution limit" classname="/07_lambdas_sync.tf.aws_lambda_function.sync[&quot;auth&quot;]" file="/07_lambdas_sync.tf"/>
		<testcase name="[NONE][CKV_AWS_45] Ensure no hard-coded secrets exist in lambda environment" classname="/07_lambdas_sync.tf.aws_lambda_function.sync[&quot;auth&quot;]" file="/07_lambdas_sync.tf"/>
		<testcase name="[NONE][CKV_AWS_50] X-Ray tracing is enabled for Lambda" classname="/07_lambdas_sync.tf.aws_lambda_function.sync[&quot;auth&quot;]" file="/07_lambdas_sync.tf"/>
		<testcase name="[NONE][CKV_AWS_158] Ensure that CloudWatch Log Group is encrypted by KMS" classname="/07_lambdas_sync.tf.aws_cloudwatch_log_group.sync_lambda_logs[&quot;auth&quot;]" file="/07_lambdas_sync.tf"/>
		<testcase name="[NONE][CKV_AWS_66] Ensure that CloudWatch Log Group specifies retention days" classname="/07_lambdas_sync.tf.aws_cloudwatch_log_group.sync_lambda_logs[&quot;auth&quot;]" file="/07_lambdas_sync.tf"/>
		<testcase name="[NONE][CKV_AWS_117] Ensure that AWS Lambda function is configured inside a VPC" classname="/07_lambdas_sync.tf.aws_lambda_function.sync[&quot;catalogo&quot;]" file="/07_lambdas_sync.tf"/>
		<testcase name="[NONE][CKV_AWS_363] Ensure Lambda Runtime is not deprecated" classname="/07_lambdas_sync.tf.aws_lambda_function.sync[&quot;catalogo&quot;]" file="/07_lambdas_sync.tf"/>
		<testcase name="[NONE][CKV_AWS_115] Ensure that AWS Lambda function is configured for function-level concurrent execution limit" classname="/07_lambdas_sync.tf.aws_lambda_function.sync[&quot;catalogo&quot;]" file="/07_lambdas_sync.tf"/>
		<testcase name="[NONE][CKV_AWS_45] Ensure no hard-coded secrets exist in lambda environment" classname="/07_lambdas_sync.tf.aws_lambda_function.sync[&quot;catalogo&quot;]" file="/07_lambdas_sync.tf"/>
		<testcase name="[NONE][CKV_AWS_50] X-Ray tracing is enabled for Lambda" classname="/07_lambdas_sync.tf.aws_lambda_function.sync[&quot;catalogo&quot;]" file="/07_lambdas_sync.tf"/>
		<testcase name="[NONE][CKV_AWS_117] Ensure that AWS Lambda function is configured inside a VPC" classname="/07_lambdas_sync.tf.aws_lambda_function.sync[&quot;gastos&quot;]" file="/07_lambdas_sync.tf"/>
		<testcase name="[NONE][CKV_AWS_363] Ensure Lambda Runtime is not deprecated" classname="/07_lambdas_sync.tf.aws_lambda_function.sync[&quot;gastos&quot;]" file="/07_lambdas_sync.tf"/>
		<testcase name="[NONE][CKV_AWS_115] Ensure that AWS Lambda function is configured for function-level concurrent execution limit" classname="/07_lambdas_sync.tf.aws_lambda_function.sync[&quot;gastos&quot;]" file="/07_lambdas_sync.tf"/>
		<testcase name="[NONE][CKV_AWS_45] Ensure no hard-coded secrets exist in lambda environment" classname="/07_lambdas_sync.tf.aws_lambda_function.sync[&quot;gastos&quot;]" file="/07_lambdas_sync.tf"/>
		<testcase name="[NONE][CKV_AWS_50] X-Ray tracing is enabled for Lambda" classname="/07_lambdas_sync.tf.aws_lambda_function.sync[&quot;gastos&quot;]" file="/07_lambdas_sync.tf"/>
		<testcase name="[NONE][CKV_AWS_117] Ensure that AWS Lambda function is configured inside a VPC" classname="/07_lambdas_sync.tf.aws_lambda_function.sync[&quot;pedidos&quot;]" file="/07_lambdas_sync.tf"/>
		<testcase name="[NONE][CKV_AWS_363] Ensure Lambda Runtime is not deprecated" classname="/07_lambdas_sync.tf.aws_lambda_function.sync[&quot;pedidos&quot;]" file="/07_lambdas_sync.tf"/>
		<testcase name="[NONE][CKV_AWS_115] Ensure that AWS Lambda function is configured for function-level concurrent execution limit" classname="/07_lambdas_sync.tf.aws_lambda_function.sync[&quot;pedidos&quot;]" file="/07_lambdas_sync.tf"/>
		<testcase name="[NONE][CKV_AWS_45] Ensure no hard-coded secrets exist in lambda environment" classname="/07_lambdas_sync.tf.aws_lambda_function.sync[&quot;pedidos&quot;]" file="/07_lambdas_sync.tf"/>
		<testcase name="[NONE][CKV_AWS_50] X-Ray tracing is enabled for Lambda" classname="/07_lambdas_sync.tf.aws_lambda_function.sync[&quot;pedidos&quot;]" file="/07_lambdas_sync.tf"/>
		<testcase name="[NONE][CKV_AWS_158] Ensure that CloudWatch Log Group is encrypted by KMS" classname="/07_lambdas_sync.tf.aws_cloudwatch_log_group.sync_lambda_logs[&quot;catalogo&quot;]" file="/07_lambdas_sync.tf"/>
		<testcase name="[NONE][CKV_AWS_66] Ensure that CloudWatch Log Group specifies retention days" classname="/07_lambdas_sync.tf.aws_cloudwatch_log_group.sync_lambda_logs[&quot;catalogo&quot;]" file="/07_lambdas_sync.tf"/>
		<testcase name="[NONE][CKV_AWS_158] Ensure that CloudWatch Log Group is encrypted by KMS" classname="/07_lambdas_sync.tf.aws_cloudwatch_log_group.sync_lambda_logs[&quot;gastos&quot;]" file="/07_lambdas_sync.tf"/>
		<testcase name="[NONE][CKV_AWS_66] Ensure that CloudWatch Log Group specifies retention days" classname="/07_lambdas_sync.tf.aws_cloudwatch_log_group.sync_lambda_logs[&quot;gastos&quot;]" file="/07_lambdas_sync.tf"/>
		<testcase name="[NONE][CKV_AWS_158] Ensure that CloudWatch Log Group is encrypted by KMS" classname="/07_lambdas_sync.tf.aws_cloudwatch_log_group.sync_lambda_logs[&quot;pedidos&quot;]" file="/07_lambdas_sync.tf"/>
		<testcase name="[NONE][CKV_AWS_66] Ensure that CloudWatch Log Group specifies retention days" classname="/07_lambdas_sync.tf.aws_cloudwatch_log_group.sync_lambda_logs[&quot;pedidos&quot;]" file="/07_lambdas_sync.tf"/>
		<testcase name="[NONE][CKV_AWS_17] Ensure all data stored in RDS is not publicly accessible" classname="/08_rds.tf.aws_db_instance.postgres" file="/08_rds.tf"/>
		<testcase name="[NONE][CKV_AWS_129] Ensure that respective logs of Amazon Relational Database Service (Amazon RDS) are enabled" classname="/08_rds.tf.aws_db_instance.postgres" file="/08_rds.tf"/>
		<testcase name="[NONE][CKV_AWS_293] Ensure that AWS database instances have deletion protection enabled" classname="/08_rds.tf.aws_db_instance.postgres" file="/08_rds.tf"/>
		<testcase name="[NONE][CKV_AWS_133] Ensure that RDS instances has backup policy" classname="/08_rds.tf.aws_db_instance.postgres" file="/08_rds.tf"/>
		<testcase name="[NONE][CKV_AWS_250] Ensure that RDS PostgreSQL instances use a non vulnerable version with the log_fdw extension (https://aws.amazon.com/security/security-bulletins/AWS-2022-004/)" classname="/08_rds.tf.aws_db_instance.postgres" file="/08_rds.tf"/>
		<testcase name="[NONE][CKV_AWS_388] Ensure AWS Aurora PostgreSQL is not exposed to local file read vulnerability" classname="/08_rds.tf.aws_db_instance.postgres" file="/08_rds.tf"/>
		<testcase name="[NONE][CKV_AWS_211] Ensure RDS uses a modern CaCert" classname="/08_rds.tf.aws_db_instance.postgres" file="/08_rds.tf"/>
		<testcase name="[NONE][CKV_AWS_157] Ensure that RDS instances have Multi-AZ enabled" classname="/08_rds.tf.aws_db_instance.postgres" file="/08_rds.tf"/>
		<testcase name="[NONE][CKV_AWS_354] Ensure RDS Performance Insights are encrypted using KMS CMKs" classname="/08_rds.tf.aws_db_instance.postgres" file="/08_rds.tf"/>
		<testcase name="[NONE][CKV_AWS_16] Ensure all data stored in the RDS is securely encrypted at rest" classname="/08_rds.tf.aws_db_instance.postgres" file="/08_rds.tf"/>
		<testcase name="[NONE][CKV_AWS_274] Disallow IAM roles, users, and groups from using the AWS AdministratorAccess policy" classname="/08_rds.tf.aws_iam_role.rds_proxy_role" file="/08_rds.tf"/>
		<testcase name="[NONE][CKV_AWS_393] Ensure AWS GitHub Actions OIDC authorization policies only allow safe claims and claim order on IAM role" classname="/08_rds.tf.aws_iam_role.rds_proxy_role" file="/08_rds.tf"/>
		<testcase name="[NONE][CKV_AWS_60] Ensure IAM role allows only specific services or principals to assume it" classname="/08_rds.tf.aws_iam_role.rds_proxy_role" file="/08_rds.tf"/>
		<testcase name="[NONE][CKV_AWS_61] Ensure AWS IAM policy does not allow assume role permission across all services" classname="/08_rds.tf.aws_iam_role.rds_proxy_role" file="/08_rds.tf"/>
		<testcase name="[NONE][CKV_AWS_27] Ensure all data stored in the SQS queue is encrypted" classname="/09_async_orders.tf.aws_sqs_queue.orders_dlq" file="/09_async_orders.tf"/>
		<testcase name="[NONE][CKV_AWS_168] Ensure SQS queue policy is not public by only allowing specific services or principals to access it" classname="/09_async_orders.tf.aws_sqs_queue.orders_dlq" file="/09_async_orders.tf"/>
		<testcase name="[NONE][CKV_AWS_27] Ensure all data stored in the SQS queue is encrypted" classname="/09_async_orders.tf.aws_sqs_queue.orders" file="/09_async_orders.tf"/>
		<testcase name="[NONE][CKV_AWS_168] Ensure SQS queue policy is not public by only allowing specific services or principals to access it" classname="/09_async_orders.tf.aws_sqs_queue.orders" file="/09_async_orders.tf"/>
		<testcase name="[NONE][CKV_AWS_27] Ensure all data stored in the SQS queue is encrypted" classname="/09_async_orders.tf.aws_sqs_queue.throttling_contingency" file="/09_async_orders.tf"/>
		<testcase name="[NONE][CKV_AWS_168] Ensure SQS queue policy is not public by only allowing specific services or principals to access it" classname="/09_async_orders.tf.aws_sqs_queue.throttling_contingency" file="/09_async_orders.tf"/>
		<testcase name="[NONE][CKV_AWS_117] Ensure that AWS Lambda function is configured inside a VPC" classname="/09_async_orders.tf.aws_lambda_function.async[&quot;purchase_confirmation&quot;]" file="/09_async_orders.tf"/>
		<testcase name="[NONE][CKV_AWS_363] Ensure Lambda Runtime is not deprecated" classname="/09_async_orders.tf.aws_lambda_function.async[&quot;purchase_confirmation&quot;]" file="/09_async_orders.tf"/>
		<testcase name="[NONE][CKV_AWS_45] Ensure no hard-coded secrets exist in lambda environment" classname="/09_async_orders.tf.aws_lambda_function.async[&quot;purchase_confirmation&quot;]" file="/09_async_orders.tf"/>
		<testcase name="[NONE][CKV_AWS_50] X-Ray tracing is enabled for Lambda" classname="/09_async_orders.tf.aws_lambda_function.async[&quot;purchase_confirmation&quot;]" file="/09_async_orders.tf"/>
		<testcase name="[NONE][CKV_AWS_285] Ensure State Machine has execution history logging enabled" classname="/09_async_orders.tf.aws_sfn_state_machine.orders_orchestrator" file="/09_async_orders.tf"/>
		<testcase name="[NONE][CKV_AWS_158] Ensure that CloudWatch Log Group is encrypted by KMS" classname="/09_async_orders.tf.aws_cloudwatch_log_group.sfn_logs" file="/09_async_orders.tf"/>
		<testcase name="[NONE][CKV_AWS_66] Ensure that CloudWatch Log Group specifies retention days" classname="/09_async_orders.tf.aws_cloudwatch_log_group.sfn_logs" file="/09_async_orders.tf"/>
		<testcase name="[NONE][CKV_AWS_274] Disallow IAM roles, users, and groups from using the AWS AdministratorAccess policy" classname="/09_async_orders.tf.aws_iam_role.step_functions_role" file="/09_async_orders.tf"/>
		<testcase name="[NONE][CKV_AWS_393] Ensure AWS GitHub Actions OIDC authorization policies only allow safe claims and claim order on IAM role" classname="/09_async_orders.tf.aws_iam_role.step_functions_role" file="/09_async_orders.tf"/>
		<testcase name="[NONE][CKV_AWS_60] Ensure IAM role allows only specific services or principals to assume it" classname="/09_async_orders.tf.aws_iam_role.step_functions_role" file="/09_async_orders.tf"/>
		<testcase name="[NONE][CKV_AWS_61] Ensure AWS IAM policy does not allow assume role permission across all services" classname="/09_async_orders.tf.aws_iam_role.step_functions_role" file="/09_async_orders.tf"/>
		<testcase name="[NONE][CKV_AWS_117] Ensure that AWS Lambda function is configured inside a VPC" classname="/09_async_orders.tf.aws_lambda_function.async[&quot;send_order_email&quot;]" file="/09_async_orders.tf"/>
		<testcase name="[NONE][CKV_AWS_363] Ensure Lambda Runtime is not deprecated" classname="/09_async_orders.tf.aws_lambda_function.async[&quot;send_order_email&quot;]" file="/09_async_orders.tf"/>
		<testcase name="[NONE][CKV_AWS_45] Ensure no hard-coded secrets exist in lambda environment" classname="/09_async_orders.tf.aws_lambda_function.async[&quot;send_order_email&quot;]" file="/09_async_orders.tf"/>
		<testcase name="[NONE][CKV_AWS_50] X-Ray tracing is enabled for Lambda" classname="/09_async_orders.tf.aws_lambda_function.async[&quot;send_order_email&quot;]" file="/09_async_orders.tf"/>
		<testcase name="[NONE][CKV_AWS_117] Ensure that AWS Lambda function is configured inside a VPC" classname="/09_async_orders.tf.aws_lambda_function.async[&quot;stock_check&quot;]" file="/09_async_orders.tf"/>
		<testcase name="[NONE][CKV_AWS_363] Ensure Lambda Runtime is not deprecated" classname="/09_async_orders.tf.aws_lambda_function.async[&quot;stock_check&quot;]" file="/09_async_orders.tf"/>
		<testcase name="[NONE][CKV_AWS_45] Ensure no hard-coded secrets exist in lambda environment" classname="/09_async_orders.tf.aws_lambda_function.async[&quot;stock_check&quot;]" file="/09_async_orders.tf"/>
		<testcase name="[NONE][CKV_AWS_50] X-Ray tracing is enabled for Lambda" classname="/09_async_orders.tf.aws_lambda_function.async[&quot;stock_check&quot;]" file="/09_async_orders.tf"/>
		<testcase name="[NONE][CKV_AWS_26] Ensure all data stored in the SNS topic is encrypted" classname="/10_monitoring.tf.aws_sns_topic.alerts" file="/10_monitoring.tf"/>
		<testcase name="[NONE][CKV_AWS_319] Ensure that CloudWatch alarm actions are enabled" classname="/10_monitoring.tf.aws_cloudwatch_metric_alarm.api_5xx_errors" file="/10_monitoring.tf"/>
		<testcase name="[NONE][CKV_AWS_319] Ensure that CloudWatch alarm actions are enabled" classname="/10_monitoring.tf.aws_cloudwatch_metric_alarm.api_latency" file="/10_monitoring.tf"/>
		<testcase name="[NONE][CKV_AWS_319] Ensure that CloudWatch alarm actions are enabled" classname="/10_monitoring.tf.aws_cloudwatch_metric_alarm.dlq_messages" file="/10_monitoring.tf"/>
		<testcase name="[NONE][CKV_AWS_93] Ensure S3 bucket policy does not lockout all but root user. (Prevent lockouts needing root account fixes)" classname="/10_monitoring.tf.aws_s3_bucket.canary_artifacts" file="/10_monitoring.tf"/>
		<testcase name="[NONE][CKV_AWS_274] Disallow IAM roles, users, and groups from using the AWS AdministratorAccess policy" classname="/10_monitoring.tf.aws_iam_role.canary_role" file="/10_monitoring.tf"/>
		<testcase name="[NONE][CKV_AWS_393] Ensure AWS GitHub Actions OIDC authorization policies only allow safe claims and claim order on IAM role" classname="/10_monitoring.tf.aws_iam_role.canary_role" file="/10_monitoring.tf"/>
		<testcase name="[NONE][CKV_AWS_60] Ensure IAM role allows only specific services or principals to assume it" classname="/10_monitoring.tf.aws_iam_role.canary_role" file="/10_monitoring.tf"/>
		<testcase name="[NONE][CKV_AWS_61] Ensure AWS IAM policy does not allow assume role permission across all services" classname="/10_monitoring.tf.aws_iam_role.canary_role" file="/10_monitoring.tf"/>
		<testcase name="[NONE][CKV_AWS_7] Ensure rotation for customer created CMKs is enabled" classname="/11_security_secrets.tf.aws_kms_key.main" file="/11_security_secrets.tf"/>
		<testcase name="[NONE][CKV_AWS_33] Ensure KMS key policy does not contain wildcard (*) principal" classname="/11_security_secrets.tf.aws_kms_key.main" file="/11_security_secrets.tf"/>
		<testcase name="[NONE][CKV_AWS_227] Ensure KMS key is enabled" classname="/11_security_secrets.tf.aws_kms_key.main" file="/11_security_secrets.tf"/>
		<testcase name="[NONE][CKV_AWS_149] Ensure that Secrets Manager secret is encrypted using KMS CMK" classname="/11_security_secrets.tf.aws_secretsmanager_secret.db_credentials" file="/11_security_secrets.tf"/>
		<testcase name="[NONE][CKV_AWS_304] Ensure Secrets Manager secrets should be rotated within 90 days" classname="/11_security_secrets.tf.aws_secretsmanager_secret_rotation.db_credentials" file="/11_security_secrets.tf"/>
		<testcase name="[NONE][CKV_AWS_363] Ensure Lambda Runtime is not deprecated" classname="/11_security_secrets.tf.aws_lambda_function.secret_rotation" file="/11_security_secrets.tf"/>
		<testcase name="[NONE][CKV_AWS_45] Ensure no hard-coded secrets exist in lambda environment" classname="/11_security_secrets.tf.aws_lambda_function.secret_rotation" file="/11_security_secrets.tf"/>
		<testcase name="[NONE][CKV_AWS_36] Ensure CloudTrail log file validation is enabled" classname="/11_security_secrets.tf.aws_cloudtrail.main" file="/11_security_secrets.tf"/>
		<testcase name="[NONE][CKV_AWS_251] Ensure CloudTrail logging is enabled" classname="/11_security_secrets.tf.aws_cloudtrail.main" file="/11_security_secrets.tf"/>
		<testcase name="[NONE][CKV_AWS_35] Ensure CloudTrail logs are encrypted at rest using KMS CMKs" classname="/11_security_secrets.tf.aws_cloudtrail.main" file="/11_security_secrets.tf"/>
		<testcase name="[NONE][CKV_AWS_67] Ensure CloudTrail is enabled in all Regions" classname="/11_security_secrets.tf.aws_cloudtrail.main" file="/11_security_secrets.tf"/>
		<testcase name="[NONE][CKV_AWS_93] Ensure S3 bucket policy does not lockout all but root user. (Prevent lockouts needing root account fixes)" classname="/11_security_secrets.tf.aws_s3_bucket.cloudtrail_logs" file="/11_security_secrets.tf"/>
		<testcase name="[NONE][CKV_AWS_70] Ensure S3 bucket does not allow an action with any Principal" classname="/11_security_secrets.tf.aws_s3_bucket_policy.cloudtrail_logs" file="/11_security_secrets.tf"/>
		<testcase name="[NONE][CKV_AWS_93] Ensure S3 bucket policy does not lockout all but root user. (Prevent lockouts needing root account fixes)" classname="/11_security_secrets.tf.aws_s3_bucket_policy.cloudtrail_logs" file="/11_security_secrets.tf"/>
		<testcase name="[NONE][CKV_AWS_274] Disallow IAM roles, users, and groups from using the AWS AdministratorAccess policy" classname="/12_iam.tf.aws_iam_role.lambda_exec" file="/12_iam.tf"/>
		<testcase name="[NONE][CKV_AWS_393] Ensure AWS GitHub Actions OIDC authorization policies only allow safe claims and claim order on IAM role" classname="/12_iam.tf.aws_iam_role.lambda_exec" file="/12_iam.tf"/>
		<testcase name="[NONE][CKV_AWS_60] Ensure IAM role allows only specific services or principals to assume it" classname="/12_iam.tf.aws_iam_role.lambda_exec" file="/12_iam.tf"/>
		<testcase name="[NONE][CKV_AWS_61] Ensure AWS IAM policy does not allow assume role permission across all services" classname="/12_iam.tf.aws_iam_role.lambda_exec" file="/12_iam.tf"/>
		<testcase name="[NONE][CKV_AWS_289] Ensure IAM policies does not allow permissions management / resource exposure without constraints" classname="/12_iam.tf.aws_iam_role_policy.lambda_basic" file="/12_iam.tf"/>
		<testcase name="[NONE][CKV_AWS_63] Ensure no IAM policies documents allow &quot;*&quot; as a statement's actions" classname="/12_iam.tf.aws_iam_role_policy.lambda_basic" file="/12_iam.tf"/>
		<testcase name="[NONE][CKV_AWS_287] Ensure IAM policies does not allow credentials exposure" classname="/12_iam.tf.aws_iam_role_policy.lambda_basic" file="/12_iam.tf"/>
		<testcase name="[NONE][CKV_AWS_62] Ensure IAM policies that allow full &quot;*-*&quot; administrative privileges are not created" classname="/12_iam.tf.aws_iam_role_policy.lambda_basic" file="/12_iam.tf"/>
		<testcase name="[NONE][CKV_AWS_288] Ensure IAM policies does not allow data exfiltration" classname="/12_iam.tf.aws_iam_role_policy.lambda_basic" file="/12_iam.tf"/>
		<testcase name="[NONE][CKV_AWS_286] Ensure IAM policies does not allow privilege escalation" classname="/12_iam.tf.aws_iam_role_policy.lambda_basic" file="/12_iam.tf"/>
		<testcase name="[NONE][CKV2_AWS_56] Ensure AWS Managed IAMFullAccess IAM policy is not used." classname="/08_rds.tf.aws_iam_role.rds_proxy_role" file="/08_rds.tf"/>
		<testcase name="[NONE][CKV2_AWS_56] Ensure AWS Managed IAMFullAccess IAM policy is not used." classname="/09_async_orders.tf.aws_iam_role.step_functions_role" file="/09_async_orders.tf"/>
		<testcase name="[NONE][CKV2_AWS_56] Ensure AWS Managed IAMFullAccess IAM policy is not used." classname="/10_monitoring.tf.aws_iam_role.canary_role" file="/10_monitoring.tf"/>
		<testcase name="[NONE][CKV2_AWS_56] Ensure AWS Managed IAMFullAccess IAM policy is not used." classname="/12_iam.tf.aws_iam_role.lambda_exec" file="/12_iam.tf"/>
		<testcase name="[NONE][CKV2_AWS_72] Ensure AWS CloudFront origin protocol policy enforces HTTPS-only" classname="/03_frontend.tf.aws_cloudfront_distribution.frontend" file="/03_frontend.tf"/>
		<testcase name="[NONE][CKV2_AWS_40] Ensure AWS IAM policy does not allow full IAM privileges" classname="/12_iam.tf.aws_iam_role_policy.lambda_basic" file="/12_iam.tf"/>
		<testcase name="[NONE][CKV2_AWS_57] Ensure Secrets Manager secrets should have automatic rotation enabled" classname="/11_security_secrets.tf.aws_secretsmanager_secret.db_credentials" file="/11_security_secrets.tf"/>
		<testcase name="[NONE][CKV_AWS_145] Ensure that S3 buckets are encrypted with KMS by default" classname="/03_frontend.tf.aws_s3_bucket.frontend" file="/03_frontend.tf"/>
		<testcase name="[NONE][CKV_AWS_145] Ensure that S3 buckets are encrypted with KMS by default" classname="/10_monitoring.tf.aws_s3_bucket.canary_artifacts" file="/10_monitoring.tf"/>
		<testcase name="[NONE][CKV_AWS_145] Ensure that S3 buckets are encrypted with KMS by default" classname="/11_security_secrets.tf.aws_s3_bucket.cloudtrail_logs" file="/11_security_secrets.tf"/>
		<testcase name="[NONE][CKV2_AWS_69] Ensure AWS RDS database instance configured with encryption in transit" classname="/08_rds.tf.aws_db_instance.postgres" file="/08_rds.tf"/>
		<testcase name="[NONE][CKV2_AWS_75] Ensure no open CORS policy" classname="/07_lambdas_sync.tf.aws_lambda_function.sync[&quot;auth&quot;]" file="/07_lambdas_sync.tf"/>
		<testcase name="[NONE][CKV2_AWS_75] Ensure no open CORS policy" classname="/09_async_orders.tf.aws_lambda_function.async[&quot;purchase_confirmation&quot;]" file="/09_async_orders.tf"/>
		<testcase name="[NONE][CKV2_AWS_75] Ensure no open CORS policy" classname="/11_security_secrets.tf.aws_lambda_function.secret_rotation" file="/11_security_secrets.tf"/>
		<testcase name="[NONE][CKV2_AWS_75] Ensure no open CORS policy" classname="/07_lambdas_sync.tf.aws_lambda_function.sync[&quot;catalogo&quot;]" file="/07_lambdas_sync.tf"/>
		<testcase name="[NONE][CKV2_AWS_75] Ensure no open CORS policy" classname="/07_lambdas_sync.tf.aws_lambda_function.sync[&quot;gastos&quot;]" file="/07_lambdas_sync.tf"/>
		<testcase name="[NONE][CKV2_AWS_75] Ensure no open CORS policy" classname="/07_lambdas_sync.tf.aws_lambda_function.sync[&quot;pedidos&quot;]" file="/07_lambdas_sync.tf"/>
		<testcase name="[NONE][CKV2_AWS_75] Ensure no open CORS policy" classname="/09_async_orders.tf.aws_lambda_function.async[&quot;send_order_email&quot;]" file="/09_async_orders.tf"/>
		<testcase name="[NONE][CKV2_AWS_75] Ensure no open CORS policy" classname="/09_async_orders.tf.aws_lambda_function.async[&quot;stock_check&quot;]" file="/09_async_orders.tf"/>
		<testcase name="[NONE][CKV2_AWS_54] Ensure AWS CloudFront distribution is using secure SSL protocols for HTTPS communication" classname="/03_frontend.tf.aws_cloudfront_distribution.frontend" file="/03_frontend.tf"/>
		<testcase name="[NONE][CKV2_AWS_71] Ensure AWS ACM Certificate domain name does not include wildcards" classname="/03_frontend.tf.aws_acm_certificate.main" file="/03_frontend.tf"/>
		<testcase name="[NONE][CKV2_AWS_46] Ensure AWS CloudFront Distribution with S3 have Origin Access set to enabled" classname="/03_frontend.tf.aws_cloudfront_distribution.frontend" file="/03_frontend.tf"/>
		<testcase name="[NONE][CKV2_AWS_19] Ensure that all EIP addresses allocated to a VPC are attached to EC2 instances" classname="/02_vpc.tf.aws_eip.nat" file="/02_vpc.tf"/>
		<testcase name="[NONE][CKV2_AWS_5] Ensure that Security Groups are attached to another resource" classname="/02_vpc.tf.aws_security_group.lambda_sg" file="/02_vpc.tf"/>
		<testcase name="[NONE][CKV2_AWS_5] Ensure that Security Groups are attached to another resource" classname="/02_vpc.tf.aws_security_group.rds_sg" file="/02_vpc.tf"/>
		<testcase name="[NONE][CKV_AWS_20] S3 Bucket has an ACL defined which allows public READ access." classname="/03_frontend.tf.aws_s3_bucket.frontend" file="/03_frontend.tf"/>
		<testcase name="[NONE][CKV_AWS_20] S3 Bucket has an ACL defined which allows public READ access." classname="/10_monitoring.tf.aws_s3_bucket.canary_artifacts" file="/10_monitoring.tf"/>
		<testcase name="[NONE][CKV_AWS_20] S3 Bucket has an ACL defined which allows public READ access." classname="/11_security_secrets.tf.aws_s3_bucket.cloudtrail_logs" file="/11_security_secrets.tf"/>
		<testcase name="[NONE][CKV2_AWS_42] Ensure AWS CloudFront distribution uses custom SSL certificate" classname="/03_frontend.tf.aws_cloudfront_distribution.frontend" file="/03_frontend.tf"/>
		<testcase name="[NONE][CKV2_AWS_4] Ensure API Gateway stage have logging level defined as appropriate" classname="/06_api_gateway.tf.aws_api_gateway_stage.prod" file="/06_api_gateway.tf"/>
		<testcase name="[NONE][CKV_AWS_57] S3 Bucket has an ACL defined which allows public WRITE access." classname="/03_frontend.tf.aws_s3_bucket.frontend" file="/03_frontend.tf"/>
		<testcase name="[NONE][CKV_AWS_57] S3 Bucket has an ACL defined which allows public WRITE access." classname="/10_monitoring.tf.aws_s3_bucket.canary_artifacts" file="/10_monitoring.tf"/>
		<testcase name="[NONE][CKV_AWS_57] S3 Bucket has an ACL defined which allows public WRITE access." classname="/11_security_secrets.tf.aws_s3_bucket.cloudtrail_logs" file="/11_security_secrets.tf"/>
		<testcase name="[NONE][CKV2_AWS_77] Ensure AWS API Gateway Rest API attached WAFv2 WebACL is configured with AMR for Log4j Vulnerability" classname="/06_api_gateway.tf.aws_api_gateway_stage.prod" file="/06_api_gateway.tf"/>
		<testcase name="[NONE][CKV_AWS_21] Ensure all data stored in the S3 bucket have versioning enabled" classname="/03_frontend.tf.aws_s3_bucket.frontend" file="/03_frontend.tf"/>
		<testcase name="[NONE][CKV2_AWS_61] Ensure that an S3 bucket has a lifecycle configuration" classname="/11_security_secrets.tf.aws_s3_bucket.cloudtrail_logs" file="/11_security_secrets.tf"/>
		<testcase name="[NONE][CKV_AWS_19] Ensure all data stored in the S3 bucket is securely encrypted at rest" classname="/03_frontend.tf.aws_s3_bucket.frontend" file="/03_frontend.tf"/>
		<testcase name="[NONE][CKV_AWS_19] Ensure all data stored in the S3 bucket is securely encrypted at rest" classname="/10_monitoring.tf.aws_s3_bucket.canary_artifacts" file="/10_monitoring.tf"/>
		<testcase name="[NONE][CKV_AWS_19] Ensure all data stored in the S3 bucket is securely encrypted at rest" classname="/11_security_secrets.tf.aws_s3_bucket.cloudtrail_logs" file="/11_security_secrets.tf"/>
		<testcase name="[NONE][CKV_AWS_130] Ensure VPC subnets do not assign public IP by default" classname="/02_vpc.tf.aws_subnet.public_a" file="/02_vpc.tf">
			<failure type="failure" message="Ensure VPC subnets do not assign public IP by default">
Resource: aws_subnet.public_a
File: /02_vpc.tf: 36-45
Guideline: https://docs.prismacloud.io/en/enterprise-edition/policy-reference/aws-policies/aws-networking-policies/ensure-vpc-subnets-do-not-assign-public-ip-by-default

		36 | resource &quot;aws_subnet&quot; &quot;public_a&quot; {
		37 |   vpc_id                  = aws_vpc.main.id
		38 |   cidr_block              = &quot;10.0.101.0/24&quot;
		39 |   availability_zone       = &quot;${var.aws_region}a&quot;
		40 |   map_public_ip_on_launch = true
		41 | 
		42 |   tags = {
		43 |     Name = &quot;${var.project_name}-public-az1&quot;
		44 |   }
		45 | }
</failure>
		</testcase>
		<testcase name="[NONE][CKV_AWS_310] Ensure CloudFront distributions should have origin failover configured" classname="/03_frontend.tf.aws_cloudfront_distribution.frontend" file="/03_frontend.tf">
			<failure type="failure" message="Ensure CloudFront distributions should have origin failover configured">
Resource: aws_cloudfront_distribution.frontend
File: /03_frontend.tf: 35-73
Guideline: https://docs.prismacloud.io/en/enterprise-edition/policy-reference/aws-policies/aws-general-policies/bc-aws-310

		35 | resource &quot;aws_cloudfront_distribution&quot; &quot;frontend&quot; {
		36 |   enabled             = true
		37 |   default_root_object = &quot;index.html&quot;
		38 |   aliases             = [var.domain_name]
		39 | 
		40 |   origin {
		41 |     domain_name              = aws_s3_bucket.frontend.bucket_regional_domain_name
		42 |     origin_id                = &quot;s3-frontend&quot;
		43 |     origin_access_control_id = aws_cloudfront_origin_access_control.frontend.id
		44 |   }
		45 | 
		46 |   default_cache_behavior {
		47 |     allowed_methods        = [&quot;GET&quot;, &quot;HEAD&quot;]
		48 |     cached_methods         = [&quot;GET&quot;, &quot;HEAD&quot;]
		49 |     target_origin_id       = &quot;s3-frontend&quot;
		50 |     viewer_protocol_policy = &quot;redirect-to-https&quot;
		51 | 
		52 |     forwarded_values {
		53 |       query_string = false
		54 |       cookies {
		55 |         forward = &quot;none&quot;
		56 |       }
		57 |     }
		58 |   }
		59 | 
		60 |   restrictions {
		61 |     geo_restriction {
		62 |       restriction_type = &quot;none&quot;
		63 |     }
		64 |   }
		65 | 
		66 |   viewer_certificate {
		67 |     acm_certificate_arn      = aws_acm_certificate.main.arn
		68 |     ssl_support_method       = &quot;sni-only&quot;
		69 |     minimum_protocol_version = &quot;TLSv1.2_2021&quot;
		70 |   }
		71 | 
		72 |   web_acl_id = aws_wafv2_web_acl.main.arn
		73 | }
</failure>
		</testcase>
		<testcase name="[NONE][CKV_AWS_86] Ensure CloudFront distribution has Access Logging enabled" classname="/03_frontend.tf.aws_cloudfront_distribution.frontend" file="/03_frontend.tf">
			<failure type="failure" message="Ensure CloudFront distribution has Access Logging enabled">
Resource: aws_cloudfront_distribution.frontend
File: /03_frontend.tf: 35-73
Guideline: https://docs.prismacloud.io/en/enterprise-edition/policy-reference/aws-policies/aws-logging-policies/logging-20

		35 | resource &quot;aws_cloudfront_distribution&quot; &quot;frontend&quot; {
		36 |   enabled             = true
		37 |   default_root_object = &quot;index.html&quot;
		38 |   aliases             = [var.domain_name]
		39 | 
		40 |   origin {
		41 |     domain_name              = aws_s3_bucket.frontend.bucket_regional_domain_name
		42 |     origin_id                = &quot;s3-frontend&quot;
		43 |     origin_access_control_id = aws_cloudfront_origin_access_control.frontend.id
		44 |   }
		45 | 
		46 |   default_cache_behavior {
		47 |     allowed_methods        = [&quot;GET&quot;, &quot;HEAD&quot;]
		48 |     cached_methods         = [&quot;GET&quot;, &quot;HEAD&quot;]
		49 |     target_origin_id       = &quot;s3-frontend&quot;
		50 |     viewer_protocol_policy = &quot;redirect-to-https&quot;
		51 | 
		52 |     forwarded_values {
		53 |       query_string = false
		54 |       cookies {
		55 |         forward = &quot;none&quot;
		56 |       }
		57 |     }
		58 |   }
		59 | 
		60 |   restrictions {
		61 |     geo_restriction {
		62 |       restriction_type = &quot;none&quot;
		63 |     }
		64 |   }
		65 | 
		66 |   viewer_certificate {
		67 |     acm_certificate_arn      = aws_acm_certificate.main.arn
		68 |     ssl_support_method       = &quot;sni-only&quot;
		69 |     minimum_protocol_version = &quot;TLSv1.2_2021&quot;
		70 |   }
		71 | 
		72 |   web_acl_id = aws_wafv2_web_acl.main.arn
		73 | }
</failure>
		</testcase>
		<testcase name="[NONE][CKV_AWS_374] Ensure AWS CloudFront web distribution has geo restriction enabled" classname="/03_frontend.tf.aws_cloudfront_distribution.frontend" file="/03_frontend.tf">
			<failure type="failure" message="Ensure AWS CloudFront web distribution has geo restriction enabled">
Resource: aws_cloudfront_distribution.frontend
File: /03_frontend.tf: 35-73
Guideline: https://docs.prismacloud.io/en/enterprise-edition/policy-reference/aws-policies/aws-networking-policies/bc-aws-374

		35 | resource &quot;aws_cloudfront_distribution&quot; &quot;frontend&quot; {
		36 |   enabled             = true
		37 |   default_root_object = &quot;index.html&quot;
		38 |   aliases             = [var.domain_name]
		39 | 
		40 |   origin {
		41 |     domain_name              = aws_s3_bucket.frontend.bucket_regional_domain_name
		42 |     origin_id                = &quot;s3-frontend&quot;
		43 |     origin_access_control_id = aws_cloudfront_origin_access_control.frontend.id
		44 |   }
		45 | 
		46 |   default_cache_behavior {
		47 |     allowed_methods        = [&quot;GET&quot;, &quot;HEAD&quot;]
		48 |     cached_methods         = [&quot;GET&quot;, &quot;HEAD&quot;]
		49 |     target_origin_id       = &quot;s3-frontend&quot;
		50 |     viewer_protocol_policy = &quot;redirect-to-https&quot;
		51 | 
		52 |     forwarded_values {
		53 |       query_string = false
		54 |       cookies {
		55 |         forward = &quot;none&quot;
		56 |       }
		57 |     }
		58 |   }
		59 | 
		60 |   restrictions {
		61 |     geo_restriction {
		62 |       restriction_type = &quot;none&quot;
		63 |     }
		64 |   }
		65 | 
		66 |   viewer_certificate {
		67 |     acm_certificate_arn      = aws_acm_certificate.main.arn
		68 |     ssl_support_method       = &quot;sni-only&quot;
		69 |     minimum_protocol_version = &quot;TLSv1.2_2021&quot;
		70 |   }
		71 | 
		72 |   web_acl_id = aws_wafv2_web_acl.main.arn
		73 | }
</failure>
		</testcase>
		<testcase name="[NONE][CKV_AWS_192] Ensure WAF prevents message lookup in Log4j2. See CVE-2021-44228 aka log4jshell" classname="/04_security_waf.tf.aws_wafv2_web_acl.main" file="/04_security_waf.tf">
			<failure type="failure" message="Ensure WAF prevents message lookup in Log4j2. See CVE-2021-44228 aka log4jshell">
Resource: aws_wafv2_web_acl.main
File: /04_security_waf.tf: 5-85
Guideline: https://docs.prismacloud.io/en/enterprise-edition/policy-reference/aws-policies/aws-networking-policies/ensure-waf-prevents-message-lookup-in-log4j2

		Code lines for this resource are too many. Please use IDE of your choice to review the file.</failure>
		</testcase>
		<testcase name="[NONE][CKV_AWS_237] Ensure Create before destroy for API Gateway" classname="/06_api_gateway.tf.aws_api_gateway_rest_api.main" file="/06_api_gateway.tf">
			<failure type="failure" message="Ensure Create before destroy for API Gateway">
Resource: aws_api_gateway_rest_api.main
File: /06_api_gateway.tf: 5-12
Guideline: https://docs.prismacloud.io/en/enterprise-edition/policy-reference/aws-policies/aws-general-policies/ensure-aws-api-gateway-enables-create-before-destroy

		5  | resource &quot;aws_api_gateway_rest_api&quot; &quot;main&quot; {
		6  |   name        = &quot;${var.project_name}-api&quot;
		7  |   description = &quot;API REST de Pokie Cat: products, orders, auth, expenses&quot;
		8  | 
		9  |   endpoint_configuration {
		10 |     types = [&quot;REGIONAL&quot;]
		11 |   }
		12 | }
</failure>
		</testcase>
		<testcase name="[NONE][CKV_AWS_120] Ensure API Gateway caching is enabled" classname="/06_api_gateway.tf.aws_api_gateway_stage.prod" file="/06_api_gateway.tf">
			<failure type="failure" message="Ensure API Gateway caching is enabled">
Resource: aws_api_gateway_stage.prod
File: /06_api_gateway.tf: 22-39
Guideline: https://docs.prismacloud.io/en/enterprise-edition/policy-reference/aws-policies/aws-general-policies/ensure-api-gateway-caching-is-enabled

		22 | resource &quot;aws_api_gateway_stage&quot; &quot;prod&quot; {
		23 |   deployment_id = aws_api_gateway_deployment.main.id
		24 |   rest_api_id   = aws_api_gateway_rest_api.main.id
		25 |   stage_name    = var.environment
		26 | 
		27 |   # Throttling general de la API (100 req/min ya filtrado antes por WAF)
		28 |   xray_tracing_enabled = true
		29 | 
		30 |   access_log_settings {
		31 |     destination_arn = aws_cloudwatch_log_group.api_gw_logs.arn
		32 |     format          = jsonencode({
		33 |       requestId = &quot;$context.requestId&quot;
		34 |       ip        = &quot;$context.identity.sourceIp&quot;
		35 |       status    = &quot;$context.status&quot;
		36 |       latency   = &quot;$context.responseLatency&quot;
		37 |     })
		38 |   }
		39 | }
</failure>
		</testcase>
		<testcase name="[NONE][CKV_AWS_225] Ensure API Gateway method setting caching is enabled" classname="/06_api_gateway.tf.aws_api_gateway_method_settings.prod" file="/06_api_gateway.tf">
			<failure type="failure" message="Ensure API Gateway method setting caching is enabled">
Resource: aws_api_gateway_method_settings.prod
File: /06_api_gateway.tf: 41-52
Guideline: https://docs.prismacloud.io/en/enterprise-edition/policy-reference/aws-policies/aws-general-policies/ensure-aws-api-gateway-method-settings-enable-caching

		41 | resource &quot;aws_api_gateway_method_settings&quot; &quot;prod&quot; {
		42 |   rest_api_id = aws_api_gateway_rest_api.main.id
		43 |   stage_name  = aws_api_gateway_stage.prod.stage_name
		44 |   method_path = &quot;*/*&quot;
		45 | 
		46 |   settings {
		47 |     throttling_rate_limit  = 100
		48 |     throttling_burst_limit = 50
		49 |     logging_level           = &quot;INFO&quot;
		50 |     metrics_enabled         = true
		51 |   }
		52 | }
</failure>
		</testcase>
		<testcase name="[NONE][CKV_AWS_338] Ensure CloudWatch log groups retains logs for at least 1 year" classname="/06_api_gateway.tf.aws_cloudwatch_log_group.api_gw_logs" file="/06_api_gateway.tf">
			<failure type="failure" message="Ensure CloudWatch log groups retains logs for at least 1 year">
Resource: aws_cloudwatch_log_group.api_gw_logs
File: /06_api_gateway.tf: 68-72
Guideline: https://docs.prismacloud.io/en/enterprise-edition/policy-reference/aws-policies/aws-logging-policies/bc-aws-338

		68 | resource &quot;aws_cloudwatch_log_group&quot; &quot;api_gw_logs&quot; {
		69 |   name              = &quot;/aws/apigateway/${var.project_name}&quot;
		70 |   retention_in_days = 90
		71 |   kms_key_id        = aws_kms_key.main.arn
		72 | }
</failure>
		</testcase>
		<testcase name="[NONE][CKV_AWS_272] Ensure AWS Lambda function is configured to validate code-signing" classname="/07_lambdas_sync.tf.aws_lambda_function.sync[&quot;auth&quot;]" file="/07_lambdas_sync.tf">
			<failure type="failure" message="Ensure AWS Lambda function is configured to validate code-signing">
Resource: aws_lambda_function.sync[&quot;auth&quot;]
File: /07_lambdas_sync.tf: 15-49
Guideline: https://docs.prismacloud.io/en/enterprise-edition/policy-reference/aws-policies/aws-general-policies/bc-aws-272

		15 | resource &quot;aws_lambda_function&quot; &quot;sync&quot; {
		16 |   for_each = local.sync_lambdas
		17 | 
		18 |   function_name = &quot;${var.project_name}-${each.key}&quot;
		19 |   description   = each.value
		20 |   runtime       = &quot;nodejs20.x&quot;
		21 |   handler       = &quot;index.handler&quot;
		22 |   filename         = data.archive_file.lambda_placeholder.output_path
		23 |   source_code_hash = data.archive_file.lambda_placeholder.output_base64sha256
		24 |   role             = aws_iam_role.lambda_exec.arn
		25 |   timeout          = 10
		26 |   memory_size   = 256
		27 | 
		28 |   vpc_config {
		29 |     subnet_ids         = [aws_subnet.private_a.id, aws_subnet.private_b.id]
		30 |     security_group_ids = [aws_security_group.lambda_sg.id]
		31 |   }
		32 | 
		33 |   environment {
		34 |     variables = {
		35 |       DB_SECRET_ARN = aws_secretsmanager_secret.db_credentials.arn
		36 |       NODE_ENV      = var.environment
		37 |     }
		38 |   }
		39 | 
		40 |   tracing_config {
		41 |     mode = &quot;Active&quot;
		42 |   }
		43 | 
		44 |   reserved_concurrent_executions = 50
		45 | 
		46 |   tags = {
		47 |     Name = &quot;${var.project_name}-${each.key}&quot;
		48 |   }
		49 | }
</failure>
		</testcase>
		<testcase name="[NONE][CKV_AWS_116] Ensure that AWS Lambda function is configured for a Dead Letter Queue(DLQ)" classname="/07_lambdas_sync.tf.aws_lambda_function.sync[&quot;auth&quot;]" file="/07_lambdas_sync.tf">
			<failure type="failure" message="Ensure that AWS Lambda function is configured for a Dead Letter Queue(DLQ)">
Resource: aws_lambda_function.sync[&quot;auth&quot;]
File: /07_lambdas_sync.tf: 15-49
Guideline: https://docs.prismacloud.io/en/enterprise-edition/policy-reference/aws-policies/aws-general-policies/ensure-that-aws-lambda-function-is-configured-for-a-dead-letter-queue-dlq

		15 | resource &quot;aws_lambda_function&quot; &quot;sync&quot; {
		16 |   for_each = local.sync_lambdas
		17 | 
		18 |   function_name = &quot;${var.project_name}-${each.key}&quot;
		19 |   description   = each.value
		20 |   runtime       = &quot;nodejs20.x&quot;
		21 |   handler       = &quot;index.handler&quot;
		22 |   filename         = data.archive_file.lambda_placeholder.output_path
		23 |   source_code_hash = data.archive_file.lambda_placeholder.output_base64sha256
		24 |   role             = aws_iam_role.lambda_exec.arn
		25 |   timeout          = 10
		26 |   memory_size   = 256
		27 | 
		28 |   vpc_config {
		29 |     subnet_ids         = [aws_subnet.private_a.id, aws_subnet.private_b.id]
		30 |     security_group_ids = [aws_security_group.lambda_sg.id]
		31 |   }
		32 | 
		33 |   environment {
		34 |     variables = {
		35 |       DB_SECRET_ARN = aws_secretsmanager_secret.db_credentials.arn
		36 |       NODE_ENV      = var.environment
		37 |     }
		38 |   }
		39 | 
		40 |   tracing_config {
		41 |     mode = &quot;Active&quot;
		42 |   }
		43 | 
		44 |   reserved_concurrent_executions = 50
		45 | 
		46 |   tags = {
		47 |     Name = &quot;${var.project_name}-${each.key}&quot;
		48 |   }
		49 | }
</failure>
		</testcase>
		<testcase name="[NONE][CKV_AWS_173] Check encryption settings for Lambda environmental variable" classname="/07_lambdas_sync.tf.aws_lambda_function.sync[&quot;auth&quot;]" file="/07_lambdas_sync.tf">
			<failure type="failure" message="Check encryption settings for Lambda environmental variable">
Resource: aws_lambda_function.sync[&quot;auth&quot;]
File: /07_lambdas_sync.tf: 15-49
Guideline: https://docs.prismacloud.io/en/enterprise-edition/policy-reference/aws-policies/aws-serverless-policies/bc-aws-serverless-5

		15 | resource &quot;aws_lambda_function&quot; &quot;sync&quot; {
		16 |   for_each = local.sync_lambdas
		17 | 
		18 |   function_name = &quot;${var.project_name}-${each.key}&quot;
		19 |   description   = each.value
		20 |   runtime       = &quot;nodejs20.x&quot;
		21 |   handler       = &quot;index.handler&quot;
		22 |   filename         = data.archive_file.lambda_placeholder.output_path
		23 |   source_code_hash = data.archive_file.lambda_placeholder.output_base64sha256
		24 |   role             = aws_iam_role.lambda_exec.arn
		25 |   timeout          = 10
		26 |   memory_size   = 256
		27 | 
		28 |   vpc_config {
		29 |     subnet_ids         = [aws_subnet.private_a.id, aws_subnet.private_b.id]
		30 |     security_group_ids = [aws_security_group.lambda_sg.id]
		31 |   }
		32 | 
		33 |   environment {
		34 |     variables = {
		35 |       DB_SECRET_ARN = aws_secretsmanager_secret.db_credentials.arn
		36 |       NODE_ENV      = var.environment
		37 |     }
		38 |   }
		39 | 
		40 |   tracing_config {
		41 |     mode = &quot;Active&quot;
		42 |   }
		43 | 
		44 |   reserved_concurrent_executions = 50
		45 | 
		46 |   tags = {
		47 |     Name = &quot;${var.project_name}-${each.key}&quot;
		48 |   }
		49 | }
</failure>
		</testcase>
		<testcase name="[NONE][CKV_AWS_338] Ensure CloudWatch log groups retains logs for at least 1 year" classname="/07_lambdas_sync.tf.aws_cloudwatch_log_group.sync_lambda_logs[&quot;auth&quot;]" file="/07_lambdas_sync.tf">
			<failure type="failure" message="Ensure CloudWatch log groups retains logs for at least 1 year">
Resource: aws_cloudwatch_log_group.sync_lambda_logs[&quot;auth&quot;]
File: /07_lambdas_sync.tf: 59-65
Guideline: https://docs.prismacloud.io/en/enterprise-edition/policy-reference/aws-policies/aws-logging-policies/bc-aws-338

		59 | resource &quot;aws_cloudwatch_log_group&quot; &quot;sync_lambda_logs&quot; {
		60 |   for_each = local.sync_lambdas
		61 | 
		62 |   name              = &quot;/aws/lambda/${var.project_name}-${each.key}&quot;
		63 |   retention_in_days = 90
		64 |   kms_key_id        = aws_kms_key.main.arn
		65 | }
</failure>
		</testcase>
		<testcase name="[NONE][CKV_AWS_272] Ensure AWS Lambda function is configured to validate code-signing" classname="/07_lambdas_sync.tf.aws_lambda_function.sync[&quot;catalogo&quot;]" file="/07_lambdas_sync.tf">
			<failure type="failure" message="Ensure AWS Lambda function is configured to validate code-signing">
Resource: aws_lambda_function.sync[&quot;catalogo&quot;]
File: /07_lambdas_sync.tf: 15-49
Guideline: https://docs.prismacloud.io/en/enterprise-edition/policy-reference/aws-policies/aws-general-policies/bc-aws-272

		15 | resource &quot;aws_lambda_function&quot; &quot;sync&quot; {
		16 |   for_each = local.sync_lambdas
		17 | 
		18 |   function_name = &quot;${var.project_name}-${each.key}&quot;
		19 |   description   = each.value
		20 |   runtime       = &quot;nodejs20.x&quot;
		21 |   handler       = &quot;index.handler&quot;
		22 |   filename         = data.archive_file.lambda_placeholder.output_path
		23 |   source_code_hash = data.archive_file.lambda_placeholder.output_base64sha256
		24 |   role             = aws_iam_role.lambda_exec.arn
		25 |   timeout          = 10
		26 |   memory_size   = 256
		27 | 
		28 |   vpc_config {
		29 |     subnet_ids         = [aws_subnet.private_a.id, aws_subnet.private_b.id]
		30 |     security_group_ids = [aws_security_group.lambda_sg.id]
		31 |   }
		32 | 
		33 |   environment {
		34 |     variables = {
		35 |       DB_SECRET_ARN = aws_secretsmanager_secret.db_credentials.arn
		36 |       NODE_ENV      = var.environment
		37 |     }
		38 |   }
		39 | 
		40 |   tracing_config {
		41 |     mode = &quot;Active&quot;
		42 |   }
		43 | 
		44 |   reserved_concurrent_executions = 50
		45 | 
		46 |   tags = {
		47 |     Name = &quot;${var.project_name}-${each.key}&quot;
		48 |   }
		49 | }
</failure>
		</testcase>
		<testcase name="[NONE][CKV_AWS_116] Ensure that AWS Lambda function is configured for a Dead Letter Queue(DLQ)" classname="/07_lambdas_sync.tf.aws_lambda_function.sync[&quot;catalogo&quot;]" file="/07_lambdas_sync.tf">
			<failure type="failure" message="Ensure that AWS Lambda function is configured for a Dead Letter Queue(DLQ)">
Resource: aws_lambda_function.sync[&quot;catalogo&quot;]
File: /07_lambdas_sync.tf: 15-49
Guideline: https://docs.prismacloud.io/en/enterprise-edition/policy-reference/aws-policies/aws-general-policies/ensure-that-aws-lambda-function-is-configured-for-a-dead-letter-queue-dlq

		15 | resource &quot;aws_lambda_function&quot; &quot;sync&quot; {
		16 |   for_each = local.sync_lambdas
		17 | 
		18 |   function_name = &quot;${var.project_name}-${each.key}&quot;
		19 |   description   = each.value
		20 |   runtime       = &quot;nodejs20.x&quot;
		21 |   handler       = &quot;index.handler&quot;
		22 |   filename         = data.archive_file.lambda_placeholder.output_path
		23 |   source_code_hash = data.archive_file.lambda_placeholder.output_base64sha256
		24 |   role             = aws_iam_role.lambda_exec.arn
		25 |   timeout          = 10
		26 |   memory_size   = 256
		27 | 
		28 |   vpc_config {
		29 |     subnet_ids         = [aws_subnet.private_a.id, aws_subnet.private_b.id]
		30 |     security_group_ids = [aws_security_group.lambda_sg.id]
		31 |   }
		32 | 
		33 |   environment {
		34 |     variables = {
		35 |       DB_SECRET_ARN = aws_secretsmanager_secret.db_credentials.arn
		36 |       NODE_ENV      = var.environment
		37 |     }
		38 |   }
		39 | 
		40 |   tracing_config {
		41 |     mode = &quot;Active&quot;
		42 |   }
		43 | 
		44 |   reserved_concurrent_executions = 50
		45 | 
		46 |   tags = {
		47 |     Name = &quot;${var.project_name}-${each.key}&quot;
		48 |   }
		49 | }
</failure>
		</testcase>
		<testcase name="[NONE][CKV_AWS_173] Check encryption settings for Lambda environmental variable" classname="/07_lambdas_sync.tf.aws_lambda_function.sync[&quot;catalogo&quot;]" file="/07_lambdas_sync.tf">
			<failure type="failure" message="Check encryption settings for Lambda environmental variable">
Resource: aws_lambda_function.sync[&quot;catalogo&quot;]
File: /07_lambdas_sync.tf: 15-49
Guideline: https://docs.prismacloud.io/en/enterprise-edition/policy-reference/aws-policies/aws-serverless-policies/bc-aws-serverless-5

		15 | resource &quot;aws_lambda_function&quot; &quot;sync&quot; {
		16 |   for_each = local.sync_lambdas
		17 | 
		18 |   function_name = &quot;${var.project_name}-${each.key}&quot;
		19 |   description   = each.value
		20 |   runtime       = &quot;nodejs20.x&quot;
		21 |   handler       = &quot;index.handler&quot;
		22 |   filename         = data.archive_file.lambda_placeholder.output_path
		23 |   source_code_hash = data.archive_file.lambda_placeholder.output_base64sha256
		24 |   role             = aws_iam_role.lambda_exec.arn
		25 |   timeout          = 10
		26 |   memory_size   = 256
		27 | 
		28 |   vpc_config {
		29 |     subnet_ids         = [aws_subnet.private_a.id, aws_subnet.private_b.id]
		30 |     security_group_ids = [aws_security_group.lambda_sg.id]
		31 |   }
		32 | 
		33 |   environment {
		34 |     variables = {
		35 |       DB_SECRET_ARN = aws_secretsmanager_secret.db_credentials.arn
		36 |       NODE_ENV      = var.environment
		37 |     }
		38 |   }
		39 | 
		40 |   tracing_config {
		41 |     mode = &quot;Active&quot;
		42 |   }
		43 | 
		44 |   reserved_concurrent_executions = 50
		45 | 
		46 |   tags = {
		47 |     Name = &quot;${var.project_name}-${each.key}&quot;
		48 |   }
		49 | }
</failure>
		</testcase>
		<testcase name="[NONE][CKV_AWS_272] Ensure AWS Lambda function is configured to validate code-signing" classname="/07_lambdas_sync.tf.aws_lambda_function.sync[&quot;gastos&quot;]" file="/07_lambdas_sync.tf">
			<failure type="failure" message="Ensure AWS Lambda function is configured to validate code-signing">
Resource: aws_lambda_function.sync[&quot;gastos&quot;]
File: /07_lambdas_sync.tf: 15-49
Guideline: https://docs.prismacloud.io/en/enterprise-edition/policy-reference/aws-policies/aws-general-policies/bc-aws-272

		15 | resource &quot;aws_lambda_function&quot; &quot;sync&quot; {
		16 |   for_each = local.sync_lambdas
		17 | 
		18 |   function_name = &quot;${var.project_name}-${each.key}&quot;
		19 |   description   = each.value
		20 |   runtime       = &quot;nodejs20.x&quot;
		21 |   handler       = &quot;index.handler&quot;
		22 |   filename         = data.archive_file.lambda_placeholder.output_path
		23 |   source_code_hash = data.archive_file.lambda_placeholder.output_base64sha256
		24 |   role             = aws_iam_role.lambda_exec.arn
		25 |   timeout          = 10
		26 |   memory_size   = 256
		27 | 
		28 |   vpc_config {
		29 |     subnet_ids         = [aws_subnet.private_a.id, aws_subnet.private_b.id]
		30 |     security_group_ids = [aws_security_group.lambda_sg.id]
		31 |   }
		32 | 
		33 |   environment {
		34 |     variables = {
		35 |       DB_SECRET_ARN = aws_secretsmanager_secret.db_credentials.arn
		36 |       NODE_ENV      = var.environment
		37 |     }
		38 |   }
		39 | 
		40 |   tracing_config {
		41 |     mode = &quot;Active&quot;
		42 |   }
		43 | 
		44 |   reserved_concurrent_executions = 50
		45 | 
		46 |   tags = {
		47 |     Name = &quot;${var.project_name}-${each.key}&quot;
		48 |   }
		49 | }
</failure>
		</testcase>
		<testcase name="[NONE][CKV_AWS_116] Ensure that AWS Lambda function is configured for a Dead Letter Queue(DLQ)" classname="/07_lambdas_sync.tf.aws_lambda_function.sync[&quot;gastos&quot;]" file="/07_lambdas_sync.tf">
			<failure type="failure" message="Ensure that AWS Lambda function is configured for a Dead Letter Queue(DLQ)">
Resource: aws_lambda_function.sync[&quot;gastos&quot;]
File: /07_lambdas_sync.tf: 15-49
Guideline: https://docs.prismacloud.io/en/enterprise-edition/policy-reference/aws-policies/aws-general-policies/ensure-that-aws-lambda-function-is-configured-for-a-dead-letter-queue-dlq

		15 | resource &quot;aws_lambda_function&quot; &quot;sync&quot; {
		16 |   for_each = local.sync_lambdas
		17 | 
		18 |   function_name = &quot;${var.project_name}-${each.key}&quot;
		19 |   description   = each.value
		20 |   runtime       = &quot;nodejs20.x&quot;
		21 |   handler       = &quot;index.handler&quot;
		22 |   filename         = data.archive_file.lambda_placeholder.output_path
		23 |   source_code_hash = data.archive_file.lambda_placeholder.output_base64sha256
		24 |   role             = aws_iam_role.lambda_exec.arn
		25 |   timeout          = 10
		26 |   memory_size   = 256
		27 | 
		28 |   vpc_config {
		29 |     subnet_ids         = [aws_subnet.private_a.id, aws_subnet.private_b.id]
		30 |     security_group_ids = [aws_security_group.lambda_sg.id]
		31 |   }
		32 | 
		33 |   environment {
		34 |     variables = {
		35 |       DB_SECRET_ARN = aws_secretsmanager_secret.db_credentials.arn
		36 |       NODE_ENV      = var.environment
		37 |     }
		38 |   }
		39 | 
		40 |   tracing_config {
		41 |     mode = &quot;Active&quot;
		42 |   }
		43 | 
		44 |   reserved_concurrent_executions = 50
		45 | 
		46 |   tags = {
		47 |     Name = &quot;${var.project_name}-${each.key}&quot;
		48 |   }
		49 | }
</failure>
		</testcase>
		<testcase name="[NONE][CKV_AWS_173] Check encryption settings for Lambda environmental variable" classname="/07_lambdas_sync.tf.aws_lambda_function.sync[&quot;gastos&quot;]" file="/07_lambdas_sync.tf">
			<failure type="failure" message="Check encryption settings for Lambda environmental variable">
Resource: aws_lambda_function.sync[&quot;gastos&quot;]
File: /07_lambdas_sync.tf: 15-49
Guideline: https://docs.prismacloud.io/en/enterprise-edition/policy-reference/aws-policies/aws-serverless-policies/bc-aws-serverless-5

		15 | resource &quot;aws_lambda_function&quot; &quot;sync&quot; {
		16 |   for_each = local.sync_lambdas
		17 | 
		18 |   function_name = &quot;${var.project_name}-${each.key}&quot;
		19 |   description   = each.value
		20 |   runtime       = &quot;nodejs20.x&quot;
		21 |   handler       = &quot;index.handler&quot;
		22 |   filename         = data.archive_file.lambda_placeholder.output_path
		23 |   source_code_hash = data.archive_file.lambda_placeholder.output_base64sha256
		24 |   role             = aws_iam_role.lambda_exec.arn
		25 |   timeout          = 10
		26 |   memory_size   = 256
		27 | 
		28 |   vpc_config {
		29 |     subnet_ids         = [aws_subnet.private_a.id, aws_subnet.private_b.id]
		30 |     security_group_ids = [aws_security_group.lambda_sg.id]
		31 |   }
		32 | 
		33 |   environment {
		34 |     variables = {
		35 |       DB_SECRET_ARN = aws_secretsmanager_secret.db_credentials.arn
		36 |       NODE_ENV      = var.environment
		37 |     }
		38 |   }
		39 | 
		40 |   tracing_config {
		41 |     mode = &quot;Active&quot;
		42 |   }
		43 | 
		44 |   reserved_concurrent_executions = 50
		45 | 
		46 |   tags = {
		47 |     Name = &quot;${var.project_name}-${each.key}&quot;
		48 |   }
		49 | }
</failure>
		</testcase>
		<testcase name="[NONE][CKV_AWS_272] Ensure AWS Lambda function is configured to validate code-signing" classname="/07_lambdas_sync.tf.aws_lambda_function.sync[&quot;pedidos&quot;]" file="/07_lambdas_sync.tf">
			<failure type="failure" message="Ensure AWS Lambda function is configured to validate code-signing">
Resource: aws_lambda_function.sync[&quot;pedidos&quot;]
File: /07_lambdas_sync.tf: 15-49
Guideline: https://docs.prismacloud.io/en/enterprise-edition/policy-reference/aws-policies/aws-general-policies/bc-aws-272

		15 | resource &quot;aws_lambda_function&quot; &quot;sync&quot; {
		16 |   for_each = local.sync_lambdas
		17 | 
		18 |   function_name = &quot;${var.project_name}-${each.key}&quot;
		19 |   description   = each.value
		20 |   runtime       = &quot;nodejs20.x&quot;
		21 |   handler       = &quot;index.handler&quot;
		22 |   filename         = data.archive_file.lambda_placeholder.output_path
		23 |   source_code_hash = data.archive_file.lambda_placeholder.output_base64sha256
		24 |   role             = aws_iam_role.lambda_exec.arn
		25 |   timeout          = 10
		26 |   memory_size   = 256
		27 | 
		28 |   vpc_config {
		29 |     subnet_ids         = [aws_subnet.private_a.id, aws_subnet.private_b.id]
		30 |     security_group_ids = [aws_security_group.lambda_sg.id]
		31 |   }
		32 | 
		33 |   environment {
		34 |     variables = {
		35 |       DB_SECRET_ARN = aws_secretsmanager_secret.db_credentials.arn
		36 |       NODE_ENV      = var.environment
		37 |     }
		38 |   }
		39 | 
		40 |   tracing_config {
		41 |     mode = &quot;Active&quot;
		42 |   }
		43 | 
		44 |   reserved_concurrent_executions = 50
		45 | 
		46 |   tags = {
		47 |     Name = &quot;${var.project_name}-${each.key}&quot;
		48 |   }
		49 | }
</failure>
		</testcase>
		<testcase name="[NONE][CKV_AWS_116] Ensure that AWS Lambda function is configured for a Dead Letter Queue(DLQ)" classname="/07_lambdas_sync.tf.aws_lambda_function.sync[&quot;pedidos&quot;]" file="/07_lambdas_sync.tf">
			<failure type="failure" message="Ensure that AWS Lambda function is configured for a Dead Letter Queue(DLQ)">
Resource: aws_lambda_function.sync[&quot;pedidos&quot;]
File: /07_lambdas_sync.tf: 15-49
Guideline: https://docs.prismacloud.io/en/enterprise-edition/policy-reference/aws-policies/aws-general-policies/ensure-that-aws-lambda-function-is-configured-for-a-dead-letter-queue-dlq

		15 | resource &quot;aws_lambda_function&quot; &quot;sync&quot; {
		16 |   for_each = local.sync_lambdas
		17 | 
		18 |   function_name = &quot;${var.project_name}-${each.key}&quot;
		19 |   description   = each.value
		20 |   runtime       = &quot;nodejs20.x&quot;
		21 |   handler       = &quot;index.handler&quot;
		22 |   filename         = data.archive_file.lambda_placeholder.output_path
		23 |   source_code_hash = data.archive_file.lambda_placeholder.output_base64sha256
		24 |   role             = aws_iam_role.lambda_exec.arn
		25 |   timeout          = 10
		26 |   memory_size   = 256
		27 | 
		28 |   vpc_config {
		29 |     subnet_ids         = [aws_subnet.private_a.id, aws_subnet.private_b.id]
		30 |     security_group_ids = [aws_security_group.lambda_sg.id]
		31 |   }
		32 | 
		33 |   environment {
		34 |     variables = {
		35 |       DB_SECRET_ARN = aws_secretsmanager_secret.db_credentials.arn
		36 |       NODE_ENV      = var.environment
		37 |     }
		38 |   }
		39 | 
		40 |   tracing_config {
		41 |     mode = &quot;Active&quot;
		42 |   }
		43 | 
		44 |   reserved_concurrent_executions = 50
		45 | 
		46 |   tags = {
		47 |     Name = &quot;${var.project_name}-${each.key}&quot;
		48 |   }
		49 | }
</failure>
		</testcase>
		<testcase name="[NONE][CKV_AWS_173] Check encryption settings for Lambda environmental variable" classname="/07_lambdas_sync.tf.aws_lambda_function.sync[&quot;pedidos&quot;]" file="/07_lambdas_sync.tf">
			<failure type="failure" message="Check encryption settings for Lambda environmental variable">
Resource: aws_lambda_function.sync[&quot;pedidos&quot;]
File: /07_lambdas_sync.tf: 15-49
Guideline: https://docs.prismacloud.io/en/enterprise-edition/policy-reference/aws-policies/aws-serverless-policies/bc-aws-serverless-5

		15 | resource &quot;aws_lambda_function&quot; &quot;sync&quot; {
		16 |   for_each = local.sync_lambdas
		17 | 
		18 |   function_name = &quot;${var.project_name}-${each.key}&quot;
		19 |   description   = each.value
		20 |   runtime       = &quot;nodejs20.x&quot;
		21 |   handler       = &quot;index.handler&quot;
		22 |   filename         = data.archive_file.lambda_placeholder.output_path
		23 |   source_code_hash = data.archive_file.lambda_placeholder.output_base64sha256
		24 |   role             = aws_iam_role.lambda_exec.arn
		25 |   timeout          = 10
		26 |   memory_size   = 256
		27 | 
		28 |   vpc_config {
		29 |     subnet_ids         = [aws_subnet.private_a.id, aws_subnet.private_b.id]
		30 |     security_group_ids = [aws_security_group.lambda_sg.id]
		31 |   }
		32 | 
		33 |   environment {
		34 |     variables = {
		35 |       DB_SECRET_ARN = aws_secretsmanager_secret.db_credentials.arn
		36 |       NODE_ENV      = var.environment
		37 |     }
		38 |   }
		39 | 
		40 |   tracing_config {
		41 |     mode = &quot;Active&quot;
		42 |   }
		43 | 
		44 |   reserved_concurrent_executions = 50
		45 | 
		46 |   tags = {
		47 |     Name = &quot;${var.project_name}-${each.key}&quot;
		48 |   }
		49 | }
</failure>
		</testcase>
		<testcase name="[NONE][CKV_AWS_338] Ensure CloudWatch log groups retains logs for at least 1 year" classname="/07_lambdas_sync.tf.aws_cloudwatch_log_group.sync_lambda_logs[&quot;catalogo&quot;]" file="/07_lambdas_sync.tf">
			<failure type="failure" message="Ensure CloudWatch log groups retains logs for at least 1 year">
Resource: aws_cloudwatch_log_group.sync_lambda_logs[&quot;catalogo&quot;]
File: /07_lambdas_sync.tf: 59-65
Guideline: https://docs.prismacloud.io/en/enterprise-edition/policy-reference/aws-policies/aws-logging-policies/bc-aws-338

		59 | resource &quot;aws_cloudwatch_log_group&quot; &quot;sync_lambda_logs&quot; {
		60 |   for_each = local.sync_lambdas
		61 | 
		62 |   name              = &quot;/aws/lambda/${var.project_name}-${each.key}&quot;
		63 |   retention_in_days = 90
		64 |   kms_key_id        = aws_kms_key.main.arn
		65 | }
</failure>
		</testcase>
		<testcase name="[NONE][CKV_AWS_338] Ensure CloudWatch log groups retains logs for at least 1 year" classname="/07_lambdas_sync.tf.aws_cloudwatch_log_group.sync_lambda_logs[&quot;gastos&quot;]" file="/07_lambdas_sync.tf">
			<failure type="failure" message="Ensure CloudWatch log groups retains logs for at least 1 year">
Resource: aws_cloudwatch_log_group.sync_lambda_logs[&quot;gastos&quot;]
File: /07_lambdas_sync.tf: 59-65
Guideline: https://docs.prismacloud.io/en/enterprise-edition/policy-reference/aws-policies/aws-logging-policies/bc-aws-338

		59 | resource &quot;aws_cloudwatch_log_group&quot; &quot;sync_lambda_logs&quot; {
		60 |   for_each = local.sync_lambdas
		61 | 
		62 |   name              = &quot;/aws/lambda/${var.project_name}-${each.key}&quot;
		63 |   retention_in_days = 90
		64 |   kms_key_id        = aws_kms_key.main.arn
		65 | }
</failure>
		</testcase>
		<testcase name="[NONE][CKV_AWS_338] Ensure CloudWatch log groups retains logs for at least 1 year" classname="/07_lambdas_sync.tf.aws_cloudwatch_log_group.sync_lambda_logs[&quot;pedidos&quot;]" file="/07_lambdas_sync.tf">
			<failure type="failure" message="Ensure CloudWatch log groups retains logs for at least 1 year">
Resource: aws_cloudwatch_log_group.sync_lambda_logs[&quot;pedidos&quot;]
File: /07_lambdas_sync.tf: 59-65
Guideline: https://docs.prismacloud.io/en/enterprise-edition/policy-reference/aws-policies/aws-logging-policies/bc-aws-338

		59 | resource &quot;aws_cloudwatch_log_group&quot; &quot;sync_lambda_logs&quot; {
		60 |   for_each = local.sync_lambdas
		61 | 
		62 |   name              = &quot;/aws/lambda/${var.project_name}-${each.key}&quot;
		63 |   retention_in_days = 90
		64 |   kms_key_id        = aws_kms_key.main.arn
		65 | }
</failure>
		</testcase>
		<testcase name="[NONE][CKV_AWS_161] Ensure RDS database has IAM authentication enabled" classname="/08_rds.tf.aws_db_instance.postgres" file="/08_rds.tf">
			<failure type="failure" message="Ensure RDS database has IAM authentication enabled">
Resource: aws_db_instance.postgres
File: /08_rds.tf: 14-44
Guideline: https://docs.prismacloud.io/en/enterprise-edition/policy-reference/aws-policies/aws-iam-policies/ensure-rds-database-has-iam-authentication-enabled

		14 | resource &quot;aws_db_instance&quot; &quot;postgres&quot; {
		15 |   identifier     = &quot;${var.project_name}-db&quot;
		16 |   engine         = &quot;postgres&quot;
		17 |   engine_version = &quot;15.4&quot;
		18 |   instance_class = &quot;db.t3.medium&quot;
		19 | 
		20 |   allocated_storage     = 50
		21 |   storage_type           = &quot;gp3&quot;
		22 |   storage_encrypted      = true
		23 |   kms_key_id              = aws_kms_key.main.arn
		24 | 
		25 |   db_name  = &quot;pokiecat&quot;
		26 |   username = var.db_username
		27 |   password = var.db_password
		28 | 
		29 |   multi_az               = true
		30 |   db_subnet_group_name   = aws_db_subnet_group.main.name
		31 |   vpc_security_group_ids = [aws_security_group.rds_sg.id]
		32 |   publicly_accessible    = false
		33 | 
		34 |   backup_retention_period = 7
		35 |   backup_window           = &quot;02:00-03:00&quot;
		36 |   deletion_protection     = true
		37 |   skip_final_snapshot     = false
		38 | 
		39 |   enabled_cloudwatch_logs_exports = [&quot;postgresql&quot;, &quot;upgrade&quot;]
		40 | 
		41 |   tags = {
		42 |     Name = &quot;${var.project_name}-rds&quot;
		43 |   }
		44 | }
</failure>
		</testcase>
		<testcase name="[NONE][CKV_AWS_226] Ensure DB instance gets all minor upgrades automatically" classname="/08_rds.tf.aws_db_instance.postgres" file="/08_rds.tf">
			<failure type="failure" message="Ensure DB instance gets all minor upgrades automatically">
Resource: aws_db_instance.postgres
File: /08_rds.tf: 14-44
Guideline: https://docs.prismacloud.io/en/enterprise-edition/policy-reference/aws-policies/aws-general-policies/ensure-aws-db-instance-gets-all-minor-upgrades-automatically

		14 | resource &quot;aws_db_instance&quot; &quot;postgres&quot; {
		15 |   identifier     = &quot;${var.project_name}-db&quot;
		16 |   engine         = &quot;postgres&quot;
		17 |   engine_version = &quot;15.4&quot;
		18 |   instance_class = &quot;db.t3.medium&quot;
		19 | 
		20 |   allocated_storage     = 50
		21 |   storage_type           = &quot;gp3&quot;
		22 |   storage_encrypted      = true
		23 |   kms_key_id              = aws_kms_key.main.arn
		24 | 
		25 |   db_name  = &quot;pokiecat&quot;
		26 |   username = var.db_username
		27 |   password = var.db_password
		28 | 
		29 |   multi_az               = true
		30 |   db_subnet_group_name   = aws_db_subnet_group.main.name
		31 |   vpc_security_group_ids = [aws_security_group.rds_sg.id]
		32 |   publicly_accessible    = false
		33 | 
		34 |   backup_retention_period = 7
		35 |   backup_window           = &quot;02:00-03:00&quot;
		36 |   deletion_protection     = true
		37 |   skip_final_snapshot     = false
		38 | 
		39 |   enabled_cloudwatch_logs_exports = [&quot;postgresql&quot;, &quot;upgrade&quot;]
		40 | 
		41 |   tags = {
		42 |     Name = &quot;${var.project_name}-rds&quot;
		43 |   }
		44 | }
</failure>
		</testcase>
		<testcase name="[NONE][CKV_AWS_118] Ensure that enhanced monitoring is enabled for Amazon RDS instances" classname="/08_rds.tf.aws_db_instance.postgres" file="/08_rds.tf">
			<failure type="failure" message="Ensure that enhanced monitoring is enabled for Amazon RDS instances">
Resource: aws_db_instance.postgres
File: /08_rds.tf: 14-44
Guideline: https://docs.prismacloud.io/en/enterprise-edition/policy-reference/aws-policies/aws-logging-policies/ensure-that-enhanced-monitoring-is-enabled-for-amazon-rds-instances

		14 | resource &quot;aws_db_instance&quot; &quot;postgres&quot; {
		15 |   identifier     = &quot;${var.project_name}-db&quot;
		16 |   engine         = &quot;postgres&quot;
		17 |   engine_version = &quot;15.4&quot;
		18 |   instance_class = &quot;db.t3.medium&quot;
		19 | 
		20 |   allocated_storage     = 50
		21 |   storage_type           = &quot;gp3&quot;
		22 |   storage_encrypted      = true
		23 |   kms_key_id              = aws_kms_key.main.arn
		24 | 
		25 |   db_name  = &quot;pokiecat&quot;
		26 |   username = var.db_username
		27 |   password = var.db_password
		28 | 
		29 |   multi_az               = true
		30 |   db_subnet_group_name   = aws_db_subnet_group.main.name
		31 |   vpc_security_group_ids = [aws_security_group.rds_sg.id]
		32 |   publicly_accessible    = false
		33 | 
		34 |   backup_retention_period = 7
		35 |   backup_window           = &quot;02:00-03:00&quot;
		36 |   deletion_protection     = true
		37 |   skip_final_snapshot     = false
		38 | 
		39 |   enabled_cloudwatch_logs_exports = [&quot;postgresql&quot;, &quot;upgrade&quot;]
		40 | 
		41 |   tags = {
		42 |     Name = &quot;${var.project_name}-rds&quot;
		43 |   }
		44 | }
</failure>
		</testcase>
		<testcase name="[NONE][CKV_AWS_353] Ensure that RDS instances have performance insights enabled" classname="/08_rds.tf.aws_db_instance.postgres" file="/08_rds.tf">
			<failure type="failure" message="Ensure that RDS instances have performance insights enabled">
Resource: aws_db_instance.postgres
File: /08_rds.tf: 14-44
Guideline: https://docs.prismacloud.io/en/enterprise-edition/policy-reference/aws-policies/aws-logging-policies/bc-aws-353

		14 | resource &quot;aws_db_instance&quot; &quot;postgres&quot; {
		15 |   identifier     = &quot;${var.project_name}-db&quot;
		16 |   engine         = &quot;postgres&quot;
		17 |   engine_version = &quot;15.4&quot;
		18 |   instance_class = &quot;db.t3.medium&quot;
		19 | 
		20 |   allocated_storage     = 50
		21 |   storage_type           = &quot;gp3&quot;
		22 |   storage_encrypted      = true
		23 |   kms_key_id              = aws_kms_key.main.arn
		24 | 
		25 |   db_name  = &quot;pokiecat&quot;
		26 |   username = var.db_username
		27 |   password = var.db_password
		28 | 
		29 |   multi_az               = true
		30 |   db_subnet_group_name   = aws_db_subnet_group.main.name
		31 |   vpc_security_group_ids = [aws_security_group.rds_sg.id]
		32 |   publicly_accessible    = false
		33 | 
		34 |   backup_retention_period = 7
		35 |   backup_window           = &quot;02:00-03:00&quot;
		36 |   deletion_protection     = true
		37 |   skip_final_snapshot     = false
		38 | 
		39 |   enabled_cloudwatch_logs_exports = [&quot;postgresql&quot;, &quot;upgrade&quot;]
		40 | 
		41 |   tags = {
		42 |     Name = &quot;${var.project_name}-rds&quot;
		43 |   }
		44 | }
</failure>
		</testcase>
		<testcase name="[NONE][CKV_AWS_272] Ensure AWS Lambda function is configured to validate code-signing" classname="/09_async_orders.tf.aws_lambda_function.async[&quot;purchase_confirmation&quot;]" file="/09_async_orders.tf">
			<failure type="failure" message="Ensure AWS Lambda function is configured to validate code-signing">
Resource: aws_lambda_function.async[&quot;purchase_confirmation&quot;]
File: /09_async_orders.tf: 36-61
Guideline: https://docs.prismacloud.io/en/enterprise-edition/policy-reference/aws-policies/aws-general-policies/bc-aws-272

		36 | resource &quot;aws_lambda_function&quot; &quot;async&quot; {
		37 |   for_each = local.async_lambdas
		38 | 
		39 |   function_name = &quot;${var.project_name}-${each.key}&quot;
		40 |   description   = each.value
		41 |   runtime       = &quot;nodejs20.x&quot;
		42 |   handler       = &quot;index.handler&quot;
		43 |   filename         = data.archive_file.lambda_placeholder.output_path
		44 |   source_code_hash = data.archive_file.lambda_placeholder.output_base64sha256
		45 |   role             = aws_iam_role.lambda_exec.arn
		46 |   timeout          = 30
		47 |   memory_size      = 256
		48 | 
		49 |   vpc_config {
		50 |     subnet_ids         = [aws_subnet.private_a.id, aws_subnet.private_b.id]
		51 |     security_group_ids = [aws_security_group.lambda_sg.id]
		52 |   }
		53 | 
		54 |   tracing_config {
		55 |     mode = &quot;Active&quot;
		56 |   }
		57 | 
		58 |   tags = {
		59 |     Name = &quot;${var.project_name}-${each.key}&quot;
		60 |   }
		61 | }
</failure>
		</testcase>
		<testcase name="[NONE][CKV_AWS_115] Ensure that AWS Lambda function is configured for function-level concurrent execution limit" classname="/09_async_orders.tf.aws_lambda_function.async[&quot;purchase_confirmation&quot;]" file="/09_async_orders.tf">
			<failure type="failure" message="Ensure that AWS Lambda function is configured for function-level concurrent execution limit">
[...]
			<failure type="failure" message="Ensure that S3 bucket has cross-region replication enabled">
Resource: aws_s3_bucket.frontend
File: /03_frontend.tf: 5-7
Guideline: https://docs.prismacloud.io/en/enterprise-edition/policy-reference/aws-policies/aws-general-policies/ensure-that-s3-bucket-has-cross-region-replication-enabled

		5 | resource &quot;aws_s3_bucket&quot; &quot;frontend&quot; {
		6 |   bucket = &quot;${var.project_name}-frontend-${var.environment}&quot;
		7 | }
</failure>
		</testcase>
		<testcase name="[NONE][CKV_AWS_144] Ensure that S3 bucket has cross-region replication enabled" classname="/10_monitoring.tf.aws_s3_bucket.canary_artifacts" file="/10_monitoring.tf">
			<failure type="failure" message="Ensure that S3 bucket has cross-region replication enabled">
Resource: aws_s3_bucket.canary_artifacts
File: /10_monitoring.tf: 84-86
Guideline: https://docs.prismacloud.io/en/enterprise-edition/policy-reference/aws-policies/aws-general-policies/ensure-that-s3-bucket-has-cross-region-replication-enabled

		84 | resource &quot;aws_s3_bucket&quot; &quot;canary_artifacts&quot; {
		85 |   bucket = &quot;${var.project_name}-canary-artifacts&quot;
		86 | }
</failure>
		</testcase>
		<testcase name="[NONE][CKV_AWS_144] Ensure that S3 bucket has cross-region replication enabled" classname="/11_security_secrets.tf.aws_s3_bucket.cloudtrail_logs" file="/11_security_secrets.tf">
			<failure type="failure" message="Ensure that S3 bucket has cross-region replication enabled">
Resource: aws_s3_bucket.cloudtrail_logs
File: /11_security_secrets.tf: 73-75
Guideline: https://docs.prismacloud.io/en/enterprise-edition/policy-reference/aws-policies/aws-general-policies/ensure-that-s3-bucket-has-cross-region-replication-enabled

		73 | resource &quot;aws_s3_bucket&quot; &quot;cloudtrail_logs&quot; {
		74 |   bucket = &quot;${var.project_name}-cloudtrail-logs&quot;
		75 | }
</failure>
		</testcase>
		<testcase name="[NONE][CKV2_AWS_10] Ensure CloudTrail trails are integrated with CloudWatch Logs" classname="/11_security_secrets.tf.aws_cloudtrail.main" file="/11_security_secrets.tf">
			<failure type="failure" message="Ensure CloudTrail trails are integrated with CloudWatch Logs">
Resource: aws_cloudtrail.main
File: /11_security_secrets.tf: 59-71
Guideline: https://docs.prismacloud.io/en/enterprise-edition/policy-reference/aws-policies/aws-logging-policies/ensure-cloudtrail-trails-are-integrated-with-cloudwatch-logs

		59 | resource &quot;aws_cloudtrail&quot; &quot;main&quot; {
		60 |   name                          = &quot;${var.project_name}-trail&quot;
		61 |   s3_bucket_name                = aws_s3_bucket.cloudtrail_logs.id
		62 |   include_global_service_events = true
		63 |   is_multi_region_trail         = true
		64 |   enable_log_file_validation    = true
		65 |   kms_key_id                    = aws_kms_key.main.arn
		66 | 
		67 |   event_selector {
		68 |     read_write_type           = &quot;All&quot;
		69 |     include_management_events = true
		70 |   }
		71 | }
</failure>
		</testcase>
		<testcase name="[NONE][CKV_AWS_18] Ensure the S3 bucket has access logging enabled" classname="/03_frontend.tf.aws_s3_bucket.frontend" file="/03_frontend.tf">
			<failure type="failure" message="Ensure the S3 bucket has access logging enabled">
Resource: aws_s3_bucket.frontend
File: /03_frontend.tf: 5-7
Guideline: https://docs.prismacloud.io/en/enterprise-edition/policy-reference/aws-policies/s3-policies/s3-13-enable-logging

		5 | resource &quot;aws_s3_bucket&quot; &quot;frontend&quot; {
		6 |   bucket = &quot;${var.project_name}-frontend-${var.environment}&quot;
		7 | }
</failure>
		</testcase>
		<testcase name="[NONE][CKV_AWS_18] Ensure the S3 bucket has access logging enabled" classname="/10_monitoring.tf.aws_s3_bucket.canary_artifacts" file="/10_monitoring.tf">
			<failure type="failure" message="Ensure the S3 bucket has access logging enabled">
Resource: aws_s3_bucket.canary_artifacts
File: /10_monitoring.tf: 84-86
Guideline: https://docs.prismacloud.io/en/enterprise-edition/policy-reference/aws-policies/s3-policies/s3-13-enable-logging

		84 | resource &quot;aws_s3_bucket&quot; &quot;canary_artifacts&quot; {
		85 |   bucket = &quot;${var.project_name}-canary-artifacts&quot;
		86 | }
</failure>
		</testcase>
		<testcase name="[NONE][CKV_AWS_18] Ensure the S3 bucket has access logging enabled" classname="/11_security_secrets.tf.aws_s3_bucket.cloudtrail_logs" file="/11_security_secrets.tf">
			<failure type="failure" message="Ensure the S3 bucket has access logging enabled">
Resource: aws_s3_bucket.cloudtrail_logs
File: /11_security_secrets.tf: 73-75
Guideline: https://docs.prismacloud.io/en/enterprise-edition/policy-reference/aws-policies/s3-policies/s3-13-enable-logging

		73 | resource &quot;aws_s3_bucket&quot; &quot;cloudtrail_logs&quot; {
		74 |   bucket = &quot;${var.project_name}-cloudtrail-logs&quot;
		75 | }
</failure>
		</testcase>
		<testcase name="[NONE][CKV2_AWS_51] Ensure AWS API Gateway endpoints uses client certificate authentication" classname="/06_api_gateway.tf.aws_api_gateway_stage.prod" file="/06_api_gateway.tf">
			<failure type="failure" message="Ensure AWS API Gateway endpoints uses client certificate authentication">
Resource: aws_api_gateway_stage.prod
File: /06_api_gateway.tf: 22-39
Guideline: https://docs.prismacloud.io/en/enterprise-edition/policy-reference/aws-policies/aws-general-policies/bc-aws-2-51

		22 | resource &quot;aws_api_gateway_stage&quot; &quot;prod&quot; {
		23 |   deployment_id = aws_api_gateway_deployment.main.id
		24 |   rest_api_id   = aws_api_gateway_rest_api.main.id
		25 |   stage_name    = var.environment
		26 | 
		27 |   # Throttling general de la API (100 req/min ya filtrado antes por WAF)
		28 |   xray_tracing_enabled = true
		29 | 
		30 |   access_log_settings {
		31 |     destination_arn = aws_cloudwatch_log_group.api_gw_logs.arn
		32 |     format          = jsonencode({
		33 |       requestId = &quot;$context.requestId&quot;
		34 |       ip        = &quot;$context.identity.sourceIp&quot;
		35 |       status    = &quot;$context.status&quot;
		36 |       latency   = &quot;$context.responseLatency&quot;
		37 |     })
		38 |   }
		39 | }
</failure>
		</testcase>
		<testcase name="[NONE][CKV2_AWS_64] Ensure KMS key Policy is defined" classname="/11_security_secrets.tf.aws_kms_key.main" file="/11_security_secrets.tf">
			<failure type="failure" message="Ensure KMS key Policy is defined">
Resource: aws_kms_key.main
File: /11_security_secrets.tf: 6-14
Guideline: https://docs.prismacloud.io/en/enterprise-edition/policy-reference/aws-policies/aws-iam-policies/bc-aws-2-64

		6  | resource &quot;aws_kms_key&quot; &quot;main&quot; {
		7  |   description             = &quot;KMS key para cifrar RDS, S3 y logs de Pokie Cat&quot;
		8  |   deletion_window_in_days = 30
		9  |   enable_key_rotation     = true
		10 | 
		11 |   tags = {
		12 |     Name = &quot;${var.project_name}-kms&quot;
		13 |   }
		14 | }
</failure>
		</testcase>
		<testcase name="[NONE][CKV2_AWS_47] Ensure AWS CloudFront attached WAFv2 WebACL is configured with AMR for Log4j Vulnerability" classname="/03_frontend.tf.aws_cloudfront_distribution.frontend" file="/03_frontend.tf">
			<failure type="failure" message="Ensure AWS CloudFront attached WAFv2 WebACL is configured with AMR for Log4j Vulnerability">
Resource: aws_cloudfront_distribution.frontend
File: /03_frontend.tf: 35-73
Guideline: https://docs.prismacloud.io/en/enterprise-edition/policy-reference/aws-policies/aws-general-policies/bc-aws-general-47

		35 | resource &quot;aws_cloudfront_distribution&quot; &quot;frontend&quot; {
		36 |   enabled             = true
		37 |   default_root_object = &quot;index.html&quot;
		38 |   aliases             = [var.domain_name]
		39 | 
		40 |   origin {
		41 |     domain_name              = aws_s3_bucket.frontend.bucket_regional_domain_name
		42 |     origin_id                = &quot;s3-frontend&quot;
		43 |     origin_access_control_id = aws_cloudfront_origin_access_control.frontend.id
		44 |   }
		45 | 
		46 |   default_cache_behavior {
		47 |     allowed_methods        = [&quot;GET&quot;, &quot;HEAD&quot;]
		48 |     cached_methods         = [&quot;GET&quot;, &quot;HEAD&quot;]
		49 |     target_origin_id       = &quot;s3-frontend&quot;
		50 |     viewer_protocol_policy = &quot;redirect-to-https&quot;
		51 | 
		52 |     forwarded_values {
		53 |       query_string = false
		54 |       cookies {
		55 |         forward = &quot;none&quot;
		56 |       }
		57 |     }
		58 |   }
		59 | 
		60 |   restrictions {
		61 |     geo_restriction {
		62 |       restriction_type = &quot;none&quot;
		63 |     }
		64 |   }
		65 | 
		66 |   viewer_certificate {
		67 |     acm_certificate_arn      = aws_acm_certificate.main.arn
		68 |     ssl_support_method       = &quot;sni-only&quot;
		69 |     minimum_protocol_version = &quot;TLSv1.2_2021&quot;
		70 |   }
		71 | 
		72 |   web_acl_id = aws_wafv2_web_acl.main.arn
		73 | }
</failure>
		</testcase>
		<testcase name="[NONE][CKV2_AWS_11] Ensure VPC flow logging is enabled in all VPCs" classname="/02_vpc.tf.aws_vpc.main" file="/02_vpc.tf">
			<failure type="failure" message="Ensure VPC flow logging is enabled in all VPCs">
Resource: aws_vpc.main
File: /02_vpc.tf: 5-14
Guideline: https://docs.prismacloud.io/en/enterprise-edition/policy-reference/aws-policies/aws-logging-policies/logging-9-enable-vpc-flow-logging

		5  | resource &quot;aws_vpc&quot; &quot;main&quot; {
		6  |   cidr_block           = var.vpc_cidr
		7  |   enable_dns_support   = true
		8  |   enable_dns_hostnames = true
		9  | 
		10 |   tags = {
		11 |     Name        = &quot;${var.project_name}-vpc&quot;
		12 |     Environment = var.environment
		13 |   }
		14 | }
</failure>
		</testcase>
		<testcase name="[NONE][CKV2_AWS_31] Ensure WAF2 has a Logging Configuration" classname="/04_security_waf.tf.aws_wafv2_web_acl.main" file="/04_security_waf.tf">
			<failure type="failure" message="Ensure WAF2 has a Logging Configuration">
Resource: aws_wafv2_web_acl.main
File: /04_security_waf.tf: 5-85
Guideline: https://docs.prismacloud.io/en/enterprise-edition/policy-reference/aws-policies/aws-logging-policies/bc-aws-logging-33

		Code lines for this resource are too many. Please use IDE of your choice to review the file.</failure>
		</testcase>
		<testcase name="[NONE][CKV2_AWS_30] Ensure Postgres RDS as aws_db_instance has Query Logging enabled" classname="/08_rds.tf.aws_db_instance.postgres" file="/08_rds.tf">
			<failure type="failure" message="Ensure Postgres RDS as aws_db_instance has Query Logging enabled">
Resource: aws_db_instance.postgres
File: /08_rds.tf: 14-44
Guideline: https://docs.prismacloud.io/en/enterprise-edition/policy-reference/aws-policies/aws-general-policies/ensure-postgres-rds-has-query-logging-enabled

		14 | resource &quot;aws_db_instance&quot; &quot;postgres&quot; {
		15 |   identifier     = &quot;${var.project_name}-db&quot;
		16 |   engine         = &quot;postgres&quot;
		17 |   engine_version = &quot;15.4&quot;
		18 |   instance_class = &quot;db.t3.medium&quot;
		19 | 
		20 |   allocated_storage     = 50
		21 |   storage_type           = &quot;gp3&quot;
		22 |   storage_encrypted      = true
		23 |   kms_key_id              = aws_kms_key.main.arn
		24 | 
		25 |   db_name  = &quot;pokiecat&quot;
		26 |   username = var.db_username
		27 |   password = var.db_password
		28 | 
		29 |   multi_az               = true
		30 |   db_subnet_group_name   = aws_db_subnet_group.main.name
		31 |   vpc_security_group_ids = [aws_security_group.rds_sg.id]
		32 |   publicly_accessible    = false
		33 | 
		34 |   backup_retention_period = 7
		35 |   backup_window           = &quot;02:00-03:00&quot;
		36 |   deletion_protection     = true
		37 |   skip_final_snapshot     = false
		38 | 
		39 |   enabled_cloudwatch_logs_exports = [&quot;postgresql&quot;, &quot;upgrade&quot;]
		40 | 
		41 |   tags = {
		42 |     Name = &quot;${var.project_name}-rds&quot;
		43 |   }
		44 | }
</failure>
		</testcase>
		<testcase name="[NONE][CKV2_AWS_29] Ensure public API gateway are protected by WAF" classname="/06_api_gateway.tf.aws_api_gateway_stage.prod" file="/06_api_gateway.tf">
			<failure type="failure" message="Ensure public API gateway are protected by WAF">
Resource: aws_api_gateway_stage.prod
File: /06_api_gateway.tf: 22-39
Guideline: https://docs.prismacloud.io/en/enterprise-edition/policy-reference/aws-policies/aws-networking-policies/ensure-public-api-gateway-are-protected-by-waf

		22 | resource &quot;aws_api_gateway_stage&quot; &quot;prod&quot; {
		23 |   deployment_id = aws_api_gateway_deployment.main.id
		24 |   rest_api_id   = aws_api_gateway_rest_api.main.id
		25 |   stage_name    = var.environment
		26 | 
		27 |   # Throttling general de la API (100 req/min ya filtrado antes por WAF)
		28 |   xray_tracing_enabled = true
		29 | 
		30 |   access_log_settings {
		31 |     destination_arn = aws_cloudwatch_log_group.api_gw_logs.arn
		32 |     format          = jsonencode({
		33 |       requestId = &quot;$context.requestId&quot;
		34 |       ip        = &quot;$context.identity.sourceIp&quot;
		35 |       status    = &quot;$context.status&quot;
		36 |       latency   = &quot;$context.responseLatency&quot;
		37 |     })
		38 |   }
		39 | }
</failure>
		</testcase>
		<testcase name="[NONE][CKV2_AWS_62] Ensure S3 buckets should have event notifications enabled" classname="/03_frontend.tf.aws_s3_bucket.frontend" file="/03_frontend.tf">
			<failure type="failure" message="Ensure S3 buckets should have event notifications enabled">
Resource: aws_s3_bucket.frontend
File: /03_frontend.tf: 5-7
Guideline: https://docs.prismacloud.io/en/enterprise-edition/policy-reference/aws-policies/aws-logging-policies/bc-aws-2-62

		5 | resource &quot;aws_s3_bucket&quot; &quot;frontend&quot; {
		6 |   bucket = &quot;${var.project_name}-frontend-${var.environment}&quot;
		7 | }
</failure>
		</testcase>
		<testcase name="[NONE][CKV2_AWS_62] Ensure S3 buckets should have event notifications enabled" classname="/10_monitoring.tf.aws_s3_bucket.canary_artifacts" file="/10_monitoring.tf">
			<failure type="failure" message="Ensure S3 buckets should have event notifications enabled">
Resource: aws_s3_bucket.canary_artifacts
File: /10_monitoring.tf: 84-86
Guideline: https://docs.prismacloud.io/en/enterprise-edition/policy-reference/aws-policies/aws-logging-policies/bc-aws-2-62

		84 | resource &quot;aws_s3_bucket&quot; &quot;canary_artifacts&quot; {
		85 |   bucket = &quot;${var.project_name}-canary-artifacts&quot;
		86 | }
</failure>
		</testcase>
		<testcase name="[NONE][CKV2_AWS_62] Ensure S3 buckets should have event notifications enabled" classname="/11_security_secrets.tf.aws_s3_bucket.cloudtrail_logs" file="/11_security_secrets.tf">
			<failure type="failure" message="Ensure S3 buckets should have event notifications enabled">
Resource: aws_s3_bucket.cloudtrail_logs
File: /11_security_secrets.tf: 73-75
Guideline: https://docs.prismacloud.io/en/enterprise-edition/policy-reference/aws-policies/aws-logging-policies/bc-aws-2-62

		73 | resource &quot;aws_s3_bucket&quot; &quot;cloudtrail_logs&quot; {
		74 |   bucket = &quot;${var.project_name}-cloudtrail-logs&quot;
		75 | }
</failure>
		</testcase>
		<testcase name="[NONE][CKV2_AWS_32] Ensure CloudFront distribution has a response headers policy attached" classname="/03_frontend.tf.aws_cloudfront_distribution.frontend" file="/03_frontend.tf">
			<failure type="failure" message="Ensure CloudFront distribution has a response headers policy attached">
Resource: aws_cloudfront_distribution.frontend
File: /03_frontend.tf: 35-73
Guideline: https://docs.prismacloud.io/en/enterprise-edition/policy-reference/aws-policies/aws-networking-policies/bc-aws-networking-65

		35 | resource &quot;aws_cloudfront_distribution&quot; &quot;frontend&quot; {
		36 |   enabled             = true
		37 |   default_root_object = &quot;index.html&quot;
		38 |   aliases             = [var.domain_name]
		39 | 
		40 |   origin {
		41 |     domain_name              = aws_s3_bucket.frontend.bucket_regional_domain_name
		42 |     origin_id                = &quot;s3-frontend&quot;
		43 |     origin_access_control_id = aws_cloudfront_origin_access_control.frontend.id
		44 |   }
		45 | 
		46 |   default_cache_behavior {
		47 |     allowed_methods        = [&quot;GET&quot;, &quot;HEAD&quot;]
		48 |     cached_methods         = [&quot;GET&quot;, &quot;HEAD&quot;]
		49 |     target_origin_id       = &quot;s3-frontend&quot;
		50 |     viewer_protocol_policy = &quot;redirect-to-https&quot;
		51 | 
		52 |     forwarded_values {
		53 |       query_string = false
		54 |       cookies {
		55 |         forward = &quot;none&quot;
		56 |       }
		57 |     }
		58 |   }
		59 | 
		60 |   restrictions {
		61 |     geo_restriction {
		62 |       restriction_type = &quot;none&quot;
		63 |     }
		64 |   }
		65 | 
		66 |   viewer_certificate {
		67 |     acm_certificate_arn      = aws_acm_certificate.main.arn
		68 |     ssl_support_method       = &quot;sni-only&quot;
		69 |     minimum_protocol_version = &quot;TLSv1.2_2021&quot;
		70 |   }
		71 | 
		72 |   web_acl_id = aws_wafv2_web_acl.main.arn
		73 | }
</failure>
		</testcase>
		<testcase name="[NONE][CKV_AWS_21] Ensure all data stored in the S3 bucket have versioning enabled" classname="/10_monitoring.tf.aws_s3_bucket.canary_artifacts" file="/10_monitoring.tf">
			<failure type="failure" message="Ensure all data stored in the S3 bucket have versioning enabled">
Resource: aws_s3_bucket.canary_artifacts
File: /10_monitoring.tf: 84-86
Guideline: https://docs.prismacloud.io/en/enterprise-edition/policy-reference/aws-policies/s3-policies/s3-16-enable-versioning

		84 | resource &quot;aws_s3_bucket&quot; &quot;canary_artifacts&quot; {
		85 |   bucket = &quot;${var.project_name}-canary-artifacts&quot;
		86 | }
</failure>
		</testcase>
		<testcase name="[NONE][CKV_AWS_21] Ensure all data stored in the S3 bucket have versioning enabled" classname="/11_security_secrets.tf.aws_s3_bucket.cloudtrail_logs" file="/11_security_secrets.tf">
			<failure type="failure" message="Ensure all data stored in the S3 bucket have versioning enabled">
Resource: aws_s3_bucket.cloudtrail_logs
File: /11_security_secrets.tf: 73-75
Guideline: https://docs.prismacloud.io/en/enterprise-edition/policy-reference/aws-policies/s3-policies/s3-16-enable-versioning

		73 | resource &quot;aws_s3_bucket&quot; &quot;cloudtrail_logs&quot; {
		74 |   bucket = &quot;${var.project_name}-cloudtrail-logs&quot;
		75 | }
</failure>
		</testcase>
		<testcase name="[NONE][CKV2_AWS_61] Ensure that an S3 bucket has a lifecycle configuration" classname="/03_frontend.tf.aws_s3_bucket.frontend" file="/03_frontend.tf">
			<failure type="failure" message="Ensure that an S3 bucket has a lifecycle configuration">
Resource: aws_s3_bucket.frontend
File: /03_frontend.tf: 5-7
Guideline: https://docs.prismacloud.io/en/enterprise-edition/policy-reference/aws-policies/aws-logging-policies/bc-aws-2-61

		5 | resource &quot;aws_s3_bucket&quot; &quot;frontend&quot; {
		6 |   bucket = &quot;${var.project_name}-frontend-${var.environment}&quot;
		7 | }
</failure>
		</testcase>
		<testcase name="[NONE][CKV2_AWS_61] Ensure that an S3 bucket has a lifecycle configuration" classname="/10_monitoring.tf.aws_s3_bucket.canary_artifacts" file="/10_monitoring.tf">
			<failure type="failure" message="Ensure that an S3 bucket has a lifecycle configuration">
Resource: aws_s3_bucket.canary_artifacts
File: /10_monitoring.tf: 84-86
Guideline: https://docs.prismacloud.io/en/enterprise-edition/policy-reference/aws-policies/aws-logging-policies/bc-aws-2-61

		84 | resource &quot;aws_s3_bucket&quot; &quot;canary_artifacts&quot; {
		85 |   bucket = &quot;${var.project_name}-canary-artifacts&quot;
		86 | }
</failure>
		</testcase>
	</testsuite>
</testsuites>
