<?xml version="1.0" ?>
<testsuites disabled="0" errors="0" failures="0" tests="486" time="0.0">
	<testsuite disabled="0" errors="0" failures="0" name="terraform scan" skipped="4" tests="486" time="0">
		<properties>
			<property name="directory" value="['/tf/tf']"/>
			<property name="add_check" value="False"/>
			<property name="list" value="False"/>
			<property name="output" value="['junitxml']"/>
			<property name="output_file_path" value="/tf/tf/results.xml"/>
			<property name="output_bc_ids" value="False"/>
			<property name="include_all_checkov_policies" value="True"/>
			<property name="quiet" value="False"/>
			<property name="compact" value="False"/>
			<property name="framework" value="['all']"/>
			<property name="skip_framework" value="[]"/>
			<property name="run_all_external_checks" value="False"/>
			<property name="soft_fail" value="False"/>
			<property name="skip_results_upload" value="False"/>
			<property name="repo_id" value="cli_repo/tf"/>
			<property name="branch" value="master"/>
			<property name="skip_download" value="False"/>
			<property name="use_enforcement_rules" value="False"/>
			<property name="external_modules_download_path" value=".external_modules"/>
			<property name="evaluate_variables" value="True"/>
			<property name="no_cert_verify" value="False"/>
			<property name="create_baseline" value="False"/>
			<property name="output_baseline_as_skipped" value="False"/>
			<property name="secrets_scan_file_type" value="[]"/>
			<property name="enable_secret_scan_all_files" value="False"/>
			<property name="block_list_secret_scan" value="[]"/>
			<property name="summary_position" value="top"/>
			<property name="skip_resources_without_violations" value="False"/>
			<property name="deep_analysis" value="False"/>
			<property name="no_fail_on_crash" value="False"/>
			<property name="mask" value="defaultdict(&lt;class 'set'&gt;, {})"/>
			<property name="scan_secrets_history" value="False"/>
			<property name="secrets_history_timeout" value="12h"/>
			<property name="custom_tool_name" value="Checkov"/>
		</properties>
		<testcase name="[NONE][CKV_AWS_274] Disallow IAM roles, users, and groups from using the AWS AdministratorAccess policy" classname="/am.tf.aws_iam_role.lambda_exec" file="/am.tf"/>
		<testcase name="[NONE][CKV_AWS_60] Ensure IAM role allows only specific services or principals to assume it" classname="/am.tf.aws_iam_role.lambda_exec" file="/am.tf"/>
		<testcase name="[NONE][CKV_AWS_61] Ensure AWS IAM policy does not allow assume role permission across all services" classname="/am.tf.aws_iam_role.lambda_exec" file="/am.tf"/>
		<testcase name="[NONE][CKV_AWS_393] Ensure AWS GitHub Actions OIDC authorization policies only allow safe claims and claim order on IAM role" classname="/am.tf.aws_iam_role.lambda_exec" file="/am.tf"/>
		<testcase name="[NONE][CKV_AWS_274] Disallow IAM roles, users, and groups from using the AWS AdministratorAccess policy" classname="/am.tf.aws_iam_role_policy_attachment.lambda_vpc_access" file="/am.tf"/>
		<testcase name="[NONE][CKV_AWS_355] Ensure no IAM policies documents allow &quot;*&quot; as a statement's resource for restrictable actions" classname="/am.tf.aws_iam_role_policy.lambda_basic" file="/am.tf"/>
		<testcase name="[NONE][CKV_AWS_63] Ensure no IAM policies documents allow &quot;*&quot; as a statement's actions" classname="/am.tf.aws_iam_role_policy.lambda_basic" file="/am.tf"/>
		<testcase name="[NONE][CKV_AWS_290] Ensure IAM policies does not allow write access without constraints" classname="/am.tf.aws_iam_role_policy.lambda_basic" file="/am.tf"/>
		<testcase name="[NONE][CKV_AWS_288] Ensure IAM policies does not allow data exfiltration" classname="/am.tf.aws_iam_role_policy.lambda_basic" file="/am.tf"/>
		<testcase name="[NONE][CKV_AWS_62] Ensure IAM policies that allow full &quot;*-*&quot; administrative privileges are not created" classname="/am.tf.aws_iam_role_policy.lambda_basic" file="/am.tf"/>
		<testcase name="[NONE][CKV_AWS_289] Ensure IAM policies does not allow permissions management / resource exposure without constraints" classname="/am.tf.aws_iam_role_policy.lambda_basic" file="/am.tf"/>
		<testcase name="[NONE][CKV_AWS_287] Ensure IAM policies does not allow credentials exposure" classname="/am.tf.aws_iam_role_policy.lambda_basic" file="/am.tf"/>
		<testcase name="[NONE][CKV_AWS_286] Ensure IAM policies does not allow privilege escalation" classname="/am.tf.aws_iam_role_policy.lambda_basic" file="/am.tf"/>
		<testcase name="[NONE][CKV_AWS_237] Ensure Create before destroy for API Gateway" classname="/api_gateway.tf.aws_api_gateway_rest_api.main" file="/api_gateway.tf"/>
		<testcase name="[NONE][CKV_AWS_76] Ensure API Gateway has Access Logging enabled" classname="/api_gateway.tf.aws_api_gateway_stage.prod" file="/api_gateway.tf"/>
		<testcase name="[NONE][CKV_AWS_73] Ensure API Gateway has X-Ray Tracing enabled" classname="/api_gateway.tf.aws_api_gateway_stage.prod" file="/api_gateway.tf"/>
		<testcase name="[NONE][CKV_AWS_120] Ensure API Gateway caching is enabled" classname="/api_gateway.tf.aws_api_gateway_stage.prod" file="/api_gateway.tf"/>
		<testcase name="[NONE][CKV_AWS_342] Ensure WAF rule has any actions" classname="/api_gateway.tf.aws_wafv2_web_acl.api_gateway" file="/api_gateway.tf"/>
		<testcase name="[NONE][CKV_AWS_192] Ensure WAF prevents message lookup in Log4j2. See CVE-2021-44228 aka log4jshell" classname="/api_gateway.tf.aws_wafv2_web_acl.api_gateway" file="/api_gateway.tf"/>
		<testcase name="[NONE][CKV_AWS_175] Ensure WAF has associated rules" classname="/api_gateway.tf.aws_wafv2_web_acl.api_gateway" file="/api_gateway.tf"/>
		<testcase name="[NONE][CKV_AWS_276] Ensure Data Trace is not enabled in API Gateway Method Settings" classname="/api_gateway.tf.aws_api_gateway_method_settings.prod" file="/api_gateway.tf"/>
		<testcase name="[NONE][CKV_AWS_225] Ensure API Gateway method setting caching is enabled" classname="/api_gateway.tf.aws_api_gateway_method_settings.prod" file="/api_gateway.tf"/>
		<testcase name="[NONE][CKV_AWS_308] Ensure API Gateway method setting caching is set to encrypted" classname="/api_gateway.tf.aws_api_gateway_method_settings.prod" file="/api_gateway.tf"/>
		<testcase name="[NONE][CKV_AWS_217] Ensure Create before destroy for API deployments" classname="/api_gateway.tf.aws_api_gateway_deployment.main" file="/api_gateway.tf"/>
		<testcase name="[NONE][CKV_AWS_158] Ensure that CloudWatch Log Group is encrypted by KMS" classname="/api_gateway.tf.aws_cloudwatch_log_group.api_gw_logs" file="/api_gateway.tf"/>
		<testcase name="[NONE][CKV_AWS_66] Ensure that CloudWatch Log Group specifies retention days" classname="/api_gateway.tf.aws_cloudwatch_log_group.api_gw_logs" file="/api_gateway.tf"/>
		<testcase name="[NONE][CKV_AWS_338] Ensure CloudWatch log groups retains logs for at least 1 year" classname="/api_gateway.tf.aws_cloudwatch_log_group.api_gw_logs" file="/api_gateway.tf"/>
		<testcase name="[NONE][CKV_AWS_158] Ensure that CloudWatch Log Group is encrypted by KMS" classname="/api_gateway.tf.aws_cloudwatch_log_group.apigw_waf_logs" file="/api_gateway.tf"/>
		<testcase name="[NONE][CKV_AWS_66] Ensure that CloudWatch Log Group specifies retention days" classname="/api_gateway.tf.aws_cloudwatch_log_group.apigw_waf_logs" file="/api_gateway.tf"/>
		<testcase name="[NONE][CKV_AWS_338] Ensure CloudWatch log groups retains logs for at least 1 year" classname="/api_gateway.tf.aws_cloudwatch_log_group.apigw_waf_logs" file="/api_gateway.tf"/>
		<testcase name="[NONE][CKV_AWS_59] Ensure there is no open access to back-end resources through API" classname="/api_routes.tf.aws_api_gateway_method.any" file="/api_routes.tf"/>
		<testcase name="[NONE][CKV2_AWS_70] Ensure API gateway method has authorization or API key set" classname="/api_routes.tf.aws_api_gateway_method.any" file="/api_routes.tf"/>
		<testcase name="[NONE][CKV_AWS_364] Ensure that AWS Lambda function permissions delegated to AWS services are limited by SourceArn or SourceAccount" classname="/api_routes.tf.aws_lambda_permission.apigw[&quot;auth&quot;]" file="/api_routes.tf"/>
		<testcase name="[NONE][CKV_AWS_301] Ensure that AWS Lambda function is not publicly accessible" classname="/api_routes.tf.aws_lambda_permission.apigw[&quot;auth&quot;]" file="/api_routes.tf"/>
		<testcase name="[NONE][CKV_AWS_59] Ensure there is no open access to back-end resources through API" classname="/api_routes.tf.aws_api_gateway_method.cors" file="/api_routes.tf"/>
		<testcase name="[NONE][CKV_AWS_364] Ensure that AWS Lambda function permissions delegated to AWS services are limited by SourceArn or SourceAccount" classname="/api_routes.tf.aws_lambda_permission.apigw[&quot;catalogo&quot;]" file="/api_routes.tf"/>
		<testcase name="[NONE][CKV_AWS_301] Ensure that AWS Lambda function is not publicly accessible" classname="/api_routes.tf.aws_lambda_permission.apigw[&quot;catalogo&quot;]" file="/api_routes.tf"/>
		<testcase name="[NONE][CKV_AWS_364] Ensure that AWS Lambda function permissions delegated to AWS services are limited by SourceArn or SourceAccount" classname="/api_routes.tf.aws_lambda_permission.apigw[&quot;gastos&quot;]" file="/api_routes.tf"/>
		<testcase name="[NONE][CKV_AWS_301] Ensure that AWS Lambda function is not publicly accessible" classname="/api_routes.tf.aws_lambda_permission.apigw[&quot;gastos&quot;]" file="/api_routes.tf"/>
		<testcase name="[NONE][CKV_AWS_364] Ensure that AWS Lambda function permissions delegated to AWS services are limited by SourceArn or SourceAccount" classname="/api_routes.tf.aws_lambda_permission.apigw[&quot;pedidos&quot;]" file="/api_routes.tf"/>
		<testcase name="[NONE][CKV_AWS_301] Ensure that AWS Lambda function is not publicly accessible" classname="/api_routes.tf.aws_lambda_permission.apigw[&quot;pedidos&quot;]" file="/api_routes.tf"/>
		<testcase name="[NONE][CKV_AWS_27] Ensure all data stored in the SQS queue is encrypted" classname="/async_orders.tf.aws_sqs_queue.orders_dlq" file="/async_orders.tf"/>
		<testcase name="[NONE][CKV_AWS_168] Ensure SQS queue policy is not public by only allowing specific services or principals to access it" classname="/async_orders.tf.aws_sqs_queue.orders_dlq" file="/async_orders.tf"/>
		<testcase name="[NONE][CKV_AWS_27] Ensure all data stored in the SQS queue is encrypted" classname="/async_orders.tf.aws_sqs_queue.orders" file="/async_orders.tf"/>
		<testcase name="[NONE][CKV_AWS_168] Ensure SQS queue policy is not public by only allowing specific services or principals to access it" classname="/async_orders.tf.aws_sqs_queue.orders" file="/async_orders.tf"/>
		<testcase name="[NONE][CKV_AWS_27] Ensure all data stored in the SQS queue is encrypted" classname="/async_orders.tf.aws_sqs_queue.throttling_contingency" file="/async_orders.tf"/>
		<testcase name="[NONE][CKV_AWS_168] Ensure SQS queue policy is not public by only allowing specific services or principals to access it" classname="/async_orders.tf.aws_sqs_queue.throttling_contingency" file="/async_orders.tf"/>
		<testcase name="[NONE][CKV_AWS_117] Ensure that AWS Lambda function is configured inside a VPC" classname="/async_orders.tf.aws_lambda_function.async[&quot;purchase_confirmation&quot;]" file="/async_orders.tf"/>
		<testcase name="[NONE][CKV_AWS_115] Ensure that AWS Lambda function is configured for function-level concurrent execution limit" classname="/async_orders.tf.aws_lambda_function.async[&quot;purchase_confirmation&quot;]" file="/async_orders.tf"/>
		<testcase name="[NONE][CKV_AWS_116] Ensure that AWS Lambda function is configured for a Dead Letter Queue(DLQ)" classname="/async_orders.tf.aws_lambda_function.async[&quot;purchase_confirmation&quot;]" file="/async_orders.tf"/>
		<testcase name="[NONE][CKV_AWS_50] X-Ray tracing is enabled for Lambda" classname="/async_orders.tf.aws_lambda_function.async[&quot;purchase_confirmation&quot;]" file="/async_orders.tf"/>
		<testcase name="[NONE][CKV_AWS_173] Check encryption settings for Lambda environmental variable" classname="/async_orders.tf.aws_lambda_function.async[&quot;purchase_confirmation&quot;]" file="/async_orders.tf"/>
		<testcase name="[NONE][CKV_AWS_45] Ensure no hard-coded secrets exist in lambda environment" classname="/async_orders.tf.aws_lambda_function.async[&quot;purchase_confirmation&quot;]" file="/async_orders.tf"/>
		<testcase name="[NONE][CKV_AWS_363] Ensure Lambda Runtime is not deprecated" classname="/async_orders.tf.aws_lambda_function.async[&quot;purchase_confirmation&quot;]" file="/async_orders.tf"/>
		<testcase name="[NONE][CKV_AWS_272] Ensure AWS Lambda function is configured to validate code-signing" classname="/async_orders.tf.aws_lambda_function.async[&quot;purchase_confirmation&quot;]" file="/async_orders.tf"/>
		<testcase name="[NONE][CKV_AWS_158] Ensure that CloudWatch Log Group is encrypted by KMS" classname="/async_orders.tf.aws_cloudwatch_log_group.async_lambda_logs[&quot;purchase_confirmation&quot;]" file="/async_orders.tf"/>
		<testcase name="[NONE][CKV_AWS_66] Ensure that CloudWatch Log Group specifies retention days" classname="/async_orders.tf.aws_cloudwatch_log_group.async_lambda_logs[&quot;purchase_confirmation&quot;]" file="/async_orders.tf"/>
		<testcase name="[NONE][CKV_AWS_338] Ensure CloudWatch log groups retains logs for at least 1 year" classname="/async_orders.tf.aws_cloudwatch_log_group.async_lambda_logs[&quot;purchase_confirmation&quot;]" file="/async_orders.tf"/>
		<testcase name="[NONE][CKV_AWS_284] Ensure State Machine has X-Ray tracing enabled" classname="/async_orders.tf.aws_sfn_state_machine.orders_orchestrator" file="/async_orders.tf"/>
		<testcase name="[NONE][CKV_AWS_285] Ensure State Machine has execution history logging enabled" classname="/async_orders.tf.aws_sfn_state_machine.orders_orchestrator" file="/async_orders.tf"/>
		<testcase name="[NONE][CKV_AWS_158] Ensure that CloudWatch Log Group is encrypted by KMS" classname="/async_orders.tf.aws_cloudwatch_log_group.sfn_logs" file="/async_orders.tf"/>
		<testcase name="[NONE][CKV_AWS_66] Ensure that CloudWatch Log Group specifies retention days" classname="/async_orders.tf.aws_cloudwatch_log_group.sfn_logs" file="/async_orders.tf"/>
		<testcase name="[NONE][CKV_AWS_338] Ensure CloudWatch log groups retains logs for at least 1 year" classname="/async_orders.tf.aws_cloudwatch_log_group.sfn_logs" file="/async_orders.tf"/>
		<testcase name="[NONE][CKV_AWS_274] Disallow IAM roles, users, and groups from using the AWS AdministratorAccess policy" classname="/async_orders.tf.aws_iam_role.step_functions_role" file="/async_orders.tf"/>
		<testcase name="[NONE][CKV_AWS_60] Ensure IAM role allows only specific services or principals to assume it" classname="/async_orders.tf.aws_iam_role.step_functions_role" file="/async_orders.tf"/>
		<testcase name="[NONE][CKV_AWS_61] Ensure AWS IAM policy does not allow assume role permission across all services" classname="/async_orders.tf.aws_iam_role.step_functions_role" file="/async_orders.tf"/>
		<testcase name="[NONE][CKV_AWS_393] Ensure AWS GitHub Actions OIDC authorization policies only allow safe claims and claim order on IAM role" classname="/async_orders.tf.aws_iam_role.step_functions_role" file="/async_orders.tf"/>
		<testcase name="[NONE][CKV_AWS_355] Ensure no IAM policies documents allow &quot;*&quot; as a statement's resource for restrictable actions" classname="/async_orders.tf.aws_iam_role_policy.step_functions_policy" file="/async_orders.tf"/>
		<testcase name="[NONE][CKV_AWS_63] Ensure no IAM policies documents allow &quot;*&quot; as a statement's actions" classname="/async_orders.tf.aws_iam_role_policy.step_functions_policy" file="/async_orders.tf"/>
		<testcase name="[NONE][CKV_AWS_290] Ensure IAM policies does not allow write access without constraints" classname="/async_orders.tf.aws_iam_role_policy.step_functions_policy" file="/async_orders.tf"/>
		<testcase name="[NONE][CKV_AWS_288] Ensure IAM policies does not allow data exfiltration" classname="/async_orders.tf.aws_iam_role_policy.step_functions_policy" file="/async_orders.tf"/>
		<testcase name="[NONE][CKV_AWS_62] Ensure IAM policies that allow full &quot;*-*&quot; administrative privileges are not created" classname="/async_orders.tf.aws_iam_role_policy.step_functions_policy" file="/async_orders.tf"/>
		<testcase name="[NONE][CKV_AWS_289] Ensure IAM policies does not allow permissions management / resource exposure without constraints" classname="/async_orders.tf.aws_iam_role_policy.step_functions_policy" file="/async_orders.tf"/>
		<testcase name="[NONE][CKV_AWS_287] Ensure IAM policies does not allow credentials exposure" classname="/async_orders.tf.aws_iam_role_policy.step_functions_policy" file="/async_orders.tf"/>
		<testcase name="[NONE][CKV_AWS_286] Ensure IAM policies does not allow privilege escalation" classname="/async_orders.tf.aws_iam_role_policy.step_functions_policy" file="/async_orders.tf"/>
		<testcase name="[NONE][CKV_AWS_26] Ensure all data stored in the SNS topic is encrypted" classname="/async_orders.tf.aws_sns_topic.order_notifications" file="/async_orders.tf"/>
		<testcase name="[NONE][CKV_AWS_117] Ensure that AWS Lambda function is configured inside a VPC" classname="/async_orders.tf.aws_lambda_function.async[&quot;send_order_email&quot;]" file="/async_orders.tf"/>
		<testcase name="[NONE][CKV_AWS_115] Ensure that AWS Lambda function is configured for function-level concurrent execution limit" classname="/async_orders.tf.aws_lambda_function.async[&quot;send_order_email&quot;]" file="/async_orders.tf"/>
		<testcase name="[NONE][CKV_AWS_116] Ensure that AWS Lambda function is configured for a Dead Letter Queue(DLQ)" classname="/async_orders.tf.aws_lambda_function.async[&quot;send_order_email&quot;]" file="/async_orders.tf"/>
		<testcase name="[NONE][CKV_AWS_50] X-Ray tracing is enabled for Lambda" classname="/async_orders.tf.aws_lambda_function.async[&quot;send_order_email&quot;]" file="/async_orders.tf"/>
		<testcase name="[NONE][CKV_AWS_173] Check encryption settings for Lambda environmental variable" classname="/async_orders.tf.aws_lambda_function.async[&quot;send_order_email&quot;]" file="/async_orders.tf"/>
		<testcase name="[NONE][CKV_AWS_45] Ensure no hard-coded secrets exist in lambda environment" classname="/async_orders.tf.aws_lambda_function.async[&quot;send_order_email&quot;]" file="/async_orders.tf"/>
		<testcase name="[NONE][CKV_AWS_363] Ensure Lambda Runtime is not deprecated" classname="/async_orders.tf.aws_lambda_function.async[&quot;send_order_email&quot;]" file="/async_orders.tf"/>
		<testcase name="[NONE][CKV_AWS_272] Ensure AWS Lambda function is configured to validate code-signing" classname="/async_orders.tf.aws_lambda_function.async[&quot;send_order_email&quot;]" file="/async_orders.tf"/>
		<testcase name="[NONE][CKV_AWS_117] Ensure that AWS Lambda function is configured inside a VPC" classname="/async_orders.tf.aws_lambda_function.async[&quot;stock_check&quot;]" file="/async_orders.tf"/>
		<testcase name="[NONE][CKV_AWS_115] Ensure that AWS Lambda function is configured for function-level concurrent execution limit" classname="/async_orders.tf.aws_lambda_function.async[&quot;stock_check&quot;]" file="/async_orders.tf"/>
		<testcase name="[NONE][CKV_AWS_116] Ensure that AWS Lambda function is configured for a Dead Letter Queue(DLQ)" classname="/async_orders.tf.aws_lambda_function.async[&quot;stock_check&quot;]" file="/async_orders.tf"/>
		<testcase name="[NONE][CKV_AWS_50] X-Ray tracing is enabled for Lambda" classname="/async_orders.tf.aws_lambda_function.async[&quot;stock_check&quot;]" file="/async_orders.tf"/>
		<testcase name="[NONE][CKV_AWS_173] Check encryption settings for Lambda environmental variable" classname="/async_orders.tf.aws_lambda_function.async[&quot;stock_check&quot;]" file="/async_orders.tf"/>
		<testcase name="[NONE][CKV_AWS_45] Ensure no hard-coded secrets exist in lambda environment" classname="/async_orders.tf.aws_lambda_function.async[&quot;stock_check&quot;]" file="/async_orders.tf"/>
		<testcase name="[NONE][CKV_AWS_363] Ensure Lambda Runtime is not deprecated" classname="/async_orders.tf.aws_lambda_function.async[&quot;stock_check&quot;]" file="/async_orders.tf"/>
		<testcase name="[NONE][CKV_AWS_272] Ensure AWS Lambda function is configured to validate code-signing" classname="/async_orders.tf.aws_lambda_function.async[&quot;stock_check&quot;]" file="/async_orders.tf"/>
		<testcase name="[NONE][CKV_AWS_158] Ensure that CloudWatch Log Group is encrypted by KMS" classname="/async_orders.tf.aws_cloudwatch_log_group.async_lambda_logs[&quot;send_order_email&quot;]" file="/async_orders.tf"/>
		<testcase name="[NONE][CKV_AWS_66] Ensure that CloudWatch Log Group specifies retention days" classname="/async_orders.tf.aws_cloudwatch_log_group.async_lambda_logs[&quot;send_order_email&quot;]" file="/async_orders.tf"/>
		<testcase name="[NONE][CKV_AWS_338] Ensure CloudWatch log groups retains logs for at least 1 year" classname="/async_orders.tf.aws_cloudwatch_log_group.async_lambda_logs[&quot;send_order_email&quot;]" file="/async_orders.tf"/>
		<testcase name="[NONE][CKV_AWS_158] Ensure that CloudWatch Log Group is encrypted by KMS" classname="/async_orders.tf.aws_cloudwatch_log_group.async_lambda_logs[&quot;stock_check&quot;]" file="/async_orders.tf"/>
		<testcase name="[NONE][CKV_AWS_66] Ensure that CloudWatch Log Group specifies retention days" classname="/async_orders.tf.aws_cloudwatch_log_group.async_lambda_logs[&quot;stock_check&quot;]" file="/async_orders.tf"/>
		<testcase name="[NONE][CKV_AWS_338] Ensure CloudWatch log groups retains logs for at least 1 year" classname="/async_orders.tf.aws_cloudwatch_log_group.async_lambda_logs[&quot;stock_check&quot;]" file="/async_orders.tf"/>
		<testcase name="[NONE][CKV_AWS_93] Ensure S3 bucket policy does not lockout all but root user. (Prevent lockouts needing root account fixes)" classname="/frontend.tf.aws_s3_bucket.frontend" file="/frontend.tf"/>
		<testcase name="[NONE][CKV_AWS_54] Ensure S3 bucket has block public policy enabled" classname="/frontend.tf.aws_s3_bucket_public_access_block.frontend" file="/frontend.tf"/>
		<testcase name="[NONE][CKV_AWS_56] Ensure S3 bucket has 'restrict_public_buckets' enabled" classname="/frontend.tf.aws_s3_bucket_public_access_block.frontend" file="/frontend.tf"/>
		<testcase name="[NONE][CKV_AWS_53] Ensure S3 bucket has block public ACLS enabled" classname="/frontend.tf.aws_s3_bucket_public_access_block.frontend" file="/frontend.tf"/>
		<testcase name="[NONE][CKV_AWS_55] Ensure S3 bucket has ignore public ACLs enabled" classname="/frontend.tf.aws_s3_bucket_public_access_block.frontend" file="/frontend.tf"/>
		<testcase name="[NONE][CKV_AWS_300] Ensure S3 lifecycle configuration sets period for aborting failed uploads" classname="/frontend.tf.aws_s3_bucket_lifecycle_configuration.frontend" file="/frontend.tf"/>
		<testcase name="[NONE][CKV_AWS_93] Ensure S3 bucket policy does not lockout all but root user. (Prevent lockouts needing root account fixes)" classname="/frontend.tf.aws_s3_bucket.access_logs" file="/frontend.tf"/>
		<testcase name="[NONE][CKV_AWS_54] Ensure S3 bucket has block public policy enabled" classname="/frontend.tf.aws_s3_bucket_public_access_block.access_logs" file="/frontend.tf"/>
		<testcase name="[NONE][CKV_AWS_56] Ensure S3 bucket has 'restrict_public_buckets' enabled" classname="/frontend.tf.aws_s3_bucket_public_access_block.access_logs" file="/frontend.tf"/>
		<testcase name="[NONE][CKV_AWS_53] Ensure S3 bucket has block public ACLS enabled" classname="/frontend.tf.aws_s3_bucket_public_access_block.access_logs" file="/frontend.tf"/>
		<testcase name="[NONE][CKV_AWS_55] Ensure S3 bucket has ignore public ACLs enabled" classname="/frontend.tf.aws_s3_bucket_public_access_block.access_logs" file="/frontend.tf"/>
		<testcase name="[NONE][CKV_AWS_300] Ensure S3 lifecycle configuration sets period for aborting failed uploads" classname="/frontend.tf.aws_s3_bucket_lifecycle_configuration.access_logs" file="/frontend.tf"/>
		<testcase name="[NONE][CKV_AWS_93] Ensure S3 bucket policy does not lockout all but root user. (Prevent lockouts needing root account fixes)" classname="/frontend.tf.aws_s3_bucket_policy.frontend" file="/frontend.tf"/>
		<testcase name="[NONE][CKV_AWS_93] Ensure S3 bucket policy does not lockout all but root user. (Prevent lockouts needing root account fixes)" classname="/frontend.tf.aws_s3_bucket_policy.access_logs" file="/frontend.tf"/>
		<testcase name="[NONE][CKV_AWS_34] Ensure CloudFront distribution ViewerProtocolPolicy is set to HTTPS" classname="/frontend.tf.aws_cloudfront_distribution.frontend" file="/frontend.tf"/>
		<testcase name="[NONE][CKV_AWS_68] CloudFront Distribution should have WAF enabled" classname="/frontend.tf.aws_cloudfront_distribution.frontend" file="/frontend.tf"/>
		<testcase name="[NONE][CKV_AWS_374] Ensure AWS CloudFront web distribution has geo restriction enabled" classname="/frontend.tf.aws_cloudfront_distribution.frontend" file="/frontend.tf"/>
		<testcase name="[NONE][CKV_AWS_216] Ensure CloudFront distribution is enabled" classname="/frontend.tf.aws_cloudfront_distribution.frontend" file="/frontend.tf"/>
		<testcase name="[NONE][CKV_AWS_310] Ensure CloudFront distributions should have origin failover configured" classname="/frontend.tf.aws_cloudfront_distribution.frontend" file="/frontend.tf"/>
		<testcase name="[NONE][CKV_AWS_305] Ensure CloudFront distribution has a default root object configured" classname="/frontend.tf.aws_cloudfront_distribution.frontend" file="/frontend.tf"/>
		<testcase name="[NONE][CKV_AWS_86] Ensure CloudFront distribution has Access Logging enabled" classname="/frontend.tf.aws_cloudfront_distribution.frontend" file="/frontend.tf"/>
		<testcase name="[NONE][CKV_AWS_259] Ensure CloudFront response header policy enforces Strict Transport Security" classname="/frontend.tf.aws_cloudfront_response_headers_policy.security_headers" file="/frontend.tf"/>
		<testcase name="[NONE][CKV_AWS_117] Ensure that AWS Lambda function is configured inside a VPC" classname="/lambdas_sync.tf.aws_lambda_function.sync[&quot;auth&quot;]" file="/lambdas_sync.tf"/>
		<testcase name="[NONE][CKV_AWS_115] Ensure that AWS Lambda function is configured for function-level concurrent execution limit" classname="/lambdas_sync.tf.aws_lambda_function.sync[&quot;auth&quot;]" file="/lambdas_sync.tf"/>
		<testcase name="[NONE][CKV_AWS_116] Ensure that AWS Lambda function is configured for a Dead Letter Queue(DLQ)" classname="/lambdas_sync.tf.aws_lambda_function.sync[&quot;auth&quot;]" file="/lambdas_sync.tf"/>
		<testcase name="[NONE][CKV_AWS_50] X-Ray tracing is enabled for Lambda" classname="/lambdas_sync.tf.aws_lambda_function.sync[&quot;auth&quot;]" file="/lambdas_sync.tf"/>
		<testcase name="[NONE][CKV_AWS_173] Check encryption settings for Lambda environmental variable" classname="/lambdas_sync.tf.aws_lambda_function.sync[&quot;auth&quot;]" file="/lambdas_sync.tf"/>
		<testcase name="[NONE][CKV_AWS_45] Ensure no hard-coded secrets exist in lambda environment" classname="/lambdas_sync.tf.aws_lambda_function.sync[&quot;auth&quot;]" file="/lambdas_sync.tf"/>
		<testcase name="[NONE][CKV_AWS_363] Ensure Lambda Runtime is not deprecated" classname="/lambdas_sync.tf.aws_lambda_function.sync[&quot;auth&quot;]" file="/lambdas_sync.tf"/>
		<testcase name="[NONE][CKV_AWS_272] Ensure AWS Lambda function is configured to validate code-signing" classname="/lambdas_sync.tf.aws_lambda_function.sync[&quot;auth&quot;]" file="/lambdas_sync.tf"/>
		<testcase name="[NONE][CKV_AWS_158] Ensure that CloudWatch Log Group is encrypted by KMS" classname="/lambdas_sync.tf.aws_cloudwatch_log_group.sync_lambda_logs[&quot;auth&quot;]" file="/lambdas_sync.tf"/>
		<testcase name="[NONE][CKV_AWS_66] Ensure that CloudWatch Log Group specifies retention days" classname="/lambdas_sync.tf.aws_cloudwatch_log_group.sync_lambda_logs[&quot;auth&quot;]" file="/lambdas_sync.tf"/>
		<testcase name="[NONE][CKV_AWS_338] Ensure CloudWatch log groups retains logs for at least 1 year" classname="/lambdas_sync.tf.aws_cloudwatch_log_group.sync_lambda_logs[&quot;auth&quot;]" file="/lambdas_sync.tf"/>
		<testcase name="[NONE][CKV_AWS_117] Ensure that AWS Lambda function is configured inside a VPC" classname="/lambdas_sync.tf.aws_lambda_function.sync[&quot;catalogo&quot;]" file="/lambdas_sync.tf"/>
		<testcase name="[NONE][CKV_AWS_115] Ensure that AWS Lambda function is configured for function-level concurrent execution limit" classname="/lambdas_sync.tf.aws_lambda_function.sync[&quot;catalogo&quot;]" file="/lambdas_sync.tf"/>
		<testcase name="[NONE][CKV_AWS_116] Ensure that AWS Lambda function is configured for a Dead Letter Queue(DLQ)" classname="/lambdas_sync.tf.aws_lambda_function.sync[&quot;catalogo&quot;]" file="/lambdas_sync.tf"/>
		<testcase name="[NONE][CKV_AWS_50] X-Ray tracing is enabled for Lambda" classname="/lambdas_sync.tf.aws_lambda_function.sync[&quot;catalogo&quot;]" file="/lambdas_sync.tf"/>
		<testcase name="[NONE][CKV_AWS_173] Check encryption settings for Lambda environmental variable" classname="/lambdas_sync.tf.aws_lambda_function.sync[&quot;catalogo&quot;]" file="/lambdas_sync.tf"/>
		<testcase name="[NONE][CKV_AWS_45] Ensure no hard-coded secrets exist in lambda environment" classname="/lambdas_sync.tf.aws_lambda_function.sync[&quot;catalogo&quot;]" file="/lambdas_sync.tf"/>
		<testcase name="[NONE][CKV_AWS_363] Ensure Lambda Runtime is not deprecated" classname="/lambdas_sync.tf.aws_lambda_function.sync[&quot;catalogo&quot;]" file="/lambdas_sync.tf"/>
		<testcase name="[NONE][CKV_AWS_272] Ensure AWS Lambda function is configured to validate code-signing" classname="/lambdas_sync.tf.aws_lambda_function.sync[&quot;catalogo&quot;]" file="/lambdas_sync.tf"/>
		<testcase name="[NONE][CKV_AWS_117] Ensure that AWS Lambda function is configured inside a VPC" classname="/lambdas_sync.tf.aws_lambda_function.sync[&quot;gastos&quot;]" file="/lambdas_sync.tf"/>
		<testcase name="[NONE][CKV_AWS_115] Ensure that AWS Lambda function is configured for function-level concurrent execution limit" classname="/lambdas_sync.tf.aws_lambda_function.sync[&quot;gastos&quot;]" file="/lambdas_sync.tf"/>
		<testcase name="[NONE][CKV_AWS_116] Ensure that AWS Lambda function is configured for a Dead Letter Queue(DLQ)" classname="/lambdas_sync.tf.aws_lambda_function.sync[&quot;gastos&quot;]" file="/lambdas_sync.tf"/>
		<testcase name="[NONE][CKV_AWS_50] X-Ray tracing is enabled for Lambda" classname="/lambdas_sync.tf.aws_lambda_function.sync[&quot;gastos&quot;]" file="/lambdas_sync.tf"/>
		<testcase name="[NONE][CKV_AWS_173] Check encryption settings for Lambda environmental variable" classname="/lambdas_sync.tf.aws_lambda_function.sync[&quot;gastos&quot;]" file="/lambdas_sync.tf"/>
		<testcase name="[NONE][CKV_AWS_45] Ensure no hard-coded secrets exist in lambda environment" classname="/lambdas_sync.tf.aws_lambda_function.sync[&quot;gastos&quot;]" file="/lambdas_sync.tf"/>
		<testcase name="[NONE][CKV_AWS_363] Ensure Lambda Runtime is not deprecated" classname="/lambdas_sync.tf.aws_lambda_function.sync[&quot;gastos&quot;]" file="/lambdas_sync.tf"/>
		<testcase name="[NONE][CKV_AWS_272] Ensure AWS Lambda function is configured to validate code-signing" classname="/lambdas_sync.tf.aws_lambda_function.sync[&quot;gastos&quot;]" file="/lambdas_sync.tf"/>
		<testcase name="[NONE][CKV_AWS_117] Ensure that AWS Lambda function is configured inside a VPC" classname="/lambdas_sync.tf.aws_lambda_function.sync[&quot;pedidos&quot;]" file="/lambdas_sync.tf"/>
		<testcase name="[NONE][CKV_AWS_115] Ensure that AWS Lambda function is configured for function-level concurrent execution limit" classname="/lambdas_sync.tf.aws_lambda_function.sync[&quot;pedidos&quot;]" file="/lambdas_sync.tf"/>
		<testcase name="[NONE][CKV_AWS_116] Ensure that AWS Lambda function is configured for a Dead Letter Queue(DLQ)" classname="/lambdas_sync.tf.aws_lambda_function.sync[&quot;pedidos&quot;]" file="/lambdas_sync.tf"/>
		<testcase name="[NONE][CKV_AWS_50] X-Ray tracing is enabled for Lambda" classname="/lambdas_sync.tf.aws_lambda_function.sync[&quot;pedidos&quot;]" file="/lambdas_sync.tf"/>
		<testcase name="[NONE][CKV_AWS_173] Check encryption settings for Lambda environmental variable" classname="/lambdas_sync.tf.aws_lambda_function.sync[&quot;pedidos&quot;]" file="/lambdas_sync.tf"/>
		<testcase name="[NONE][CKV_AWS_45] Ensure no hard-coded secrets exist in lambda environment" classname="/lambdas_sync.tf.aws_lambda_function.sync[&quot;pedidos&quot;]" file="/lambdas_sync.tf"/>
		<testcase name="[NONE][CKV_AWS_363] Ensure Lambda Runtime is not deprecated" classname="/lambdas_sync.tf.aws_lambda_function.sync[&quot;pedidos&quot;]" file="/lambdas_sync.tf"/>
		<testcase name="[NONE][CKV_AWS_272] Ensure AWS Lambda function is configured to validate code-signing" classname="/lambdas_sync.tf.aws_lambda_function.sync[&quot;pedidos&quot;]" file="/lambdas_sync.tf"/>
		<testcase name="[NONE][CKV_AWS_158] Ensure that CloudWatch Log Group is encrypted by KMS" classname="/lambdas_sync.tf.aws_cloudwatch_log_group.sync_lambda_logs[&quot;catalogo&quot;]" file="/lambdas_sync.tf"/>
		<testcase name="[NONE][CKV_AWS_66] Ensure that CloudWatch Log Group specifies retention days" classname="/lambdas_sync.tf.aws_cloudwatch_log_group.sync_lambda_logs[&quot;catalogo&quot;]" file="/lambdas_sync.tf"/>
		<testcase name="[NONE][CKV_AWS_338] Ensure CloudWatch log groups retains logs for at least 1 year" classname="/lambdas_sync.tf.aws_cloudwatch_log_group.sync_lambda_logs[&quot;catalogo&quot;]" file="/lambdas_sync.tf"/>
		<testcase name="[NONE][CKV_AWS_158] Ensure that CloudWatch Log Group is encrypted by KMS" classname="/lambdas_sync.tf.aws_cloudwatch_log_group.sync_lambda_logs[&quot;gastos&quot;]" file="/lambdas_sync.tf"/>
		<testcase name="[NONE][CKV_AWS_66] Ensure that CloudWatch Log Group specifies retention days" classname="/lambdas_sync.tf.aws_cloudwatch_log_group.sync_lambda_logs[&quot;gastos&quot;]" file="/lambdas_sync.tf"/>
		<testcase name="[NONE][CKV_AWS_338] Ensure CloudWatch log groups retains logs for at least 1 year" classname="/lambdas_sync.tf.aws_cloudwatch_log_group.sync_lambda_logs[&quot;gastos&quot;]" file="/lambdas_sync.tf"/>
		<testcase name="[NONE][CKV_AWS_158] Ensure that CloudWatch Log Group is encrypted by KMS" classname="/lambdas_sync.tf.aws_cloudwatch_log_group.sync_lambda_logs[&quot;pedidos&quot;]" file="/lambdas_sync.tf"/>
		<testcase name="[NONE][CKV_AWS_66] Ensure that CloudWatch Log Group specifies retention days" classname="/lambdas_sync.tf.aws_cloudwatch_log_group.sync_lambda_logs[&quot;pedidos&quot;]" file="/lambdas_sync.tf"/>
		<testcase name="[NONE][CKV_AWS_338] Ensure CloudWatch log groups retains logs for at least 1 year" classname="/lambdas_sync.tf.aws_cloudwatch_log_group.sync_lambda_logs[&quot;pedidos&quot;]" file="/lambdas_sync.tf"/>
		<testcase name="[NONE][CKV_AWS_26] Ensure all data stored in the SNS topic is encrypted" classname="/monitoring.tf.aws_sns_topic.alerts" file="/monitoring.tf"/>
		<testcase name="[NONE][CKV_AWS_319] Ensure that CloudWatch alarm actions are enabled" classname="/monitoring.tf.aws_cloudwatch_metric_alarm.api_5xx_errors" file="/monitoring.tf"/>
		<testcase name="[NONE][CKV_AWS_319] Ensure that CloudWatch alarm actions are enabled" classname="/monitoring.tf.aws_cloudwatch_metric_alarm.api_latency" file="/monitoring.tf"/>
		<testcase name="[NONE][CKV_AWS_319] Ensure that CloudWatch alarm actions are enabled" classname="/monitoring.tf.aws_cloudwatch_metric_alarm.dlq_messages" file="/monitoring.tf"/>
		<testcase name="[NONE][CKV_AWS_93] Ensure S3 bucket policy does not lockout all but root user. (Prevent lockouts needing root account fixes)" classname="/monitoring.tf.aws_s3_bucket.canary_artifacts" file="/monitoring.tf"/>
		<testcase name="[NONE][CKV_AWS_54] Ensure S3 bucket has block public policy enabled" classname="/monitoring.tf.aws_s3_bucket_public_access_block.canary_artifacts" file="/monitoring.tf"/>
		<testcase name="[NONE][CKV_AWS_56] Ensure S3 bucket has 'restrict_public_buckets' enabled" classname="/monitoring.tf.aws_s3_bucket_public_access_block.canary_artifacts" file="/monitoring.tf"/>
		<testcase name="[NONE][CKV_AWS_53] Ensure S3 bucket has block public ACLS enabled" classname="/monitoring.tf.aws_s3_bucket_public_access_block.canary_artifacts" file="/monitoring.tf"/>
		<testcase name="[NONE][CKV_AWS_55] Ensure S3 bucket has ignore public ACLs enabled" classname="/monitoring.tf.aws_s3_bucket_public_access_block.canary_artifacts" file="/monitoring.tf"/>
		<testcase name="[NONE][CKV_AWS_300] Ensure S3 lifecycle configuration sets period for aborting failed uploads" classname="/monitoring.tf.aws_s3_bucket_lifecycle_configuration.canary_artifacts" file="/monitoring.tf"/>
		<testcase name="[NONE][CKV_AWS_93] Ensure S3 bucket policy does not lockout all but root user. (Prevent lockouts needing root account fixes)" classname="/monitoring.tf.aws_s3_bucket_policy.canary_artifacts" file="/monitoring.tf"/>
		<testcase name="[NONE][CKV_AWS_274] Disallow IAM roles, users, and groups from using the AWS AdministratorAccess policy" classname="/monitoring.tf.aws_iam_role.canary_role" file="/monitoring.tf"/>
		<testcase name="[NONE][CKV_AWS_60] Ensure IAM role allows only specific services or principals to assume it" classname="/monitoring.tf.aws_iam_role.canary_role" file="/monitoring.tf"/>
		<testcase name="[NONE][CKV_AWS_61] Ensure AWS IAM policy does not allow assume role permission across all services" classname="/monitoring.tf.aws_iam_role.canary_role" file="/monitoring.tf"/>
		<testcase name="[NONE][CKV_AWS_393] Ensure AWS GitHub Actions OIDC authorization policies only allow safe claims and claim order on IAM role" classname="/monitoring.tf.aws_iam_role.canary_role" file="/monitoring.tf"/>
		<testcase name="[NONE][CKV_AWS_63] Ensure no IAM policies documents allow &quot;*&quot; as a statement's actions" classname="/monitoring.tf.aws_iam_role_policy.canary_role_policy" file="/monitoring.tf"/>
		<testcase name="[NONE][CKV_AWS_62] Ensure IAM policies that allow full &quot;*-*&quot; administrative privileges are not created" classname="/monitoring.tf.aws_iam_role_policy.canary_role_policy" file="/monitoring.tf"/>
		<testcase name="[NONE][CKV_AWS_41] Ensure no hard coded AWS access key and secret key exists in provider" classname="/provider.tf.aws.default" file="/provider.tf"/>
		<testcase name="[NONE][CKV_AWS_41] Ensure no hard coded AWS access key and secret key exists in provider" classname="/provider.tf.aws.replica" file="/provider.tf"/>
		<testcase name="[NONE][CKV_AWS_118] Ensure that enhanced monitoring is enabled for Amazon RDS instances" classname="/rds.tf.aws_db_instance.postgres" file="/rds.tf"/>
		<testcase name="[NONE][CKV_AWS_17] Ensure all data stored in RDS is not publicly accessible" classname="/rds.tf.aws_db_instance.postgres" file="/rds.tf"/>
		<testcase name="[NONE][CKV_AWS_388] Ensure AWS Aurora PostgreSQL is not exposed to local file read vulnerability" classname="/rds.tf.aws_db_instance.postgres" file="/rds.tf"/>
		<testcase name="[NONE][CKV_AWS_226] Ensure DB instance gets all minor upgrades automatically" classname="/rds.tf.aws_db_instance.postgres" file="/rds.tf"/>
		<testcase name="[NONE][CKV_AWS_293] Ensure that AWS database instances have deletion protection enabled" classname="/rds.tf.aws_db_instance.postgres" file="/rds.tf"/>
		<testcase name="[NONE][CKV_AWS_161] Ensure RDS database has IAM authentication enabled" classname="/rds.tf.aws_db_instance.postgres" file="/rds.tf"/>
		<testcase name="[NONE][CKV_AWS_133] Ensure that RDS instances has backup policy" classname="/rds.tf.aws_db_instance.postgres" file="/rds.tf"/>
		<testcase name="[NONE][CKV_AWS_354] Ensure RDS Performance Insights are encrypted using KMS CMKs" classname="/rds.tf.aws_db_instance.postgres" file="/rds.tf"/>
		<testcase name="[NONE][CKV_AWS_211] Ensure RDS uses a modern CaCert" classname="/rds.tf.aws_db_instance.postgres" file="/rds.tf"/>
		<testcase name="[NONE][CKV_AWS_157] Ensure that RDS instances have Multi-AZ enabled" classname="/rds.tf.aws_db_instance.postgres" file="/rds.tf"/>
		<testcase name="[NONE][CKV_AWS_353] Ensure that RDS instances have performance insights enabled" classname="/rds.tf.aws_db_instance.postgres" file="/rds.tf"/>
		<testcase name="[NONE][CKV_AWS_129] Ensure that respective logs of Amazon Relational Database Service (Amazon RDS) are enabled" classname="/rds.tf.aws_db_instance.postgres" file="/rds.tf"/>
		<testcase name="[NONE][CKV_AWS_16] Ensure all data stored in the RDS is securely encrypted at rest" classname="/rds.tf.aws_db_instance.postgres" file="/rds.tf"/>
		<testcase name="[NONE][CKV_AWS_250] Ensure that RDS PostgreSQL instances use a non vulnerable version with the log_fdw extension (https://aws.amazon.com/security/security-bulletins/AWS-2022-004/)" classname="/rds.tf.aws_db_instance.postgres" file="/rds.tf"/>
		<testcase name="[NONE][CKV_AWS_274] Disallow IAM roles, users, and groups from using the AWS AdministratorAccess policy" classname="/rds.tf.aws_iam_role.rds_enhanced_monitoring" file="/rds.tf"/>
		<testcase name="[NONE][CKV_AWS_60] Ensure IAM role allows only specific services or principals to assume it" classname="/rds.tf.aws_iam_role.rds_enhanced_monitoring" file="/rds.tf"/>
		<testcase name="[NONE][CKV_AWS_61] Ensure AWS IAM policy does not allow assume role permission across all services" classname="/rds.tf.aws_iam_role.rds_enhanced_monitoring" file="/rds.tf"/>
		<testcase name="[NONE][CKV_AWS_393] Ensure AWS GitHub Actions OIDC authorization policies only allow safe claims and claim order on IAM role" classname="/rds.tf.aws_iam_role.rds_enhanced_monitoring" file="/rds.tf"/>
		<testcase name="[NONE][CKV_AWS_274] Disallow IAM roles, users, and groups from using the AWS AdministratorAccess policy" classname="/rds.tf.aws_iam_role_policy_attachment.rds_enhanced_monitoring" file="/rds.tf"/>
		<testcase name="[NONE][CKV_AWS_274] Disallow IAM roles, users, and groups from using the AWS AdministratorAccess policy" classname="/rds.tf.aws_iam_role.rds_proxy_role" file="/rds.tf"/>
		<testcase name="[NONE][CKV_AWS_60] Ensure IAM role allows only specific services or principals to assume it" classname="/rds.tf.aws_iam_role.rds_proxy_role" file="/rds.tf"/>
		<testcase name="[NONE][CKV_AWS_61] Ensure AWS IAM policy does not allow assume role permission across all services" classname="/rds.tf.aws_iam_role.rds_proxy_role" file="/rds.tf"/>
		<testcase name="[NONE][CKV_AWS_393] Ensure AWS GitHub Actions OIDC authorization policies only allow safe claims and claim order on IAM role" classname="/rds.tf.aws_iam_role.rds_proxy_role" file="/rds.tf"/>
		<testcase name="[NONE][CKV_AWS_355] Ensure no IAM policies documents allow &quot;*&quot; as a statement's resource for restrictable actions" classname="/rds.tf.aws_iam_role_policy.rds_proxy_secret_access" file="/rds.tf"/>
		<testcase name="[NONE][CKV_AWS_63] Ensure no IAM policies documents allow &quot;*&quot; as a statement's actions" classname="/rds.tf.aws_iam_role_policy.rds_proxy_secret_access" file="/rds.tf"/>
		<testcase name="[NONE][CKV_AWS_290] Ensure IAM policies does not allow write access without constraints" classname="/rds.tf.aws_iam_role_policy.rds_proxy_secret_access" file="/rds.tf"/>
		<testcase name="[NONE][CKV_AWS_288] Ensure IAM policies does not allow data exfiltration" classname="/rds.tf.aws_iam_role_policy.rds_proxy_secret_access" file="/rds.tf"/>
		<testcase name="[NONE][CKV_AWS_62] Ensure IAM policies that allow full &quot;*-*&quot; administrative privileges are not created" classname="/rds.tf.aws_iam_role_policy.rds_proxy_secret_access" file="/rds.tf"/>
		<testcase name="[NONE][CKV_AWS_289] Ensure IAM policies does not allow permissions management / resource exposure without constraints" classname="/rds.tf.aws_iam_role_policy.rds_proxy_secret_access" file="/rds.tf"/>
		<testcase name="[NONE][CKV_AWS_287] Ensure IAM policies does not allow credentials exposure" classname="/rds.tf.aws_iam_role_policy.rds_proxy_secret_access" file="/rds.tf"/>
		<testcase name="[NONE][CKV_AWS_286] Ensure IAM policies does not allow privilege escalation" classname="/rds.tf.aws_iam_role_policy.rds_proxy_secret_access" file="/rds.tf"/>
		<testcase name="[NONE][CKV_AWS_33] Ensure KMS key policy does not contain wildcard (*) principal" classname="/s3_replication.tf.aws_kms_key.replica" file="/s3_replication.tf"/>
		<testcase name="[NONE][CKV_AWS_7] Ensure rotation for customer created CMKs is enabled" classname="/s3_replication.tf.aws_kms_key.replica" file="/s3_replication.tf"/>
		<testcase name="[NONE][CKV_AWS_227] Ensure KMS key is enabled" classname="/s3_replication.tf.aws_kms_key.replica" file="/s3_replication.tf"/>
		<testcase name="[NONE][CKV_AWS_93] Ensure S3 bucket policy does not lockout all but root user. (Prevent lockouts needing root account fixes)" classname="/s3_replication.tf.aws_s3_bucket.replica[&quot;access_logs&quot;]" file="/s3_replication.tf"/>
		<testcase name="[NONE][CKV_AWS_93] Ensure S3 bucket policy does not lockout all but root user. (Prevent lockouts needing root account fixes)" classname="/s3_replication.tf.aws_s3_bucket.replica_logs" file="/s3_replication.tf"/>
		<testcase name="[NONE][CKV_AWS_54] Ensure S3 bucket has block public policy enabled" classname="/s3_replication.tf.aws_s3_bucket_public_access_block.replica_logs" file="/s3_replication.tf"/>
		<testcase name="[NONE][CKV_AWS_56] Ensure S3 bucket has 'restrict_public_buckets' enabled" classname="/s3_replication.tf.aws_s3_bucket_public_access_block.replica_logs" file="/s3_replication.tf"/>
		<testcase name="[NONE][CKV_AWS_53] Ensure S3 bucket has block public ACLS enabled" classname="/s3_replication.tf.aws_s3_bucket_public_access_block.replica_logs" file="/s3_replication.tf"/>
		<testcase name="[NONE][CKV_AWS_55] Ensure S3 bucket has ignore public ACLs enabled" classname="/s3_replication.tf.aws_s3_bucket_public_access_block.replica_logs" file="/s3_replication.tf"/>
		<testcase name="[NONE][CKV_AWS_300] Ensure S3 lifecycle configuration sets period for aborting failed uploads" classname="/s3_replication.tf.aws_s3_bucket_lifecycle_configuration.replica_logs" file="/s3_replication.tf"/>
		<testcase name="[NONE][CKV_AWS_93] Ensure S3 bucket policy does not lockout all but root user. (Prevent lockouts needing root account fixes)" classname="/s3_replication.tf.aws_s3_bucket_policy.replica_logs" file="/s3_replication.tf"/>
		<testcase name="[NONE][CKV_AWS_93] Ensure S3 bucket policy does not lockout all but root user. (Prevent lockouts needing root account fixes)" classname="/s3_replication.tf.aws_s3_bucket_policy.replica" file="/s3_replication.tf"/>
		<testcase name="[NONE][CKV_AWS_93] Ensure S3 bucket policy does not lockout all but root user. (Prevent lockouts needing root account fixes)" classname="/s3_replication.tf.aws_s3_bucket_policy.replica_frontend" file="/s3_replication.tf"/>
		<testcase name="[NONE][CKV_AWS_26] Ensure all data stored in the SNS topic is encrypted" classname="/s3_replication.tf.aws_sns_topic.replica_alerts" file="/s3_replication.tf"/>
		<testcase name="[NONE][CKV_AWS_385] Ensure AWS SNS topic policies do not allow cross-account access" classname="/s3_replication.tf.aws_sns_topic_policy.replica_alerts" file="/s3_replication.tf"/>
		<testcase name="[NONE][CKV_AWS_169] Ensure SNS topic policy is not public by only allowing specific services or principals to access it" classname="/s3_replication.tf.aws_sns_topic_policy.replica_alerts" file="/s3_replication.tf"/>
		<testcase name="[NONE][CKV_AWS_54] Ensure S3 bucket has block public policy enabled" classname="/s3_replication.tf.aws_s3_bucket_public_access_block.replica[&quot;access_logs&quot;]" file="/s3_replication.tf"/>
		<testcase name="[NONE][CKV_AWS_56] Ensure S3 bucket has 'restrict_public_buckets' enabled" classname="/s3_replication.tf.aws_s3_bucket_public_access_block.replica[&quot;access_logs&quot;]" file="/s3_replication.tf"/>
		<testcase name="[NONE][CKV_AWS_53] Ensure S3 bucket has block public ACLS enabled" classname="/s3_replication.tf.aws_s3_bucket_public_access_block.replica[&quot;access_logs&quot;]" file="/s3_replication.tf"/>
		<testcase name="[NONE][CKV_AWS_55] Ensure S3 bucket has ignore public ACLs enabled" classname="/s3_replication.tf.aws_s3_bucket_public_access_block.replica[&quot;access_logs&quot;]" file="/s3_replication.tf"/>
		<testcase name="[NONE][CKV_AWS_300] Ensure S3 lifecycle configuration sets period for aborting failed uploads" classname="/s3_replication.tf.aws_s3_bucket_lifecycle_configuration.replica[&quot;access_logs&quot;]" file="/s3_replication.tf"/>
		<testcase name="[NONE][CKV_AWS_274] Disallow IAM roles, users, and groups from using the AWS AdministratorAccess policy" classname="/s3_replication.tf.aws_iam_role.s3_replication" file="/s3_replication.tf"/>
		<testcase name="[NONE][CKV_AWS_60] Ensure IAM role allows only specific services or principals to assume it" classname="/s3_replication.tf.aws_iam_role.s3_replication" file="/s3_replication.tf"/>
		<testcase name="[NONE][CKV_AWS_61] Ensure AWS IAM policy does not allow assume role permission across all services" classname="/s3_replication.tf.aws_iam_role.s3_replication" file="/s3_replication.tf"/>
		<testcase name="[NONE][CKV_AWS_393] Ensure AWS GitHub Actions OIDC authorization policies only allow safe claims and claim order on IAM role" classname="/s3_replication.tf.aws_iam_role.s3_replication" file="/s3_replication.tf"/>
		<testcase name="[NONE][CKV_AWS_63] Ensure no IAM policies documents allow &quot;*&quot; as a statement's actions" classname="/s3_replication.tf.aws_iam_role_policy.s3_replication" file="/s3_replication.tf"/>
		<testcase name="[NONE][CKV_AWS_62] Ensure IAM policies that allow full &quot;*-*&quot; administrative privileges are not created" classname="/s3_replication.tf.aws_iam_role_policy.s3_replication" file="/s3_replication.tf"/>
		<testcase name="[NONE][CKV_AWS_93] Ensure S3 bucket policy does not lockout all but root user. (Prevent lockouts needing root account fixes)" classname="/s3_replication.tf.aws_s3_bucket.replica[&quot;canary_artifacts&quot;]" file="/s3_replication.tf"/>
		<testcase name="[NONE][CKV_AWS_93] Ensure S3 bucket policy does not lockout all but root user. (Prevent lockouts needing root account fixes)" classname="/s3_replication.tf.aws_s3_bucket.replica[&quot;cloudtrail_logs&quot;]" file="/s3_replication.tf"/>
		<testcase name="[NONE][CKV_AWS_93] Ensure S3 bucket policy does not lockout all but root user. (Prevent lockouts needing root account fixes)" classname="/s3_replication.tf.aws_s3_bucket.replica[&quot;frontend&quot;]" file="/s3_replication.tf"/>
		<testcase name="[NONE][CKV_AWS_54] Ensure S3 bucket has block public policy enabled" classname="/s3_replication.tf.aws_s3_bucket_public_access_block.replica[&quot;canary_artifacts&quot;]" file="/s3_replication.tf"/>
		<testcase name="[NONE][CKV_AWS_56] Ensure S3 bucket has 'restrict_public_buckets' enabled" classname="/s3_replication.tf.aws_s3_bucket_public_access_block.replica[&quot;canary_artifacts&quot;]" file="/s3_replication.tf"/>
		<testcase name="[NONE][CKV_AWS_53] Ensure S3 bucket has block public ACLS enabled" classname="/s3_replication.tf.aws_s3_bucket_public_access_block.replica[&quot;canary_artifacts&quot;]" file="/s3_replication.tf"/>
		<testcase name="[NONE][CKV_AWS_55] Ensure S3 bucket has ignore public ACLs enabled" classname="/s3_replication.tf.aws_s3_bucket_public_access_block.replica[&quot;canary_artifacts&quot;]" file="/s3_replication.tf"/>
		<testcase name="[NONE][CKV_AWS_54] Ensure S3 bucket has block public policy enabled" classname="/s3_replication.tf.aws_s3_bucket_public_access_block.replica[&quot;cloudtrail_logs&quot;]" file="/s3_replication.tf"/>
		<testcase name="[NONE][CKV_AWS_56] Ensure S3 bucket has 'restrict_public_buckets' enabled" classname="/s3_replication.tf.aws_s3_bucket_public_access_block.replica[&quot;cloudtrail_logs&quot;]" file="/s3_replication.tf"/>
		<testcase name="[NONE][CKV_AWS_53] Ensure S3 bucket has block public ACLS enabled" classname="/s3_replication.tf.aws_s3_bucket_public_access_block.replica[&quot;cloudtrail_logs&quot;]" file="/s3_replication.tf"/>
		<testcase name="[NONE][CKV_AWS_55] Ensure S3 bucket has ignore public ACLs enabled" classname="/s3_replication.tf.aws_s3_bucket_public_access_block.replica[&quot;cloudtrail_logs&quot;]" file="/s3_replication.tf"/>
		<testcase name="[NONE][CKV_AWS_54] Ensure S3 bucket has block public policy enabled" classname="/s3_replication.tf.aws_s3_bucket_public_access_block.replica[&quot;frontend&quot;]" file="/s3_replication.tf"/>
		<testcase name="[NONE][CKV_AWS_56] Ensure S3 bucket has 'restrict_public_buckets' enabled" classname="/s3_replication.tf.aws_s3_bucket_public_access_block.replica[&quot;frontend&quot;]" file="/s3_replication.tf"/>
		<testcase name="[NONE][CKV_AWS_53] Ensure S3 bucket has block public ACLS enabled" classname="/s3_replication.tf.aws_s3_bucket_public_access_block.replica[&quot;frontend&quot;]" file="/s3_replication.tf"/>
		<testcase name="[NONE][CKV_AWS_55] Ensure S3 bucket has ignore public ACLs enabled" classname="/s3_replication.tf.aws_s3_bucket_public_access_block.replica[&quot;frontend&quot;]" file="/s3_replication.tf"/>
		<testcase name="[NONE][CKV_AWS_300] Ensure S3 lifecycle configuration sets period for aborting failed uploads" classname="/s3_replication.tf.aws_s3_bucket_lifecycle_configuration.replica[&quot;canary_artifacts&quot;]" file="/s3_replication.tf"/>
		<testcase name="[NONE][CKV_AWS_300] Ensure S3 lifecycle configuration sets period for aborting failed uploads" classname="/s3_replication.tf.aws_s3_bucket_lifecycle_configuration.replica[&quot;cloudtrail_logs&quot;]" file="/s3_replication.tf"/>
		<testcase name="[NONE][CKV_AWS_300] Ensure S3 lifecycle configuration sets period for aborting failed uploads" classname="/s3_replication.tf.aws_s3_bucket_lifecycle_configuration.replica[&quot;frontend&quot;]" file="/s3_replication.tf"/>
		<testcase name="[NONE][CKV_AWS_33] Ensure KMS key policy does not contain wildcard (*) principal" classname="/security_secrets.tf.aws_kms_key.main" file="/security_secrets.tf"/>
		<testcase name="[NONE][CKV_AWS_7] Ensure rotation for customer created CMKs is enabled" classname="/security_secrets.tf.aws_kms_key.main" file="/security_secrets.tf"/>
		<testcase name="[NONE][CKV_AWS_227] Ensure KMS key is enabled" classname="/security_secrets.tf.aws_kms_key.main" file="/security_secrets.tf"/>
		<testcase name="[NONE][CKV_AWS_149] Ensure that Secrets Manager secret is encrypted using KMS CMK" classname="/security_secrets.tf.aws_secretsmanager_secret.db_credentials" file="/security_secrets.tf"/>
		<testcase name="[NONE][CKV_AWS_304] Ensure Secrets Manager secrets should be rotated within 90 days" classname="/security_secrets.tf.aws_secretsmanager_secret_rotation.db_credentials" file="/security_secrets.tf"/>
		<testcase name="[NONE][CKV_AWS_117] Ensure that AWS Lambda function is configured inside a VPC" classname="/security_secrets.tf.aws_lambda_function.secret_rotation" file="/security_secrets.tf"/>
		<testcase name="[NONE][CKV_AWS_115] Ensure that AWS Lambda function is configured for function-level concurrent execution limit" classname="/security_secrets.tf.aws_lambda_function.secret_rotation" file="/security_secrets.tf"/>
		<testcase name="[NONE][CKV_AWS_116] Ensure that AWS Lambda function is configured for a Dead Letter Queue(DLQ)" classname="/security_secrets.tf.aws_lambda_function.secret_rotation" file="/security_secrets.tf"/>
		<testcase name="[NONE][CKV_AWS_50] X-Ray tracing is enabled for Lambda" classname="/security_secrets.tf.aws_lambda_function.secret_rotation" file="/security_secrets.tf"/>
		<testcase name="[NONE][CKV_AWS_45] Ensure no hard-coded secrets exist in lambda environment" classname="/security_secrets.tf.aws_lambda_function.secret_rotation" file="/security_secrets.tf"/>
		<testcase name="[NONE][CKV_AWS_363] Ensure Lambda Runtime is not deprecated" classname="/security_secrets.tf.aws_lambda_function.secret_rotation" file="/security_secrets.tf"/>
		<testcase name="[NONE][CKV_AWS_272] Ensure AWS Lambda function is configured to validate code-signing" classname="/security_secrets.tf.aws_lambda_function.secret_rotation" file="/security_secrets.tf"/>
		<testcase name="[NONE][CKV_AWS_158] Ensure that CloudWatch Log Group is encrypted by KMS" classname="/security_secrets.tf.aws_cloudwatch_log_group.secret_rotation_logs" file="/security_secrets.tf"/>
		<testcase name="[NONE][CKV_AWS_66] Ensure that CloudWatch Log Group specifies retention days" classname="/security_secrets.tf.aws_cloudwatch_log_group.secret_rotation_logs" file="/security_secrets.tf"/>
		<testcase name="[NONE][CKV_AWS_338] Ensure CloudWatch log groups retains logs for at least 1 year" classname="/security_secrets.tf.aws_cloudwatch_log_group.secret_rotation_logs" file="/security_secrets.tf"/>
		<testcase name="[NONE][CKV_AWS_251] Ensure CloudTrail logging is enabled" classname="/security_secrets.tf.aws_cloudtrail.main" file="/security_secrets.tf"/>
		<testcase name="[NONE][CKV_AWS_67] Ensure CloudTrail is enabled in all Regions" classname="/security_secrets.tf.aws_cloudtrail.main" file="/security_secrets.tf"/>
		<testcase name="[NONE][CKV_AWS_252] Ensure CloudTrail defines an SNS Topic" classname="/security_secrets.tf.aws_cloudtrail.main" file="/security_secrets.tf"/>
		<testcase name="[NONE][CKV_AWS_36] Ensure CloudTrail log file validation is enabled" classname="/security_secrets.tf.aws_cloudtrail.main" file="/security_secrets.tf"/>
		<testcase name="[NONE][CKV_AWS_35] Ensure CloudTrail logs are encrypted at rest using KMS CMKs" classname="/security_secrets.tf.aws_cloudtrail.main" file="/security_secrets.tf"/>
		<testcase name="[NONE][CKV_AWS_26] Ensure all data stored in the SNS topic is encrypted" classname="/security_secrets.tf.aws_sns_topic.cloudtrail_notifications" file="/security_secrets.tf"/>
		<testcase name="[NONE][CKV_AWS_385] Ensure AWS SNS topic policies do not allow cross-account access" classname="/security_secrets.tf.aws_sns_topic_policy.cloudtrail_notifications" file="/security_secrets.tf"/>
		<testcase name="[NONE][CKV_AWS_169] Ensure SNS topic policy is not public by only allowing specific services or principals to access it" classname="/security_secrets.tf.aws_sns_topic_policy.cloudtrail_notifications" file="/security_secrets.tf"/>
		<testcase name="[NONE][CKV_AWS_158] Ensure that CloudWatch Log Group is encrypted by KMS" classname="/security_secrets.tf.aws_cloudwatch_log_group.cloudtrail_logs" file="/security_secrets.tf"/>
		<testcase name="[NONE][CKV_AWS_66] Ensure that CloudWatch Log Group specifies retention days" classname="/security_secrets.tf.aws_cloudwatch_log_group.cloudtrail_logs" file="/security_secrets.tf"/>
		<testcase name="[NONE][CKV_AWS_338] Ensure CloudWatch log groups retains logs for at least 1 year" classname="/security_secrets.tf.aws_cloudwatch_log_group.cloudtrail_logs" file="/security_secrets.tf"/>
		<testcase name="[NONE][CKV_AWS_274] Disallow IAM roles, users, and groups from using the AWS AdministratorAccess policy" classname="/security_secrets.tf.aws_iam_role.cloudtrail_cw_role" file="/security_secrets.tf"/>
		<testcase name="[NONE][CKV_AWS_60] Ensure IAM role allows only specific services or principals to assume it" classname="/security_secrets.tf.aws_iam_role.cloudtrail_cw_role" file="/security_secrets.tf"/>
		<testcase name="[NONE][CKV_AWS_61] Ensure AWS IAM policy does not allow assume role permission across all services" classname="/security_secrets.tf.aws_iam_role.cloudtrail_cw_role" file="/security_secrets.tf"/>
		<testcase name="[NONE][CKV_AWS_393] Ensure AWS GitHub Actions OIDC authorization policies only allow safe claims and claim order on IAM role" classname="/security_secrets.tf.aws_iam_role.cloudtrail_cw_role" file="/security_secrets.tf"/>
		<testcase name="[NONE][CKV_AWS_355] Ensure no IAM policies documents allow &quot;*&quot; as a statement's resource for restrictable actions" classname="/security_secrets.tf.aws_iam_role_policy.cloudtrail_cw_policy" file="/security_secrets.tf"/>
		<testcase name="[NONE][CKV_AWS_63] Ensure no IAM policies documents allow &quot;*&quot; as a statement's actions" classname="/security_secrets.tf.aws_iam_role_policy.cloudtrail_cw_policy" file="/security_secrets.tf"/>
		<testcase name="[NONE][CKV_AWS_290] Ensure IAM policies does not allow write access without constraints" classname="/security_secrets.tf.aws_iam_role_policy.cloudtrail_cw_policy" file="/security_secrets.tf"/>
		<testcase name="[NONE][CKV_AWS_288] Ensure IAM policies does not allow data exfiltration" classname="/security_secrets.tf.aws_iam_role_policy.cloudtrail_cw_policy" file="/security_secrets.tf"/>
		<testcase name="[NONE][CKV_AWS_62] Ensure IAM policies that allow full &quot;*-*&quot; administrative privileges are not created" classname="/security_secrets.tf.aws_iam_role_policy.cloudtrail_cw_policy" file="/security_secrets.tf"/>
		<testcase name="[NONE][CKV_AWS_289] Ensure IAM policies does not allow permissions management / resource exposure without constraints" classname="/security_secrets.tf.aws_iam_role_policy.cloudtrail_cw_policy" file="/security_secrets.tf"/>
		<testcase name="[NONE][CKV_AWS_287] Ensure IAM policies does not allow credentials exposure" classname="/security_secrets.tf.aws_iam_role_policy.cloudtrail_cw_policy" file="/security_secrets.tf"/>
		<testcase name="[NONE][CKV_AWS_286] Ensure IAM policies does not allow privilege escalation" classname="/security_secrets.tf.aws_iam_role_policy.cloudtrail_cw_policy" file="/security_secrets.tf"/>
		<testcase name="[NONE][CKV_AWS_93] Ensure S3 bucket policy does not lockout all but root user. (Prevent lockouts needing root account fixes)" classname="/security_secrets.tf.aws_s3_bucket.cloudtrail_logs" file="/security_secrets.tf"/>
		<testcase name="[NONE][CKV_AWS_54] Ensure S3 bucket has block public policy enabled" classname="/security_secrets.tf.aws_s3_bucket_public_access_block.cloudtrail_logs" file="/security_secrets.tf"/>
		<testcase name="[NONE][CKV_AWS_56] Ensure S3 bucket has 'restrict_public_buckets' enabled" classname="/security_secrets.tf.aws_s3_bucket_public_access_block.cloudtrail_logs" file="/security_secrets.tf"/>
		<testcase name="[NONE][CKV_AWS_53] Ensure S3 bucket has block public ACLS enabled" classname="/security_secrets.tf.aws_s3_bucket_public_access_block.cloudtrail_logs" file="/security_secrets.tf"/>
		<testcase name="[NONE][CKV_AWS_55] Ensure S3 bucket has ignore public ACLs enabled" classname="/security_secrets.tf.aws_s3_bucket_public_access_block.cloudtrail_logs" file="/security_secrets.tf"/>
		<testcase name="[NONE][CKV_AWS_300] Ensure S3 lifecycle configuration sets period for aborting failed uploads" classname="/security_secrets.tf.aws_s3_bucket_lifecycle_configuration.cloudtrail_logs" file="/security_secrets.tf"/>
		<testcase name="[NONE][CKV_AWS_70] Ensure S3 bucket does not allow an action with any Principal" classname="/security_secrets.tf.aws_s3_bucket_policy.cloudtrail_logs" file="/security_secrets.tf"/>
		<testcase name="[NONE][CKV_AWS_93] Ensure S3 bucket policy does not lockout all but root user. (Prevent lockouts needing root account fixes)" classname="/security_secrets.tf.aws_s3_bucket_policy.cloudtrail_logs" file="/security_secrets.tf"/>
		<testcase name="[NONE][CKV_AWS_342] Ensure WAF rule has any actions" classname="/security_waf.tf.aws_wafv2_web_acl.main" file="/security_waf.tf"/>
		<testcase name="[NONE][CKV_AWS_192] Ensure WAF prevents message lookup in Log4j2. See CVE-2021-44228 aka log4jshell" classname="/security_waf.tf.aws_wafv2_web_acl.main" file="/security_waf.tf"/>
		<testcase name="[NONE][CKV_AWS_175] Ensure WAF has associated rules" classname="/security_waf.tf.aws_wafv2_web_acl.main" file="/security_waf.tf"/>
		<testcase name="[NONE][CKV_AWS_158] Ensure that CloudWatch Log Group is encrypted by KMS" classname="/security_waf.tf.aws_cloudwatch_log_group.waf_logs" file="/security_waf.tf"/>
		<testcase name="[NONE][CKV_AWS_66] Ensure that CloudWatch Log Group specifies retention days" classname="/security_waf.tf.aws_cloudwatch_log_group.waf_logs" file="/security_waf.tf"/>
		<testcase name="[NONE][CKV_AWS_338] Ensure CloudWatch log groups retains logs for at least 1 year" classname="/security_waf.tf.aws_cloudwatch_log_group.waf_logs" file="/security_waf.tf"/>
		<testcase name="[NONE][CKV_AWS_130] Ensure VPC subnets do not assign public IP by default" classname="/vpc.tf.aws_subnet.private_a" file="/vpc.tf"/>
		<testcase name="[NONE][CKV_AWS_130] Ensure VPC subnets do not assign public IP by default" classname="/vpc.tf.aws_subnet.private_b" file="/vpc.tf"/>
		<testcase name="[NONE][CKV_AWS_130] Ensure VPC subnets do not assign public IP by default" classname="/vpc.tf.aws_subnet.public_a" file="/vpc.tf"/>
		<testcase name="[NONE][CKV_AWS_158] Ensure that CloudWatch Log Group is encrypted by KMS" classname="/vpc.tf.aws_cloudwatch_log_group.vpc_flow_logs" file="/vpc.tf"/>
		<testcase name="[NONE][CKV_AWS_66] Ensure that CloudWatch Log Group specifies retention days" classname="/vpc.tf.aws_cloudwatch_log_group.vpc_flow_logs" file="/vpc.tf"/>
		<testcase name="[NONE][CKV_AWS_338] Ensure CloudWatch log groups retains logs for at least 1 year" classname="/vpc.tf.aws_cloudwatch_log_group.vpc_flow_logs" file="/vpc.tf"/>
		<testcase name="[NONE][CKV_AWS_274] Disallow IAM roles, users, and groups from using the AWS AdministratorAccess policy" classname="/vpc.tf.aws_iam_role.flow_logs" file="/vpc.tf"/>
		<testcase name="[NONE][CKV_AWS_60] Ensure IAM role allows only specific services or principals to assume it" classname="/vpc.tf.aws_iam_role.flow_logs" file="/vpc.tf"/>
		<testcase name="[NONE][CKV_AWS_61] Ensure AWS IAM policy does not allow assume role permission across all services" classname="/vpc.tf.aws_iam_role.flow_logs" file="/vpc.tf"/>
		<testcase name="[NONE][CKV_AWS_393] Ensure AWS GitHub Actions OIDC authorization policies only allow safe claims and claim order on IAM role" classname="/vpc.tf.aws_iam_role.flow_logs" file="/vpc.tf"/>
		<testcase name="[NONE][CKV_AWS_355] Ensure no IAM policies documents allow &quot;*&quot; as a statement's resource for restrictable actions" classname="/vpc.tf.aws_iam_role_policy.flow_logs" file="/vpc.tf"/>
		<testcase name="[NONE][CKV_AWS_63] Ensure no IAM policies documents allow &quot;*&quot; as a statement's actions" classname="/vpc.tf.aws_iam_role_policy.flow_logs" file="/vpc.tf"/>
		<testcase name="[NONE][CKV_AWS_290] Ensure IAM policies does not allow write access without constraints" classname="/vpc.tf.aws_iam_role_policy.flow_logs" file="/vpc.tf"/>
		<testcase name="[NONE][CKV_AWS_288] Ensure IAM policies does not allow data exfiltration" classname="/vpc.tf.aws_iam_role_policy.flow_logs" file="/vpc.tf"/>
		<testcase name="[NONE][CKV_AWS_62] Ensure IAM policies that allow full &quot;*-*&quot; administrative privileges are not created" classname="/vpc.tf.aws_iam_role_policy.flow_logs" file="/vpc.tf"/>
		<testcase name="[NONE][CKV_AWS_289] Ensure IAM policies does not allow permissions management / resource exposure without constraints" classname="/vpc.tf.aws_iam_role_policy.flow_logs" file="/vpc.tf"/>
		<testcase name="[NONE][CKV_AWS_287] Ensure IAM policies does not allow credentials exposure" classname="/vpc.tf.aws_iam_role_policy.flow_logs" file="/vpc.tf"/>
		<testcase name="[NONE][CKV_AWS_286] Ensure IAM policies does not allow privilege escalation" classname="/vpc.tf.aws_iam_role_policy.flow_logs" file="/vpc.tf"/>
		<testcase name="[NONE][CKV_AWS_23] Ensure every security group and rule has a description" classname="/vpc.tf.aws_security_group.lambda_sg" file="/vpc.tf"/>
		<testcase name="[NONE][CKV_AWS_260] Ensure no security groups allow ingress from 0.0.0.0:0 to port 80" classname="/vpc.tf.aws_security_group.lambda_sg" file="/vpc.tf"/>
		<testcase name="[NONE][CKV_AWS_382] Ensure no security groups allow egress from 0.0.0.0:0 to port -1" classname="/vpc.tf.aws_security_group.lambda_sg" file="/vpc.tf"/>
		<testcase name="[NONE][CKV_AWS_277] Ensure no security groups allow ingress from 0.0.0.0:0 to port -1" classname="/vpc.tf.aws_security_group.lambda_sg" file="/vpc.tf"/>
		<testcase name="[NONE][CKV_AWS_25] Ensure no security groups allow ingress from 0.0.0.0:0 to port 3389" classname="/vpc.tf.aws_security_group.lambda_sg" file="/vpc.tf"/>
		<testcase name="[NONE][CKV_AWS_24] Ensure no security groups allow ingress from 0.0.0.0:0 to port 22" classname="/vpc.tf.aws_security_group.lambda_sg" file="/vpc.tf"/>
		<testcase name="[NONE][CKV_AWS_23] Ensure every security group and rule has a description" classname="/vpc.tf.aws_security_group.rds_sg" file="/vpc.tf"/>
		<testcase name="[NONE][CKV_AWS_260] Ensure no security groups allow ingress from 0.0.0.0:0 to port 80" classname="/vpc.tf.aws_security_group.rds_sg" file="/vpc.tf"/>
		<testcase name="[NONE][CKV_AWS_382] Ensure no security groups allow egress from 0.0.0.0:0 to port -1" classname="/vpc.tf.aws_security_group.rds_sg" file="/vpc.tf"/>
		<testcase name="[NONE][CKV_AWS_277] Ensure no security groups allow ingress from 0.0.0.0:0 to port -1" classname="/vpc.tf.aws_security_group.rds_sg" file="/vpc.tf"/>
		<testcase name="[NONE][CKV_AWS_25] Ensure no security groups allow ingress from 0.0.0.0:0 to port 3389" classname="/vpc.tf.aws_security_group.rds_sg" file="/vpc.tf"/>
		<testcase name="[NONE][CKV_AWS_24] Ensure no security groups allow ingress from 0.0.0.0:0 to port 22" classname="/vpc.tf.aws_security_group.rds_sg" file="/vpc.tf"/>
		<testcase name="[NONE][CKV2_AWS_42] Ensure AWS CloudFront distribution uses custom SSL certificate" classname="/frontend.tf.aws_cloudfront_distribution.frontend" file="/frontend.tf"/>
		<testcase name="[NONE][CKV2_AWS_38] Ensure Domain Name System Security Extensions (DNSSEC) signing is enabled for Amazon Route 53 public hosted zones" classname="/route53.tf.aws_route53_zone.main" file="/route53.tf"/>
		<testcase name="[NONE][CKV2_AWS_56] Ensure AWS Managed IAMFullAccess IAM policy is not used." classname="/am.tf.aws_iam_role.lambda_exec" file="/am.tf"/>
		<testcase name="[NONE][CKV2_AWS_56] Ensure AWS Managed IAMFullAccess IAM policy is not used." classname="/am.tf.aws_iam_role_policy_attachment.lambda_vpc_access" file="/am.tf"/>
		<testcase name="[NONE][CKV2_AWS_56] Ensure AWS Managed IAMFullAccess IAM policy is not used." classname="/async_orders.tf.aws_iam_role.step_functions_role" file="/async_orders.tf"/>
		<testcase name="[NONE][CKV2_AWS_56] Ensure AWS Managed IAMFullAccess IAM policy is not used." classname="/monitoring.tf.aws_iam_role.canary_role" file="/monitoring.tf"/>
		<testcase name="[NONE][CKV2_AWS_56] Ensure AWS Managed IAMFullAccess IAM policy is not used." classname="/rds.tf.aws_iam_role.rds_enhanced_monitoring" file="/rds.tf"/>
		<testcase name="[NONE][CKV2_AWS_56] Ensure AWS Managed IAMFullAccess IAM policy is not used." classname="/rds.tf.aws_iam_role_policy_attachment.rds_enhanced_monitoring" file="/rds.tf"/>
		<testcase name="[NONE][CKV2_AWS_56] Ensure AWS Managed IAMFullAccess IAM policy is not used." classname="/rds.tf.aws_iam_role.rds_proxy_role" file="/rds.tf"/>
		<testcase name="[NONE][CKV2_AWS_56] Ensure AWS Managed IAMFullAccess IAM policy is not used." classname="/s3_replication.tf.aws_iam_role.s3_replication" file="/s3_replication.tf"/>
		<testcase name="[NONE][CKV2_AWS_56] Ensure AWS Managed IAMFullAccess IAM policy is not used." classname="/security_secrets.tf.aws_iam_role.cloudtrail_cw_role" file="/security_secrets.tf"/>
		<testcase name="[NONE][CKV2_AWS_56] Ensure AWS Managed IAMFullAccess IAM policy is not used." classname="/vpc.tf.aws_iam_role.flow_logs" file="/vpc.tf"/>
		<testcase name="[NONE][CKV2_AWS_64] Ensure KMS key Policy is defined" classname="/route53.tf.aws_kms_key.dnssec" file="/route53.tf"/>
		<testcase name="[NONE][CKV2_AWS_64] Ensure KMS key Policy is defined" classname="/s3_replication.tf.aws_kms_key.replica" file="/s3_replication.tf"/>
		<testcase name="[NONE][CKV2_AWS_64] Ensure KMS key Policy is defined" classname="/security_secrets.tf.aws_kms_key.main" file="/security_secrets.tf"/>
		<testcase name="[NONE][CKV2_AWS_62] Ensure S3 buckets should have event notifications enabled" classname="/frontend.tf.aws_s3_bucket.frontend" file="/frontend.tf"/>
		<testcase name="[NONE][CKV2_AWS_62] Ensure S3 buckets should have event notifications enabled" classname="/frontend.tf.aws_s3_bucket.access_logs" file="/frontend.tf"/>
		<testcase name="[NONE][CKV2_AWS_62] Ensure S3 buckets should have event notifications enabled" classname="/monitoring.tf.aws_s3_bucket.canary_artifacts" file="/monitoring.tf"/>
		<testcase name="[NONE][CKV2_AWS_62] Ensure S3 buckets should have event notifications enabled" classname="/s3_replication.tf.aws_s3_bucket.replica[&quot;access_logs&quot;]" file="/s3_replication.tf"/>
		<testcase name="[NONE][CKV2_AWS_62] Ensure S3 buckets should have event notifications enabled" classname="/security_secrets.tf.aws_s3_bucket.cloudtrail_logs" file="/security_secrets.tf"/>
		<testcase name="[NONE][CKV2_AWS_62] Ensure S3 buckets should have event notifications enabled" classname="/s3_replication.tf.aws_s3_bucket.replica[&quot;canary_artifacts&quot;]" file="/s3_replication.tf"/>
		<testcase name="[NONE][CKV2_AWS_62] Ensure S3 buckets should have event notifications enabled" classname="/s3_replication.tf.aws_s3_bucket.replica[&quot;cloudtrail_logs&quot;]" file="/s3_replication.tf"/>
		<testcase name="[NONE][CKV2_AWS_62] Ensure S3 buckets should have event notifications enabled" classname="/s3_replication.tf.aws_s3_bucket.replica[&quot;frontend&quot;]" file="/s3_replication.tf"/>
		<testcase name="[NONE][CKV2_AWS_32] Ensure CloudFront distribution has a response headers policy attached" classname="/frontend.tf.aws_cloudfront_distribution.frontend" file="/frontend.tf"/>
		<testcase name="[NONE][CKV2_AWS_29] Ensure public API gateway are protected by WAF" classname="/api_gateway.tf.aws_api_gateway_stage.prod" file="/api_gateway.tf"/>
		<testcase name="[NONE][CKV2_AWS_39] Ensure Domain Name System (DNS) query logging is enabled for Amazon Route 53 hosted zones" classname="/route53.tf.aws_route53_zone.main" file="/route53.tf"/>
		<testcase name="[NONE][CKV2_AWS_54] Ensure AWS CloudFront distribution is using secure SSL protocols for HTTPS communication" classname="/frontend.tf.aws_cloudfront_distribution.frontend" file="/frontend.tf"/>
		<testcase name="[NONE][CKV2_AWS_4] Ensure API Gateway stage have logging level defined as appropriate" classname="/api_gateway.tf.aws_api_gateway_stage.prod" file="/api_gateway.tf"/>
		<testcase name="[NONE][CKV2_AWS_10] Ensure CloudTrail trails are integrated with CloudWatch Logs" classname="/security_secrets.tf.aws_cloudtrail.main" file="/security_secrets.tf"/>
		<testcase name="[NONE][CKV_AWS_144] Ensure that S3 bucket has cross-region replication enabled" classname="/frontend.tf.aws_s3_bucket.frontend" file="/frontend.tf"/>
		<testcase name="[NONE][CKV_AWS_144] Ensure that S3 bucket has cross-region replication enabled" classname="/s3_replication.tf.aws_s3_bucket.replica[&quot;frontend&quot;]" file="/s3_replication.tf"/>
		<testcase name="[NONE][CKV_AWS_144] Ensure that S3 bucket has cross-region replication enabled" classname="/frontend.tf.aws_s3_bucket.access_logs" file="/frontend.tf"/>
		<testcase name="[NONE][CKV_AWS_144] Ensure that S3 bucket has cross-region replication enabled" classname="/s3_replication.tf.aws_s3_bucket.replica[&quot;access_logs&quot;]" file="/s3_replication.tf"/>
		<testcase name="[NONE][CKV_AWS_144] Ensure that S3 bucket has cross-region replication enabled" classname="/monitoring.tf.aws_s3_bucket.canary_artifacts" file="/monitoring.tf"/>
		<testcase name="[NONE][CKV_AWS_144] Ensure that S3 bucket has cross-region replication enabled" classname="/s3_replication.tf.aws_s3_bucket.replica[&quot;canary_artifacts&quot;]" file="/s3_replication.tf"/>
		<testcase name="[NONE][CKV_AWS_144] Ensure that S3 bucket has cross-region replication enabled" classname="/security_secrets.tf.aws_s3_bucket.cloudtrail_logs" file="/security_secrets.tf"/>
		<testcase name="[NONE][CKV_AWS_144] Ensure that S3 bucket has cross-region replication enabled" classname="/s3_replication.tf.aws_s3_bucket.replica[&quot;cloudtrail_logs&quot;]" file="/s3_replication.tf"/>
		<testcase name="[NONE][CKV2_AWS_19] Ensure that all EIP addresses allocated to a VPC are attached to EC2 instances" classname="/vpc.tf.aws_eip.nat" file="/vpc.tf"/>
		<testcase name="[NONE][CKV2_AWS_23] Route53 A Record has Attached Resource" classname="/route53.tf.aws_route53_record.frontend_a" file="/route53.tf"/>
		<testcase name="[NONE][CKV2_AWS_75] Ensure no open CORS policy" classname="/async_orders.tf.aws_lambda_function.async[&quot;purchase_confirmation&quot;]" file="/async_orders.tf"/>
		<testcase name="[NONE][CKV2_AWS_75] Ensure no open CORS policy" classname="/lambdas_sync.tf.aws_lambda_function.sync[&quot;auth&quot;]" file="/lambdas_sync.tf"/>
		<testcase name="[NONE][CKV2_AWS_75] Ensure no open CORS policy" classname="/security_secrets.tf.aws_lambda_function.secret_rotation" file="/security_secrets.tf"/>
		<testcase name="[NONE][CKV2_AWS_75] Ensure no open CORS policy" classname="/async_orders.tf.aws_lambda_function.async[&quot;send_order_email&quot;]" file="/async_orders.tf"/>
		<testcase name="[NONE][CKV2_AWS_75] Ensure no open CORS policy" classname="/async_orders.tf.aws_lambda_function.async[&quot;stock_check&quot;]" file="/async_orders.tf"/>
		<testcase name="[NONE][CKV2_AWS_75] Ensure no open CORS policy" classname="/lambdas_sync.tf.aws_lambda_function.sync[&quot;catalogo&quot;]" file="/lambdas_sync.tf"/>
		<testcase name="[NONE][CKV2_AWS_75] Ensure no open CORS policy" classname="/lambdas_sync.tf.aws_lambda_function.sync[&quot;gastos&quot;]" file="/lambdas_sync.tf"/>
		<testcase name="[NONE][CKV2_AWS_75] Ensure no open CORS policy" classname="/lambdas_sync.tf.aws_lambda_function.sync[&quot;pedidos&quot;]" file="/lambdas_sync.tf"/>
		<testcase name="[NONE][CKV_AWS_18] Ensure the S3 bucket has access logging enabled" classname="/frontend.tf.aws_s3_bucket.frontend" file="/frontend.tf"/>
		<testcase name="[NONE][CKV_AWS_18] Ensure the S3 bucket has access logging enabled" classname="/frontend.tf.aws_s3_bucket.access_logs" file="/frontend.tf"/>
		<testcase name="[NONE][CKV_AWS_18] Ensure the S3 bucket has access logging enabled" classname="/monitoring.tf.aws_s3_bucket.canary_artifacts" file="/monitoring.tf"/>
		<testcase name="[NONE][CKV_AWS_18] Ensure the S3 bucket has access logging enabled" classname="/s3_replication.tf.aws_s3_bucket.replica_logs" file="/s3_replication.tf"/>
		<testcase name="[NONE][CKV_AWS_18] Ensure the S3 bucket has access logging enabled" classname="/s3_replication.tf.aws_s3_bucket.replica[&quot;access_logs&quot;]" file="/s3_replication.tf"/>
		<testcase name="[NONE][CKV_AWS_18] Ensure the S3 bucket has access logging enabled" classname="/security_secrets.tf.aws_s3_bucket.cloudtrail_logs" file="/security_secrets.tf"/>
		<testcase name="[NONE][CKV_AWS_18] Ensure the S3 bucket has access logging enabled" classname="/s3_replication.tf.aws_s3_bucket.replica[&quot;canary_artifacts&quot;]" file="/s3_replication.tf"/>
		<testcase name="[NONE][CKV_AWS_18] Ensure the S3 bucket has access logging enabled" classname="/s3_replication.tf.aws_s3_bucket.replica[&quot;cloudtrail_logs&quot;]" file="/s3_replication.tf"/>
		<testcase name="[NONE][CKV_AWS_18] Ensure the S3 bucket has access logging enabled" classname="/s3_replication.tf.aws_s3_bucket.replica[&quot;frontend&quot;]" file="/s3_replication.tf"/>
		<testcase name="[NONE][CKV2_AWS_71] Ensure AWS ACM Certificate domain name does not include wildcards" classname="/frontend.tf.aws_acm_certificate.main" file="/frontend.tf"/>
		<testcase name="[NONE][CKV2_AWS_12] Ensure the default security group of every VPC restricts all traffic" classname="/vpc.tf.aws_vpc.main" file="/vpc.tf"/>
		<testcase name="[NONE][CKV2_AWS_57] Ensure Secrets Manager secrets should have automatic rotation enabled" classname="/security_secrets.tf.aws_secretsmanager_secret.db_credentials" file="/security_secrets.tf"/>
		<testcase name="[NONE][CKV_AWS_57] S3 Bucket has an ACL defined which allows public WRITE access." classname="/frontend.tf.aws_s3_bucket.frontend" file="/frontend.tf"/>
		<testcase name="[NONE][CKV_AWS_57] S3 Bucket has an ACL defined which allows public WRITE access." classname="/frontend.tf.aws_s3_bucket.access_logs" file="/frontend.tf"/>
		<testcase name="[NONE][CKV_AWS_57] S3 Bucket has an ACL defined which allows public WRITE access." classname="/monitoring.tf.aws_s3_bucket.canary_artifacts" file="/monitoring.tf"/>
		<testcase name="[NONE][CKV_AWS_57] S3 Bucket has an ACL defined which allows public WRITE access." classname="/s3_replication.tf.aws_s3_bucket.replica[&quot;access_logs&quot;]" file="/s3_replication.tf"/>
		<testcase name="[NONE][CKV_AWS_57] S3 Bucket has an ACL defined which allows public WRITE access." classname="/s3_replication.tf.aws_s3_bucket.replica_logs" file="/s3_replication.tf"/>
		<testcase name="[NONE][CKV_AWS_57] S3 Bucket has an ACL defined which allows public WRITE access." classname="/security_secrets.tf.aws_s3_bucket.cloudtrail_logs" file="/security_secrets.tf"/>
		<testcase name="[NONE][CKV_AWS_57] S3 Bucket has an ACL defined which allows public WRITE access." classname="/s3_replication.tf.aws_s3_bucket.replica[&quot;canary_artifacts&quot;]" file="/s3_replication.tf"/>
		<testcase name="[NONE][CKV_AWS_57] S3 Bucket has an ACL defined which allows public WRITE access." classname="/s3_replication.tf.aws_s3_bucket.replica[&quot;cloudtrail_logs&quot;]" file="/s3_replication.tf"/>
		<testcase name="[NONE][CKV_AWS_57] S3 Bucket has an ACL defined which allows public WRITE access." classname="/s3_replication.tf.aws_s3_bucket.replica[&quot;frontend&quot;]" file="/s3_replication.tf"/>
		<testcase name="[NONE][CKV2_AWS_60] Ensure RDS instance with copy tags to snapshots is enabled" classname="/rds.tf.aws_db_instance.postgres" file="/rds.tf"/>
		<testcase name="[NONE][CKV2_AWS_72] Ensure AWS CloudFront origin protocol policy enforces HTTPS-only" classname="/frontend.tf.aws_cloudfront_distribution.frontend" file="/frontend.tf"/>
		<testcase name="[NONE][CKV_AWS_145] Ensure that S3 buckets are encrypted with KMS by default" classname="/frontend.tf.aws_s3_bucket.access_logs" file="/frontend.tf"/>
		<testcase name="[NONE][CKV_AWS_145] Ensure that S3 buckets are encrypted with KMS by default" classname="/frontend.tf.aws_s3_bucket.frontend" file="/frontend.tf"/>
		<testcase name="[NONE][CKV_AWS_145] Ensure that S3 buckets are encrypted with KMS by default" classname="/monitoring.tf.aws_s3_bucket.canary_artifacts" file="/monitoring.tf"/>
		<testcase name="[NONE][CKV_AWS_145] Ensure that S3 buckets are encrypted with KMS by default" classname="/s3_replication.tf.aws_s3_bucket.replica_logs" file="/s3_replication.tf"/>
		<testcase name="[NONE][CKV_AWS_145] Ensure that S3 buckets are encrypted with KMS by default" classname="/s3_replication.tf.aws_s3_bucket.replica[&quot;access_logs&quot;]" file="/s3_replication.tf"/>
		<testcase name="[NONE][CKV_AWS_145] Ensure that S3 buckets are encrypted with KMS by default" classname="/security_secrets.tf.aws_s3_bucket.cloudtrail_logs" file="/security_secrets.tf"/>
		<testcase name="[NONE][CKV_AWS_145] Ensure that S3 buckets are encrypted with KMS by default" classname="/s3_replication.tf.aws_s3_bucket.replica[&quot;canary_artifacts&quot;]" file="/s3_replication.tf"/>
		<testcase name="[NONE][CKV_AWS_145] Ensure that S3 buckets are encrypted with KMS by default" classname="/s3_replication.tf.aws_s3_bucket.replica[&quot;cloudtrail_logs&quot;]" file="/s3_replication.tf"/>
		<testcase name="[NONE][CKV_AWS_145] Ensure that S3 buckets are encrypted with KMS by default" classname="/s3_replication.tf.aws_s3_bucket.replica[&quot;frontend&quot;]" file="/s3_replication.tf"/>
		<testcase name="[NONE][CKV2_AWS_69] Ensure AWS RDS database instance configured with encryption in transit" classname="/rds.tf.aws_db_instance.postgres" file="/rds.tf"/>
		<testcase name="[NONE][CKV2_AWS_53] Ensure AWS API gateway request is validated" classname="/api_routes.tf.aws_api_gateway_method.any" file="/api_routes.tf"/>
		<testcase name="[NONE][CKV2_AWS_53] Ensure AWS API gateway request is validated" classname="/api_routes.tf.aws_api_gateway_method.cors" file="/api_routes.tf"/>
		<testcase name="[NONE][CKV2_AWS_51] Ensure AWS API Gateway endpoints uses client certificate authentication" classname="/api_gateway.tf.aws_api_gateway_stage.prod" file="/api_gateway.tf"/>
		<testcase name="[NONE][CKV2_AWS_30] Ensure Postgres RDS as aws_db_instance has Query Logging enabled" classname="/rds.tf.aws_db_instance.postgres" file="/rds.tf"/>
		<testcase name="[NONE][CKV2_AWS_5] Ensure that Security Groups are attached to another resource" classname="/vpc.tf.aws_security_group.lambda_sg" file="/vpc.tf"/>
		<testcase name="[NONE][CKV2_AWS_5] Ensure that Security Groups are attached to another resource" classname="/vpc.tf.aws_security_group.rds_sg" file="/vpc.tf"/>
		<testcase name="[NONE][CKV_AWS_21] Ensure all data stored in the S3 bucket have versioning enabled" classname="/frontend.tf.aws_s3_bucket.access_logs" file="/frontend.tf"/>
		<testcase name="[NONE][CKV_AWS_21] Ensure all data stored in the S3 bucket have versioning enabled" classname="/frontend.tf.aws_s3_bucket.frontend" file="/frontend.tf"/>
		<testcase name="[NONE][CKV_AWS_21] Ensure all data stored in the S3 bucket have versioning enabled" classname="/monitoring.tf.aws_s3_bucket.canary_artifacts" file="/monitoring.tf"/>
		<testcase name="[NONE][CKV_AWS_21] Ensure all data stored in the S3 bucket have versioning enabled" classname="/s3_replication.tf.aws_s3_bucket.replica_logs" file="/s3_replication.tf"/>
		<testcase name="[NONE][CKV_AWS_21] Ensure all data stored in the S3 bucket have versioning enabled" classname="/s3_replication.tf.aws_s3_bucket.replica[&quot;access_logs&quot;]" file="/s3_replication.tf"/>
		<testcase name="[NONE][CKV_AWS_21] Ensure all data stored in the S3 bucket have versioning enabled" classname="/security_secrets.tf.aws_s3_bucket.cloudtrail_logs" file="/security_secrets.tf"/>
		<testcase name="[NONE][CKV_AWS_21] Ensure all data stored in the S3 bucket have versioning enabled" classname="/s3_replication.tf.aws_s3_bucket.replica[&quot;canary_artifacts&quot;]" file="/s3_replication.tf"/>
		<testcase name="[NONE][CKV_AWS_21] Ensure all data stored in the S3 bucket have versioning enabled" classname="/s3_replication.tf.aws_s3_bucket.replica[&quot;cloudtrail_logs&quot;]" file="/s3_replication.tf"/>
		<testcase name="[NONE][CKV_AWS_21] Ensure all data stored in the S3 bucket have versioning enabled" classname="/s3_replication.tf.aws_s3_bucket.replica[&quot;frontend&quot;]" file="/s3_replication.tf"/>
		<testcase name="[NONE][CKV2_AWS_11] Ensure VPC flow logging is enabled in all VPCs" classname="/vpc.tf.aws_vpc.main" file="/vpc.tf"/>
		<testcase name="[NONE][CKV2_AWS_61] Ensure that an S3 bucket has a lifecycle configuration" classname="/frontend.tf.aws_s3_bucket.frontend" file="/frontend.tf"/>
		<testcase name="[NONE][CKV2_AWS_61] Ensure that an S3 bucket has a lifecycle configuration" classname="/frontend.tf.aws_s3_bucket.access_logs" file="/frontend.tf"/>
		<testcase name="[NONE][CKV2_AWS_61] Ensure that an S3 bucket has a lifecycle configuration" classname="/monitoring.tf.aws_s3_bucket.canary_artifacts" file="/monitoring.tf"/>
		<testcase name="[NONE][CKV2_AWS_61] Ensure that an S3 bucket has a lifecycle configuration" classname="/s3_replication.tf.aws_s3_bucket.replica_logs" file="/s3_replication.tf"/>
		<testcase name="[NONE][CKV2_AWS_61] Ensure that an S3 bucket has a lifecycle configuration" classname="/s3_replication.tf.aws_s3_bucket.replica[&quot;access_logs&quot;]" file="/s3_replication.tf"/>
		<testcase name="[NONE][CKV2_AWS_61] Ensure that an S3 bucket has a lifecycle configuration" classname="/security_secrets.tf.aws_s3_bucket.cloudtrail_logs" file="/security_secrets.tf"/>
		<testcase name="[NONE][CKV2_AWS_61] Ensure that an S3 bucket has a lifecycle configuration" classname="/s3_replication.tf.aws_s3_bucket.replica[&quot;canary_artifacts&quot;]" file="/s3_replication.tf"/>
		<testcase name="[NONE][CKV2_AWS_61] Ensure that an S3 bucket has a lifecycle configuration" classname="/s3_replication.tf.aws_s3_bucket.replica[&quot;cloudtrail_logs&quot;]" file="/s3_replication.tf"/>
		<testcase name="[NONE][CKV2_AWS_61] Ensure that an S3 bucket has a lifecycle configuration" classname="/s3_replication.tf.aws_s3_bucket.replica[&quot;frontend&quot;]" file="/s3_replication.tf"/>
		<testcase name="[NONE][CKV2_AWS_77] Ensure AWS API Gateway Rest API attached WAFv2 WebACL is configured with AMR for Log4j Vulnerability" classname="/api_gateway.tf.aws_api_gateway_stage.prod" file="/api_gateway.tf"/>
		<testcase name="[NONE][CKV2_AWS_40] Ensure AWS IAM policy does not allow full IAM privileges" classname="/am.tf.aws_iam_role_policy.lambda_basic" file="/am.tf"/>
		<testcase name="[NONE][CKV2_AWS_40] Ensure AWS IAM policy does not allow full IAM privileges" classname="/async_orders.tf.aws_iam_role_policy.step_functions_policy" file="/async_orders.tf"/>
		<testcase name="[NONE][CKV2_AWS_40] Ensure AWS IAM policy does not allow full IAM privileges" classname="/rds.tf.aws_iam_role_policy.rds_proxy_secret_access" file="/rds.tf"/>
		<testcase name="[NONE][CKV2_AWS_40] Ensure AWS IAM policy does not allow full IAM privileges" classname="/security_secrets.tf.aws_iam_role_policy.cloudtrail_cw_policy" file="/security_secrets.tf"/>
		<testcase name="[NONE][CKV2_AWS_40] Ensure AWS IAM policy does not allow full IAM privileges" classname="/vpc.tf.aws_iam_role_policy.flow_logs" file="/vpc.tf"/>
		<testcase name="[NONE][CKV2_AWS_6] Ensure that S3 bucket has a Public Access block" classname="/frontend.tf.aws_s3_bucket.frontend" file="/frontend.tf"/>
		<testcase name="[NONE][CKV2_AWS_6] Ensure that S3 bucket has a Public Access block" classname="/frontend.tf.aws_s3_bucket.access_logs" file="/frontend.tf"/>
		<testcase name="[NONE][CKV2_AWS_6] Ensure that S3 bucket has a Public Access block" classname="/monitoring.tf.aws_s3_bucket.canary_artifacts" file="/monitoring.tf"/>
		<testcase name="[NONE][CKV2_AWS_6] Ensure that S3 bucket has a Public Access block" classname="/s3_replication.tf.aws_s3_bucket.replica_logs" file="/s3_replication.tf"/>
		<testcase name="[NONE][CKV2_AWS_6] Ensure that S3 bucket has a Public Access block" classname="/s3_replication.tf.aws_s3_bucket.replica[&quot;access_logs&quot;]" file="/s3_replication.tf"/>
		<testcase name="[NONE][CKV2_AWS_6] Ensure that S3 bucket has a Public Access block" classname="/security_secrets.tf.aws_s3_bucket.cloudtrail_logs" file="/security_secrets.tf"/>
		<testcase name="[NONE][CKV2_AWS_6] Ensure that S3 bucket has a Public Access block" classname="/s3_replication.tf.aws_s3_bucket.replica[&quot;canary_artifacts&quot;]" file="/s3_replication.tf"/>
		<testcase name="[NONE][CKV2_AWS_6] Ensure that S3 bucket has a Public Access block" classname="/s3_replication.tf.aws_s3_bucket.replica[&quot;cloudtrail_logs&quot;]" file="/s3_replication.tf"/>
		<testcase name="[NONE][CKV2_AWS_6] Ensure that S3 bucket has a Public Access block" classname="/s3_replication.tf.aws_s3_bucket.replica[&quot;frontend&quot;]" file="/s3_replication.tf"/>
		<testcase name="[NONE][CKV2_AWS_31] Ensure WAF2 has a Logging Configuration" classname="/api_gateway.tf.aws_wafv2_web_acl.api_gateway" file="/api_gateway.tf"/>
		<testcase name="[NONE][CKV2_AWS_31] Ensure WAF2 has a Logging Configuration" classname="/security_waf.tf.aws_wafv2_web_acl.main" file="/security_waf.tf"/>
		<testcase name="[NONE][CKV_AWS_20] S3 Bucket has an ACL defined which allows public READ access." classname="/frontend.tf.aws_s3_bucket.frontend" file="/frontend.tf"/>
		<testcase name="[NONE][CKV_AWS_20] S3 Bucket has an ACL defined which allows public READ access." classname="/frontend.tf.aws_s3_bucket.access_logs" file="/frontend.tf"/>
		<testcase name="[NONE][CKV_AWS_20] S3 Bucket has an ACL defined which allows public READ access." classname="/monitoring.tf.aws_s3_bucket.canary_artifacts" file="/monitoring.tf"/>
		<testcase name="[NONE][CKV_AWS_20] S3 Bucket has an ACL defined which allows public READ access." classname="/s3_replication.tf.aws_s3_bucket.replica[&quot;access_logs&quot;]" file="/s3_replication.tf"/>
		<testcase name="[NONE][CKV_AWS_20] S3 Bucket has an ACL defined which allows public READ access." classname="/s3_replication.tf.aws_s3_bucket.replica_logs" file="/s3_replication.tf"/>
		<testcase name="[NONE][CKV_AWS_20] S3 Bucket has an ACL defined which allows public READ access." classname="/security_secrets.tf.aws_s3_bucket.cloudtrail_logs" file="/security_secrets.tf"/>
		<testcase name="[NONE][CKV_AWS_20] S3 Bucket has an ACL defined which allows public READ access." classname="/s3_replication.tf.aws_s3_bucket.replica[&quot;canary_artifacts&quot;]" file="/s3_replication.tf"/>
		<testcase name="[NONE][CKV_AWS_20] S3 Bucket has an ACL defined which allows public READ access." classname="/s3_replication.tf.aws_s3_bucket.replica[&quot;cloudtrail_logs&quot;]" file="/s3_replication.tf"/>
		<testcase name="[NONE][CKV_AWS_20] S3 Bucket has an ACL defined which allows public READ access." classname="/s3_replication.tf.aws_s3_bucket.replica[&quot;frontend&quot;]" file="/s3_replication.tf"/>
		<testcase name="[NONE][CKV2_AWS_46] Ensure AWS CloudFront Distribution with S3 have Origin Access set to enabled" classname="/frontend.tf.aws_cloudfront_distribution.frontend" file="/frontend.tf"/>
		<testcase name="[NONE][CKV_AWS_19] Ensure all data stored in the S3 bucket is securely encrypted at rest" classname="/frontend.tf.aws_s3_bucket.access_logs" file="/frontend.tf"/>
		<testcase name="[NONE][CKV_AWS_19] Ensure all data stored in the S3 bucket is securely encrypted at rest" classname="/frontend.tf.aws_s3_bucket.frontend" file="/frontend.tf"/>
		<testcase name="[NONE][CKV_AWS_19] Ensure all data stored in the S3 bucket is securely encrypted at rest" classname="/monitoring.tf.aws_s3_bucket.canary_artifacts" file="/monitoring.tf"/>
		<testcase name="[NONE][CKV_AWS_19] Ensure all data stored in the S3 bucket is securely encrypted at rest" classname="/s3_replication.tf.aws_s3_bucket.replica_logs" file="/s3_replication.tf"/>
		<testcase name="[NONE][CKV_AWS_19] Ensure all data stored in the S3 bucket is securely encrypted at rest" classname="/s3_replication.tf.aws_s3_bucket.replica[&quot;access_logs&quot;]" file="/s3_replication.tf"/>
		<testcase name="[NONE][CKV_AWS_19] Ensure all data stored in the S3 bucket is securely encrypted at rest" classname="/security_secrets.tf.aws_s3_bucket.cloudtrail_logs" file="/security_secrets.tf"/>
		<testcase name="[NONE][CKV_AWS_19] Ensure all data stored in the S3 bucket is securely encrypted at rest" classname="/s3_replication.tf.aws_s3_bucket.replica[&quot;canary_artifacts&quot;]" file="/s3_replication.tf"/>
		<testcase name="[NONE][CKV_AWS_19] Ensure all data stored in the S3 bucket is securely encrypted at rest" classname="/s3_replication.tf.aws_s3_bucket.replica[&quot;cloudtrail_logs&quot;]" file="/s3_replication.tf"/>
		<testcase name="[NONE][CKV_AWS_19] Ensure all data stored in the S3 bucket is securely encrypted at rest" classname="/s3_replication.tf.aws_s3_bucket.replica[&quot;frontend&quot;]" file="/s3_replication.tf"/>
		<testcase name="[NONE][CKV_AWS_174] Verify CloudFront Distribution Viewer Certificate is using TLS v1.2 or higher" classname="/frontend.tf.aws_cloudfront_distribution.frontend" file="/frontend.tf">
			<skipped type="skipped" message=" con dominio personalizado el viewer_certificate usa TLSv1.2_2021; en modo lab (cloudfront_default_certificate) AWS fuerza TLSv1 y no permite subir minimum_protocol_version."/>
		</testcase>
		<testcase name="[NONE][CKV2_AWS_62] Ensure S3 buckets should have event notifications enabled" classname="/s3_replication.tf.aws_s3_bucket.replica_logs" file="/s3_replication.tf">
			<skipped type="skipped" message="Sumidero de access logs; no requiere notificaciones de eventos."/>
		</testcase>
		<testcase name="[NONE][CKV_AWS_144] Ensure that S3 bucket has cross-region replication enabled" classname="/s3_replication.tf.aws_s3_bucket.replica_logs" file="/s3_replication.tf">
			<skipped type="skipped" message="Bucket de logs de la región DR; no necesita re-replicarse."/>
		</testcase>
		<testcase name="[NONE][CKV2_AWS_47] Ensure AWS CloudFront attached WAFv2 WebACL is configured with AMR for Log4j Vulnerability" classname="/frontend.tf.aws_cloudfront_distribution.frontend" file="/frontend.tf">
			<skipped type="skipped" message=" aws_wafv2_web_acl.main (security_waf.tf) incluye AWSManagedRulesKnownBadInputsRuleSet con override_action=none; Checkov no resuelve la referencia cross-file."/>
		</testcase>
	</testsuite>
</testsuites>
